MPASM 5.84                   DORDUNCUPRJ.ASM   11-8-2021  23:33:52         PAGE  1


LOC  OBJECT CODE     LINE SOURCE TEXT
  VALUE

                      00001 #include    <p16f877a.inc>
                      00001         LIST
                      00002 
                      00003 ;==========================================================================
                      00004 ; Build date : Mar 17 2019
                      00005 ;  MPASM PIC16F877A processor include
                      00006 ; 
                      00007 ;  (c) Copyright 1999-2019 Microchip Technology, All rights reserved
                      00008 ;==========================================================================
                      00009 
                      00567         LIST
                      00002     
                      00003 ;00 DAN BASLAYIP Ç?FTER Ç?FTER SAYAN 2X7 D?SPLAY            
  00000020            00004 D1              EQU         0x20
  00000021            00005 D2              EQU         0x21
  00000022            00006 D3              EQU         0x22
                      00007             
  00000023            00008 BIRLER          EQU         0x23
  00000024            00009 ONLAR           EQU         0x24
  00000025            00010 SAYAC_BIRLER    EQU         0x25
  00000026            00011 SAYAC_ONLAR     EQU         0x26            
                      00012 ;*********************************************************************************************      
                      00013             ORG     0x000
                      00014     
0000   0000           00015             nop
                      00016     
0001   2???           00017             GOTO    BASLA
                      00018 ;*********************************************************************************************
0002                  00019 GECIKME
0002   30FF           00020         MOVLW   0xFF
0003   00A1           00021         MOVWF   D2
                      00022             
0004   30FF           00023 LOOP2   MOVLW   0xFF
0005   00A0           00024         MOVWF   D1
                      00025         
0006   0BA0           00026 LOOP1   DECFSZ  D1,F
0007   2???           00027         GOTO    LOOP1
                      00028         
0008   0BA1           00029         DECFSZ  D2,F
0009   2???           00030         GOTO    LOOP2
000A   0008           00031         RETURN
                      00032 ;*********************************************************************************************
000B                  00033 RAKAMLAR_CIFT
000B   0782           00034         ADDWF   PCL,F
000C   343F           00035         RETLW   b'00111111' ;0
000D   345B           00036         RETLW   b'01011011' ;2
000E   3466           00037         RETLW   b'01100110' ;4
000F   347D           00038         RETLW   b'01111101' ;6       
0010   347F           00039         RETLW   b'01111111' ;8
                      00040 ;*********************************************************************************************
0011                  00041 RAKAMLAR
0011   0782           00042         ADDWF   PCL,F
0012   343F           00043         RETLW   b'00111111' ;0
MPASM 5.84                   DORDUNCUPRJ.ASM   11-8-2021  23:33:52         PAGE  2


LOC  OBJECT CODE     LINE SOURCE TEXT
  VALUE

0013   3406           00044         RETLW   b'00000110' ;1
0014   345B           00045         RETLW   b'01011011' ;2
0015   344F           00046         RETLW   b'01001111' ;3 
0016   3466           00047         RETLW   b'01100110' ;4
0017   346D           00048         RETLW   b'01101101' ;5
0018   347D           00049         RETLW   b'01111101' ;6
0019   3407           00050         RETLW   b'00000111' ;7 
001A   347F           00051         RETLW   b'01111111' ;8
001B   346F           00052         RETLW   b'01101111' ;9  
                      00053 ;*********************************************************************************************          
001C                  00054 BASLA   
                      00055         ;PORTA AYARLA
001C   1283 1303      00056         BANKSEL PORTA
001E   0185           00057         CLRF    PORTA
                      00058         
001F   1683 1303      00059         BANKSEL TRISA
0021   3006           00060         MOVLW   0x06
Message[302]: Register in operand not in bank 0.  Ensure that bank bits are correct.
0022   009F           00061         MOVWF   ADCON1
                      00062         
0023   303C           00063         MOVLW   b'00111100'
Message[302]: Register in operand not in bank 0.  Ensure that bank bits are correct.
0024   0085           00064         MOVWF   TRISA
                      00065         
                      00066         ;PORTB AYARLA
                      00067         
0025   1683 1303      00068         BANKSEL TRISB
Message[302]: Register in operand not in bank 0.  Ensure that bank bits are correct.
0027   0186           00069         CLRF    TRISB
                      00070         
0028   1283 1303      00071         BANKSEL PORTB
002A   0186           00072         CLRF    PORTB
                      00073         
                      00074         ;SAYACLARI AYARLA
                      00075         
002B   3000           00076         MOVLW   0x00
002C   00A3           00077         MOVWF   BIRLER
                      00078         
002D   3004           00079         MOVLW   0x04
002E   00A5           00080         MOVWF   SAYAC_BIRLER
                      00081         
002F   3000           00082         MOVLW   0x00
0030   00A4           00083         MOVWF   ONLAR
                      00084         
0031   300A           00085         MOVLW   0x0A
0032   00A6           00086         MOVWF   SAYAC_ONLAR
                      00087         
                      00088         ;BIRLER BASAMAGINI ARTTIR
                      00089         
0033   3009           00090 DONGU1  MOVLW   b'00001001'
0034   0085           00091         MOVWF   PORTA
0035   0AA3           00092         INCF    BIRLER,F
0036   0823           00093         MOVF    BIRLER,W
MPASM 5.84                   DORDUNCUPRJ.ASM   11-8-2021  23:33:52         PAGE  3


LOC  OBJECT CODE     LINE SOURCE TEXT
  VALUE

0037   2???           00094         CALL    RAKAMLAR_CIFT
0038   0086           00095         MOVWF   PORTB
0039   2???           00096         CALL    GECIKME
                      00097         
003A   300A           00098         MOVLW   b'00001010'
003B   0085           00099         MOVWF   PORTA
003C   0824           00100         MOVF    ONLAR,W
003D   2???           00101         CALL    RAKAMLAR
003E   0086           00102         MOVWF   PORTB
003F   2???           00103         CALL    GECIKME
Message[305]: Using default destination of 1 (file).
0040   0BA5           00104         DECFSZ  SAYAC_BIRLER
0041   2???           00105         CALL    DONGU1
                      00106         
                      00107         ;BIRLER VE SAYAC_BIRLER' ? ESK? HAL?NE GET?R
                      00108         
0042   3000           00109         MOVLW   0x00
0043   00A3           00110         MOVWF   BIRLER
                      00111         
0044   3004           00112         MOVLW   0x04
0045   00A5           00113         MOVWF   SAYAC_BIRLER
                      00114         
                      00115         ;ONLAR BASAMAGINI ARTTIR
                      00116         
0046   3006           00117 DONGU2  MOVLW   b'00000110'
0047   0085           00118         MOVWF   PORTA
0048   0AA4           00119         INCF    ONLAR,F
0049   0824           00120         MOVF    ONLAR,W
004A   2???           00121         CALL    RAKAMLAR
004B   0086           00122         MOVWF   PORTB
004C   2???           00123         CALL    GECIKME
Message[305]: Using default destination of 1 (file).
004D   0BA6           00124         DECFSZ  SAYAC_ONLAR
004E   2???           00125         CALL    DONGU1
                      00126         
                      00127         ;DEG?SKENLER? ESK? HAL?NE GET?R
                      00128         
004F   3000           00129         MOVLW   0x00
0050   00A3           00130         MOVWF   BIRLER
                      00131         
0051   3004           00132         MOVLW   0x04
0052   00A5           00133         MOVWF   SAYAC_BIRLER
                      00134         
0053   3000           00135         MOVLW   0x00
0054   00A4           00136         MOVWF   ONLAR
                      00137         
0055   300A           00138         MOVLW   0x0A
0056   00A6           00139         MOVWF   SAYAC_ONLAR
0057   2???           00140         CALL    DONGU1
                      00141         END
MPASM 5.84                   DORDUNCUPRJ.ASM   11-8-2021  23:33:52         PAGE  4


SYMBOL TABLE
  LABEL                             VALUE 

ACKDT                             00000005
ACKEN                             00000004
ACKSTAT                           00000006
ADCON0                            0000001F
ADCON1                            0000009F
ADCS0                             00000006
ADCS1                             00000007
ADCS2                             00000006
ADDEN                             00000003
ADFM                              00000007
ADIE                              00000006
ADIF                              00000006
ADON                              00000000
ADRESH                            0000001E
ADRESL                            0000009E
BASLA                             0000001C
BCLIE                             00000003
BCLIF                             00000003
BF                                00000000
BIRLER                            00000023
BRGH                              00000002
C                                 00000000
C1INV                             00000004
C1OUT                             00000006
C2INV                             00000005
C2OUT                             00000007
CCP1CON                           00000017
CCP1IE                            00000002
CCP1IF                            00000002
CCP1M0                            00000000
CCP1M1                            00000001
CCP1M2                            00000002
CCP1M3                            00000003
CCP1X                             00000005
CCP1Y                             00000004
CCP2CON                           0000001D
CCP2IE                            00000000
CCP2IF                            00000000
CCP2M0                            00000000
CCP2M1                            00000001
CCP2M2                            00000002
CCP2M3                            00000003
CCP2X                             00000005
CCP2Y                             00000004
CCPR1                             00000015
CCPR1H                            00000016
CCPR1L                            00000015
CCPR2                             0000001B
CCPR2H                            0000001C
CCPR2L                            0000001B
CHS0                              00000003
CHS1                              00000004
CHS2                              00000005
MPASM 5.84                   DORDUNCUPRJ.ASM   11-8-2021  23:33:52         PAGE  5


SYMBOL TABLE
  LABEL                             VALUE 

CIS                               00000003
CKE                               00000006
CKP                               00000004
CM0                               00000000
CM1                               00000001
CM2                               00000002
CMCON                             0000009C
CMIE                              00000006
CMIF                              00000006
CREN                              00000004
CSRC                              00000007
CVR0                              00000000
CVR1                              00000001
CVR2                              00000002
CVR3                              00000003
CVRCON                            0000009D
CVREN                             00000007
CVROE                             00000006
CVRR                              00000005
D                                 00000005
D1                                00000020
D2                                00000021
D3                                00000022
DATA_ADDRESS                      00000005
DC                                00000001
DONGU1                            00000033
DONGU2                            00000046
D_A                               00000005
D_NOT_A                           00000005
EEADR                             0000010D
EEADRH                            0000010F
EECON1                            0000018C
EECON2                            0000018D
EEDATA                            0000010C
EEDATH                            0000010E
EEIE                              00000004
EEIF                              00000004
EEPGD                             00000007
F                                 00000001
FERR                              00000002
FSR                               00000004
GCEN                              00000007
GECIKME                           00000002
GIE                               00000007
GO                                00000002
GO_DONE                           00000002
GO_NOT_DONE                       00000002
I2C_DATA                          00000005
I2C_READ                          00000002
I2C_START                         00000003
I2C_STOP                          00000004
IBF                               00000007
IBOV                              00000005
MPASM 5.84                   DORDUNCUPRJ.ASM   11-8-2021  23:33:52         PAGE  6


SYMBOL TABLE
  LABEL                             VALUE 

INDF                              00000000
INTCON                            0000000B
INTE                              00000004
INTEDG                            00000006
INTF                              00000001
IRP                               00000007
LOOP1                             00000006
LOOP2                             00000004
NOT_A                             00000005
NOT_ADDRESS                       00000005
NOT_BO                            00000000
NOT_BOR                           00000000
NOT_DONE                          00000002
NOT_PD                            00000003
NOT_POR                           00000001
NOT_RBPU                          00000007
NOT_RC8                           00000006
NOT_T1SYNC                        00000002
NOT_TO                            00000004
NOT_TX8                           00000006
NOT_W                             00000002
NOT_WRITE                         00000002
OBF                               00000006
OERR                              00000001
ONLAR                             00000024
OPTION_REG                        00000081
P                                 00000004
PCFG0                             00000000
PCFG1                             00000001
PCFG2                             00000002
PCFG3                             00000003
PCL                               00000002
PCLATH                            0000000A
PCON                              0000008E
PEIE                              00000006
PEN                               00000002
PIE1                              0000008C
PIE2                              0000008D
PIR1                              0000000C
PIR2                              0000000D
PORTA                             00000005
PORTB                             00000006
PORTC                             00000007
PORTD                             00000008
PORTE                             00000009
PR2                               00000092
PS0                               00000000
PS1                               00000001
PS2                               00000002
PSA                               00000003
PSPIE                             00000007
PSPIF                             00000007
PSPMODE                           00000004
MPASM 5.84                   DORDUNCUPRJ.ASM   11-8-2021  23:33:52         PAGE  7


SYMBOL TABLE
  LABEL                             VALUE 

R                                 00000002
RA0                               00000000
RA1                               00000001
RA2                               00000002
RA3                               00000003
RA4                               00000004
RA5                               00000005
RAKAMLAR                          00000011
RAKAMLAR_CIFT                     0000000B
RB0                               00000000
RB1                               00000001
RB2                               00000002
RB3                               00000003
RB4                               00000004
RB5                               00000005
RB6                               00000006
RB7                               00000007
RBIE                              00000003
RBIF                              00000000
RC0                               00000000
RC1                               00000001
RC2                               00000002
RC3                               00000003
RC4                               00000004
RC5                               00000005
RC6                               00000006
RC7                               00000007
RC8_9                             00000006
RC9                               00000006
RCD8                              00000000
RCEN                              00000003
RCIE                              00000005
RCIF                              00000005
RCREG                             0000001A
RCSTA                             00000018
RD                                00000000
RD0                               00000000
RD1                               00000001
RD2                               00000002
RD3                               00000003
RD4                               00000004
RD5                               00000005
RD6                               00000006
RD7                               00000007
RE0                               00000000
RE1                               00000001
RE2                               00000002
READ_WRITE                        00000002
RP0                               00000005
RP1                               00000006
RSEN                              00000001
RX9                               00000006
RX9D                              00000000
MPASM 5.84                   DORDUNCUPRJ.ASM   11-8-2021  23:33:52         PAGE  8


SYMBOL TABLE
  LABEL                             VALUE 

R_NOT_W                           00000002
R_W                               00000002
S                                 00000003
SAYAC_BIRLER                      00000025
SAYAC_ONLAR                       00000026
SEN                               00000000
SMP                               00000007
SPBRG                             00000099
SPEN                              00000007
SREN                              00000005
SSPADD                            00000093
SSPBUF                            00000013
SSPCON                            00000014
SSPCON2                           00000091
SSPEN                             00000005
SSPIE                             00000003
SSPIF                             00000003
SSPM0                             00000000
SSPM1                             00000001
SSPM2                             00000002
SSPM3                             00000003
SSPOV                             00000006
SSPSTAT                           00000094
STATUS                            00000003
SYNC                              00000004
T0CS                              00000005
T0IE                              00000005
T0IF                              00000002
T0SE                              00000004
T1CKPS0                           00000004
T1CKPS1                           00000005
T1CON                             00000010
T1INSYNC                          00000002
T1OSCEN                           00000003
T1SYNC                            00000002
T2CKPS0                           00000000
T2CKPS1                           00000001
T2CON                             00000012
TMR0                              00000001
TMR0IE                            00000005
TMR0IF                            00000002
TMR1                              0000000E
TMR1CS                            00000001
TMR1H                             0000000F
TMR1IE                            00000000
TMR1IF                            00000000
TMR1L                             0000000E
TMR1ON                            00000000
TMR2                              00000011
TMR2IE                            00000001
TMR2IF                            00000001
TMR2ON                            00000002
TOUTPS0                           00000003
MPASM 5.84                   DORDUNCUPRJ.ASM   11-8-2021  23:33:52         PAGE  9


SYMBOL TABLE
  LABEL                             VALUE 

TOUTPS1                           00000004
TOUTPS2                           00000005
TOUTPS3                           00000006
TRISA                             00000085
TRISA0                            00000000
TRISA1                            00000001
TRISA2                            00000002
TRISA3                            00000003
TRISA4                            00000004
TRISA5                            00000005
TRISB                             00000086
TRISB0                            00000000
TRISB1                            00000001
TRISB2                            00000002
TRISB3                            00000003
TRISB4                            00000004
TRISB5                            00000005
TRISB6                            00000006
TRISB7                            00000007
TRISC                             00000087
TRISC0                            00000000
TRISC1                            00000001
TRISC2                            00000002
TRISC3                            00000003
TRISC4                            00000004
TRISC5                            00000005
TRISC6                            00000006
TRISC7                            00000007
TRISD                             00000088
TRISD0                            00000000
TRISD1                            00000001
TRISD2                            00000002
TRISD3                            00000003
TRISD4                            00000004
TRISD5                            00000005
TRISD6                            00000006
TRISD7                            00000007
TRISE                             00000089
TRISE0                            00000000
TRISE1                            00000001
TRISE2                            00000002
TRMT                              00000001
TX8_9                             00000006
TX9                               00000006
TX9D                              00000000
TXD8                              00000000
TXEN                              00000005
TXIE                              00000004
TXIF                              00000004
TXREG                             00000019
TXSTA                             00000098
UA                                00000001
W                                 00000000
MPASM 5.84                   DORDUNCUPRJ.ASM   11-8-2021  23:33:52         PAGE 10


SYMBOL TABLE
  LABEL                             VALUE 

WCOL                              00000007
WR                                00000001
WREN                              00000002
WRERR                             00000003
Z                                 00000002
_BODEN_OFF                        00003FBF
_BODEN_ON                         00003FFF
_BOREN_OFF                        00003FBF
_BOREN_ON                         00003FFF
_CONFIG                           00002007
_CPD_OFF                          00003FFF
_CPD_ON                           00003EFF
_CP_ALL                           00001FFF
_CP_OFF                           00003FFF
_CP_ON                            00001FFF
_DEBUG_OFF                        00003FFF
_DEBUG_ON                         000037FF
_DEVID1                           00002006
_FOSC_EXTRC                       00003FFF
_FOSC_HS                          00003FFE
_FOSC_LP                          00003FFC
_FOSC_XT                          00003FFD
_HS_OSC                           00003FFE
_IDLOC0                           00002000
_IDLOC1                           00002001
_IDLOC2                           00002002
_IDLOC3                           00002003
_LP_OSC                           00003FFC
_LVP_OFF                          00003F7F
_LVP_ON                           00003FFF
_PWRTE_OFF                        00003FFF
_PWRTE_ON                         00003FF7
_RC_OSC                           00003FFF
_WDTE_OFF                         00003FFB
_WDTE_ON                          00003FFF
_WDT_OFF                          00003FFB
_WDT_ON                           00003FFF
_WRT_1FOURTH                      00003BFF
_WRT_256                          00003DFF
_WRT_HALF                         000039FF
_WRT_OFF                          00003FFF
_XT_OSC                           00003FFD
__16F877A                         00000001

Errors   :     0
Warnings :     0 reported,     0 suppressed
Messages :     5 reported,     0 suppressed

