MPASM 5.84                    BESINCIPRJ.ASM   11-9-2021  12:35:53         PAGE  1


LOC  OBJECT CODE     LINE SOURCE TEXT
  VALUE

                      00001 #include    <p16f877a.inc>
                      00001         LIST
                      00002 
                      00003 ;==========================================================================
                      00004 ; Build date : Mar 17 2019
                      00005 ;  MPASM PIC16F877A processor include
                      00006 ; 
                      00007 ;  (c) Copyright 1999-2019 Microchip Technology, All rights reserved
                      00008 ;==========================================================================
                      00009 
                      00567         LIST
                      00002     
                      00003 ;BUTONA HER BASILDI?INDA 00' I 1 ARTTIRMA        
  00000020            00004 D1          EQU         0x20
  00000021            00005 D2          EQU         0x21
  00000023            00006 D3          EQU         0x23
                      00007             
  00000024            00008 BIRLER      EQU         0x24
  00000025            00009 ONLAR       EQU         0x25
                      00010             
                      00011 ;******************************************************************************     
                      00012         ORG   0x000
                      00013                 
0000   0000           00014         nop
                      00015             
0001   2???           00016         GOTO    BASLA
                      00017 ;******************************************************************************
0002                  00018 GECIKME
0002   30CC           00019         MOVLW   0xCC
0003   00A0           00020         MOVWF   D1
                      00021         
0004   0BA0           00022 LOOP    DECFSZ  D1,F
0005   2???           00023         GOTO    LOOP
0006   0008           00024         RETURN
                      00025 ;****************************************************************************** 
0007                  00026 RAKAMLAR
0007   0782           00027         ADDWF   PCL,F
0008   343F           00028         RETLW   b'00111111' ;0
0009   3406           00029         RETLW   b'00000110' ;1
000A   345B           00030         RETLW   b'01011011' ;2
000B   344F           00031         RETLW   b'01001111' ;3 
000C   3466           00032         RETLW   b'01100110' ;4
000D   346D           00033         RETLW   b'01101101' ;5
000E   347D           00034         RETLW   b'01111101' ;6
000F   3407           00035         RETLW   b'00000111' ;7 
0010   347F           00036         RETLW   b'01111111' ;8
0011   346F           00037         RETLW   b'01101111' ;9          
                      00038 ;******************************************************************************
0012                  00039 ARTTIR
0012   3005           00040         MOVLW   b'00000101'
0013   0085           00041         MOVWF   PORTA
0014   0AA4           00042         INCF    BIRLER,F
0015   0824           00043         MOVF    BIRLER,W
MPASM 5.84                    BESINCIPRJ.ASM   11-9-2021  12:35:53         PAGE  2


LOC  OBJECT CODE     LINE SOURCE TEXT
  VALUE

0016   2???           00044         CALL    RAKAMLAR
0017   0086           00045         MOVWF   PORTB
0018   2???           00046         CALL    GECIKME
0019   0008           00047         RETURN
                      00048 ;****************************************************************************** 
001A                  00049 BASLA
                      00050         ;PORTA AYARLA
001A   1283 1303      00051         BANKSEL PORTA
001C   0185           00052         CLRF    PORTA
                      00053         
001D   1683 1303      00054         BANKSEL TRISA
001F   3006           00055         MOVLW   0x06
Message[302]: Register in operand not in bank 0.  Ensure that bank bits are correct.
0020   009F           00056         MOVWF   ADCON1
                      00057         
0021   3004           00058         MOVLW   b'00000100'
Message[302]: Register in operand not in bank 0.  Ensure that bank bits are correct.
0022   0085           00059         MOVWF   TRISA
                      00060         
                      00061         ;PORTB AYARLA
                      00062         
0023   1683 1303      00063         BANKSEL TRISB
Message[302]: Register in operand not in bank 0.  Ensure that bank bits are correct.
0025   0186           00064         CLRF    TRISB
                      00065         
0026   1283 1303      00066         BANKSEL PORTB
0028   0186           00067         CLRF    PORTB
                      00068         
                      00069         ;DEG?SKENLER? AYARLA
                      00070         
0029   3000           00071         MOVLW   0x00
002A   00A4           00072         MOVWF   BIRLER
                      00073         
002B   3000           00074         MOVLW   0x00
002C   00A5           00075         MOVWF   ONLAR
                      00076         
                      00077         
002D   3005           00078 DONGU   MOVLW   b'00000101'
002E   0085           00079         MOVWF   PORTA
002F   0824           00080         MOVF    BIRLER,W
0030   2???           00081         CALL    RAKAMLAR
0031   0086           00082         MOVWF   PORTB
0032   2???           00083         CALL    GECIKME
                      00084         
0033   3006           00085         MOVLW   b'00000110'
0034   0085           00086         MOVWF   PORTA
0035   0825           00087         MOVF    ONLAR,W
0036   2???           00088         CALL    RAKAMLAR
0037   0086           00089         MOVWF   PORTB
0038   2???           00090         CALL    GECIKME
0039   2???           00091         CALL    DONGU
                      00092         
003A   1905           00093 KONTROL BTFSC   PORTA,2
MPASM 5.84                    BESINCIPRJ.ASM   11-9-2021  12:35:53         PAGE  3


LOC  OBJECT CODE     LINE SOURCE TEXT
  VALUE

003B   2???           00094         CALL    ARTTIR
003C   2???           00095         CALL    GECIKME
003D   2???           00096         CALL    GECIKME
003E   2???           00097         CALL    GECIKME
003F   2???           00098         CALL    GECIKME
0040   2???           00099         GOTO    KONTROL
                      00100         
                      00101 
                      00102         END
MPASM 5.84                    BESINCIPRJ.ASM   11-9-2021  12:35:53         PAGE  4


SYMBOL TABLE
  LABEL                             VALUE 

ACKDT                             00000005
ACKEN                             00000004
ACKSTAT                           00000006
ADCON0                            0000001F
ADCON1                            0000009F
ADCS0                             00000006
ADCS1                             00000007
ADCS2                             00000006
ADDEN                             00000003
ADFM                              00000007
ADIE                              00000006
ADIF                              00000006
ADON                              00000000
ADRESH                            0000001E
ADRESL                            0000009E
ARTTIR                            00000012
BASLA                             0000001A
BCLIE                             00000003
BCLIF                             00000003
BF                                00000000
BIRLER                            00000024
BRGH                              00000002
C                                 00000000
C1INV                             00000004
C1OUT                             00000006
C2INV                             00000005
C2OUT                             00000007
CCP1CON                           00000017
CCP1IE                            00000002
CCP1IF                            00000002
CCP1M0                            00000000
CCP1M1                            00000001
CCP1M2                            00000002
CCP1M3                            00000003
CCP1X                             00000005
CCP1Y                             00000004
CCP2CON                           0000001D
CCP2IE                            00000000
CCP2IF                            00000000
CCP2M0                            00000000
CCP2M1                            00000001
CCP2M2                            00000002
CCP2M3                            00000003
CCP2X                             00000005
CCP2Y                             00000004
CCPR1                             00000015
CCPR1H                            00000016
CCPR1L                            00000015
CCPR2                             0000001B
CCPR2H                            0000001C
CCPR2L                            0000001B
CHS0                              00000003
CHS1                              00000004
MPASM 5.84                    BESINCIPRJ.ASM   11-9-2021  12:35:53         PAGE  5


SYMBOL TABLE
  LABEL                             VALUE 

CHS2                              00000005
CIS                               00000003
CKE                               00000006
CKP                               00000004
CM0                               00000000
CM1                               00000001
CM2                               00000002
CMCON                             0000009C
CMIE                              00000006
CMIF                              00000006
CREN                              00000004
CSRC                              00000007
CVR0                              00000000
CVR1                              00000001
CVR2                              00000002
CVR3                              00000003
CVRCON                            0000009D
CVREN                             00000007
CVROE                             00000006
CVRR                              00000005
D                                 00000005
D1                                00000020
D2                                00000021
D3                                00000023
DATA_ADDRESS                      00000005
DC                                00000001
DONGU                             0000002D
D_A                               00000005
D_NOT_A                           00000005
EEADR                             0000010D
EEADRH                            0000010F
EECON1                            0000018C
EECON2                            0000018D
EEDATA                            0000010C
EEDATH                            0000010E
EEIE                              00000004
EEIF                              00000004
EEPGD                             00000007
F                                 00000001
FERR                              00000002
FSR                               00000004
GCEN                              00000007
GECIKME                           00000002
GIE                               00000007
GO                                00000002
GO_DONE                           00000002
GO_NOT_DONE                       00000002
I2C_DATA                          00000005
I2C_READ                          00000002
I2C_START                         00000003
I2C_STOP                          00000004
IBF                               00000007
IBOV                              00000005
MPASM 5.84                    BESINCIPRJ.ASM   11-9-2021  12:35:53         PAGE  6


SYMBOL TABLE
  LABEL                             VALUE 

INDF                              00000000
INTCON                            0000000B
INTE                              00000004
INTEDG                            00000006
INTF                              00000001
IRP                               00000007
KONTROL                           0000003A
LOOP                              00000004
NOT_A                             00000005
NOT_ADDRESS                       00000005
NOT_BO                            00000000
NOT_BOR                           00000000
NOT_DONE                          00000002
NOT_PD                            00000003
NOT_POR                           00000001
NOT_RBPU                          00000007
NOT_RC8                           00000006
NOT_T1SYNC                        00000002
NOT_TO                            00000004
NOT_TX8                           00000006
NOT_W                             00000002
NOT_WRITE                         00000002
OBF                               00000006
OERR                              00000001
ONLAR                             00000025
OPTION_REG                        00000081
P                                 00000004
PCFG0                             00000000
PCFG1                             00000001
PCFG2                             00000002
PCFG3                             00000003
PCL                               00000002
PCLATH                            0000000A
PCON                              0000008E
PEIE                              00000006
PEN                               00000002
PIE1                              0000008C
PIE2                              0000008D
PIR1                              0000000C
PIR2                              0000000D
PORTA                             00000005
PORTB                             00000006
PORTC                             00000007
PORTD                             00000008
PORTE                             00000009
PR2                               00000092
PS0                               00000000
PS1                               00000001
PS2                               00000002
PSA                               00000003
PSPIE                             00000007
PSPIF                             00000007
PSPMODE                           00000004
MPASM 5.84                    BESINCIPRJ.ASM   11-9-2021  12:35:53         PAGE  7


SYMBOL TABLE
  LABEL                             VALUE 

R                                 00000002
RA0                               00000000
RA1                               00000001
RA2                               00000002
RA3                               00000003
RA4                               00000004
RA5                               00000005
RAKAMLAR                          00000007
RB0                               00000000
RB1                               00000001
RB2                               00000002
RB3                               00000003
RB4                               00000004
RB5                               00000005
RB6                               00000006
RB7                               00000007
RBIE                              00000003
RBIF                              00000000
RC0                               00000000
RC1                               00000001
RC2                               00000002
RC3                               00000003
RC4                               00000004
RC5                               00000005
RC6                               00000006
RC7                               00000007
RC8_9                             00000006
RC9                               00000006
RCD8                              00000000
RCEN                              00000003
RCIE                              00000005
RCIF                              00000005
RCREG                             0000001A
RCSTA                             00000018
RD                                00000000
RD0                               00000000
RD1                               00000001
RD2                               00000002
RD3                               00000003
RD4                               00000004
RD5                               00000005
RD6                               00000006
RD7                               00000007
RE0                               00000000
RE1                               00000001
RE2                               00000002
READ_WRITE                        00000002
RP0                               00000005
RP1                               00000006
RSEN                              00000001
RX9                               00000006
RX9D                              00000000
R_NOT_W                           00000002
MPASM 5.84                    BESINCIPRJ.ASM   11-9-2021  12:35:53         PAGE  8


SYMBOL TABLE
  LABEL                             VALUE 

R_W                               00000002
S                                 00000003
SEN                               00000000
SMP                               00000007
SPBRG                             00000099
SPEN                              00000007
SREN                              00000005
SSPADD                            00000093
SSPBUF                            00000013
SSPCON                            00000014
SSPCON2                           00000091
SSPEN                             00000005
SSPIE                             00000003
SSPIF                             00000003
SSPM0                             00000000
SSPM1                             00000001
SSPM2                             00000002
SSPM3                             00000003
SSPOV                             00000006
SSPSTAT                           00000094
STATUS                            00000003
SYNC                              00000004
T0CS                              00000005
T0IE                              00000005
T0IF                              00000002
T0SE                              00000004
T1CKPS0                           00000004
T1CKPS1                           00000005
T1CON                             00000010
T1INSYNC                          00000002
T1OSCEN                           00000003
T1SYNC                            00000002
T2CKPS0                           00000000
T2CKPS1                           00000001
T2CON                             00000012
TMR0                              00000001
TMR0IE                            00000005
TMR0IF                            00000002
TMR1                              0000000E
TMR1CS                            00000001
TMR1H                             0000000F
TMR1IE                            00000000
TMR1IF                            00000000
TMR1L                             0000000E
TMR1ON                            00000000
TMR2                              00000011
TMR2IE                            00000001
TMR2IF                            00000001
TMR2ON                            00000002
TOUTPS0                           00000003
TOUTPS1                           00000004
TOUTPS2                           00000005
TOUTPS3                           00000006
MPASM 5.84                    BESINCIPRJ.ASM   11-9-2021  12:35:53         PAGE  9


SYMBOL TABLE
  LABEL                             VALUE 

TRISA                             00000085
TRISA0                            00000000
TRISA1                            00000001
TRISA2                            00000002
TRISA3                            00000003
TRISA4                            00000004
TRISA5                            00000005
TRISB                             00000086
TRISB0                            00000000
TRISB1                            00000001
TRISB2                            00000002
TRISB3                            00000003
TRISB4                            00000004
TRISB5                            00000005
TRISB6                            00000006
TRISB7                            00000007
TRISC                             00000087
TRISC0                            00000000
TRISC1                            00000001
TRISC2                            00000002
TRISC3                            00000003
TRISC4                            00000004
TRISC5                            00000005
TRISC6                            00000006
TRISC7                            00000007
TRISD                             00000088
TRISD0                            00000000
TRISD1                            00000001
TRISD2                            00000002
TRISD3                            00000003
TRISD4                            00000004
TRISD5                            00000005
TRISD6                            00000006
TRISD7                            00000007
TRISE                             00000089
TRISE0                            00000000
TRISE1                            00000001
TRISE2                            00000002
TRMT                              00000001
TX8_9                             00000006
TX9                               00000006
TX9D                              00000000
TXD8                              00000000
TXEN                              00000005
TXIE                              00000004
TXIF                              00000004
TXREG                             00000019
TXSTA                             00000098
UA                                00000001
W                                 00000000
WCOL                              00000007
WR                                00000001
WREN                              00000002
MPASM 5.84                    BESINCIPRJ.ASM   11-9-2021  12:35:53         PAGE 10


SYMBOL TABLE
  LABEL                             VALUE 

WRERR                             00000003
Z                                 00000002
_BODEN_OFF                        00003FBF
_BODEN_ON                         00003FFF
_BOREN_OFF                        00003FBF
_BOREN_ON                         00003FFF
_CONFIG                           00002007
_CPD_OFF                          00003FFF
_CPD_ON                           00003EFF
_CP_ALL                           00001FFF
_CP_OFF                           00003FFF
_CP_ON                            00001FFF
_DEBUG_OFF                        00003FFF
_DEBUG_ON                         000037FF
_DEVID1                           00002006
_FOSC_EXTRC                       00003FFF
_FOSC_HS                          00003FFE
_FOSC_LP                          00003FFC
_FOSC_XT                          00003FFD
_HS_OSC                           00003FFE
_IDLOC0                           00002000
_IDLOC1                           00002001
_IDLOC2                           00002002
_IDLOC3                           00002003
_LP_OSC                           00003FFC
_LVP_OFF                          00003F7F
_LVP_ON                           00003FFF
_PWRTE_OFF                        00003FFF
_PWRTE_ON                         00003FF7
_RC_OSC                           00003FFF
_WDTE_OFF                         00003FFB
_WDTE_ON                          00003FFF
_WDT_OFF                          00003FFB
_WDT_ON                           00003FFF
_WRT_1FOURTH                      00003BFF
_WRT_256                          00003DFF
_WRT_HALF                         000039FF
_WRT_OFF                          00003FFF
_XT_OSC                           00003FFD
__16F877A                         00000001

Errors   :     0
Warnings :     0 reported,     0 suppressed
Messages :     3 reported,     0 suppressed

