MPASM 5.84               7_SEGMENT_YIGIT.ASM   11-8-2021  10:36:36         PAGE  1


LOC  OBJECT CODE     LINE SOURCE TEXT
  VALUE

Warning[205]: Found directive in column 1. (list)
                      00001 list            p=16f877A       
                      00002 #include        <p16f877A.inc>  
                      00001         LIST
                      00002 
                      00003 ;==========================================================================
                      00004 ; Build date : Mar 17 2019
                      00005 ;  MPASM PIC16F877A processor include
                      00006 ; 
                      00007 ;  (c) Copyright 1999-2019 Microchip Technology, All rights reserved
                      00008 ;==========================================================================
                      00009 
                      00567         LIST
                      00003         
                      00004 ;*******************************************************************************
  00000020            00005 GECIKME1        EQU     0x20   
  00000021            00006 GECIKME2        EQU     0x21   
  00000022            00007 GECIKME3        EQU     0x22  
                      00008         
  00000023            00009 GECIKME4        EQU     0x23   
  00000024            00010 GECIKME5        EQU     0x24   
                      00011 
  00000025            00012 RIGHT_SEG       EQU     0x25
  00000026            00013 LEFT_SEG        EQU     0x26
                      00014         
  00000027            00015 TEMP            EQU     0x27    
  00000028            00016 ONE_DIGIT_COUNTER       EQU     0x28
  00000029            00017 TEN_DIGIT_COUNTER       EQU     0x29    
                      00018 ;*******************************************************************************
                      00019     ORG     0x000               
0000   0000           00020     NOP 
0001   2???           00021     GOTO    START               
                      00022 ;*******************************************************************************
0002                  00023 ONE_SECOND_DELAY
0002   3050           00024     MOVLW       0x50
0003   00A0           00025     MOVWF       GECIKME1        
0004                  00026 DONGU1  
0004   3010           00027     MOVLW       0x10
0005   00A1           00028     MOVWF       GECIKME2
0006                  00029 DONGU2    
0006   30FF           00030     MOVLW       0xFF
0007   00A2           00031     MOVWF       GECIKME3
0008                  00032 DONGU3
0008   0BA2           00033     DECFSZ      GECIKME3,1
0009   2???           00034     GOTO        DONGU3
                      00035     
000A   0BA1           00036     DECFSZ      GECIKME2,1
000B   2???           00037     GOTO        DONGU2
                      00038                             ; TAM BU NOKTADA 0,5 MILLISECOND BEKLEME YAŞANMIŞ OLUR
000C   2???           00039     CALL        SUPURME
000D   0085           00040     MOVWF       PORTA      ;PORT A DEĞİŞİKLİĞİ YAPILDI
000E   2???           00041     CALL        R_OR_L     ;AKTİF PORTUN KONTROLÜ YAPILDI VE SOL İSE 0X25 SAĞ İSE 0X26 ALINDI W REG
                            'INE KOYULDU 
MPASM 5.84               7_SEGMENT_YIGIT.ASM   11-8-2021  10:36:36         PAGE  2


LOC  OBJECT CODE     LINE SOURCE TEXT
  VALUE

000F   00A7           00042     MOVWF       TEMP       ; TEMP DEĞİŞKENİNE HANGİ DİSPLAYİN GÖSTERİLECEĞİ BİLGİSİ VERİL
                            Dİ (ADRES BİLGİSİ)
0010   2???           00043     CALL        GET_CUR_DISP_VAL  ; ŞUANKİ DİSPLAYİN DEĞERİ ALINDI
0011   2???           00044     CALL        CONFIG_TABLE       ; TABLE'DAN İLGİLİ DIPLAY DEĞERİ ALINIR 
0012   0086           00045     MOVWF       PORTB   ; İLGİLİ DEĞER PORTB'YE YÜKLENİR
                      00046     
0013   0BA0           00047     DECFSZ      GECIKME1,1
0014   2???           00048     GOTO        DONGU1
                      00049                         ; TAM BU NOKTADA 1 SECOND BEKLEME YAŞANMIŞ OLUR
0015   0008           00050     RETURN
                      00051 ;*******************************************************************************
0016                  00052 SUPURME
0016   1283 1303      00053     BANKSEL     PORTA           
0018   1805           00054     BTFSC       PORTA,0 ; PORT'A NIN 0. BIT'I EĞER SIFIRSA 10 DURUMUNDADIR EĞER DEĞİLSE 01 DURUMUNDA
                            DIR
0019   3402           00055     RETLW       0x02    ;  01'İ 10 YAPARIM
001A   3401           00056     RETLW       0x01    ;  10'I 01 YAPARIM
                      00057 ;*******************************************************************************
001B                  00058 R_OR_L
001B   1805           00059     BTFSC       PORTA,0 ; PORT'A NIN DURUMUNA GÖRE HANGİ LED'IN REGISTER ADRESINI ALACAĞIMA KARAR VER
                            İYORUM
001C   3425           00060     RETLW       0x25    ; 01'SE 0x25'i ALIYORUM  SAĞ SEGMENT   
001D   3426           00061     RETLW       0x26    ; 10'SA 0x26'yı ALIYORUM    SOL SEGMENT
                      00062 ;*******************************************************************************
001E                  00063 GET_CUR_DISP_VAL
001E   1827           00064     BTFSC       TEMP,0
001F   2???           00065     GOTO        $+2
0020   0826           00066     MOVF        0x26,0
0021   1C27           00067     BTFSS       TEMP,0
0022   2???           00068     GOTO        $+2
0023   0825           00069     MOVF        0x25,0
0024   0008           00070     RETURN
                      00071 ;*******************************************************************************
0025                  00072 CONFIG_TABLE
0025   0782           00073     ADDWF       PCL,1
0026   343F           00074     RETLW       0x3F ; 0
0027   3406           00075     RETLW       0x06 ; 1
0028   345B           00076     RETLW       0x5B ; 2
0029   344F           00077     RETLW       0x4F ; 3
002A   3466           00078     RETLW       0x66 ; 4
002B   346D           00079     RETLW       0x6D ; 5
002C   347D           00080     RETLW       0x7D ; 6
002D   3407           00081     RETLW       0x07 ; 7
002E   347F           00082     RETLW       0x7F ; 8
002F   346F           00083     RETLW       0x6F ; 9
                      00084 ;*******************************************************************************     
0030                  00085 PORT_A_AYARLA
0030   1683 1303      00086     BANKSEL     TRISA
0032   3006           00087     MOVLW       0x06 
Message[302]: Register in operand not in bank 0.  Ensure that bank bits are correct.
0033   009F           00088     MOVWF       ADCON1 
0034   303C           00089     MOVLW       b'00111100' 
Message[302]: Register in operand not in bank 0.  Ensure that bank bits are correct.
MPASM 5.84               7_SEGMENT_YIGIT.ASM   11-8-2021  10:36:36         PAGE  3


LOC  OBJECT CODE     LINE SOURCE TEXT
  VALUE

0035   0085           00090     MOVWF       TRISA
0036   1283 1303      00091     BANKSEL     PORTA
0038   0185           00092     CLRF        PORTA
0039   3002           00093     MOVLW       b'00000010'
003A   0085           00094     MOVWF       PORTA  
003B   0008           00095     RETURN
                      00096 ;*******************************************************************************             
003C                  00097 PORT_B_AYARLA
003C   1683 1303      00098     BANKSEL     TRISB
Message[302]: Register in operand not in bank 0.  Ensure that bank bits are correct.
003E   0186           00099     CLRF        TRISB
003F   1283 1303      00100     BANKSEL     PORTB
0041   0186           00101     CLRF        PORTB
0042   0008           00102     RETURN
                      00103 ;*******************************************************************************           
0043                  00104 START
0043   300A           00105     MOVLW       0x0A
0044   00A8           00106     MOVWF       ONE_DIGIT_COUNTER
0045   300A           00107     MOVLW       0x0A
0046   00A9           00108     MOVWF       TEN_DIGIT_COUNTER
0047   2???           00109     CALL        PORT_A_AYARLA
0048   2???           00110     CALL        PORT_B_AYARLA
                      00111 ;*******************************************************************************   
0049                  00112 KONTROL
0049   2???           00113     CALL        ONE_SECOND_DELAY
004A   0AA5           00114     INCF        RIGHT_SEG,1
004B   0BA8           00115     DECFSZ      ONE_DIGIT_COUNTER,1
004C   2???           00116     GOTO        $-3
004D   0AA6           00117     INCF        LEFT_SEG,1
004E   01A5           00118     CLRF        RIGHT_SEG
004F   300A           00119     MOVLW       0x0A
0050   00A8           00120     MOVWF       ONE_DIGIT_COUNTER
                      00121     
0051   0BA9           00122     DECFSZ      TEN_DIGIT_COUNTER,1
0052   2???           00123     GOTO        KONTROL
0053   300A           00124     MOVLW       0x0A
0054   00A9           00125     MOVWF       TEN_DIGIT_COUNTER
0055   2???           00126     GOTO        KONTROL
                      00127     END                    
MPASM 5.84               7_SEGMENT_YIGIT.ASM   11-8-2021  10:36:36         PAGE  4


SYMBOL TABLE
  LABEL                             VALUE 

ACKDT                             00000005
ACKEN                             00000004
ACKSTAT                           00000006
ADCON0                            0000001F
ADCON1                            0000009F
ADCS0                             00000006
ADCS1                             00000007
ADCS2                             00000006
ADDEN                             00000003
ADFM                              00000007
ADIE                              00000006
ADIF                              00000006
ADON                              00000000
ADRESH                            0000001E
ADRESL                            0000009E
BCLIE                             00000003
BCLIF                             00000003
BF                                00000000
BRGH                              00000002
C                                 00000000
C1INV                             00000004
C1OUT                             00000006
C2INV                             00000005
C2OUT                             00000007
CCP1CON                           00000017
CCP1IE                            00000002
CCP1IF                            00000002
CCP1M0                            00000000
CCP1M1                            00000001
CCP1M2                            00000002
CCP1M3                            00000003
CCP1X                             00000005
CCP1Y                             00000004
CCP2CON                           0000001D
CCP2IE                            00000000
CCP2IF                            00000000
CCP2M0                            00000000
CCP2M1                            00000001
CCP2M2                            00000002
CCP2M3                            00000003
CCP2X                             00000005
CCP2Y                             00000004
CCPR1                             00000015
CCPR1H                            00000016
CCPR1L                            00000015
CCPR2                             0000001B
CCPR2H                            0000001C
CCPR2L                            0000001B
CHS0                              00000003
CHS1                              00000004
CHS2                              00000005
CIS                               00000003
CKE                               00000006
MPASM 5.84               7_SEGMENT_YIGIT.ASM   11-8-2021  10:36:36         PAGE  5


SYMBOL TABLE
  LABEL                             VALUE 

CKP                               00000004
CM0                               00000000
CM1                               00000001
CM2                               00000002
CMCON                             0000009C
CMIE                              00000006
CMIF                              00000006
CONFIG_TABLE                      00000025
CREN                              00000004
CSRC                              00000007
CVR0                              00000000
CVR1                              00000001
CVR2                              00000002
CVR3                              00000003
CVRCON                            0000009D
CVREN                             00000007
CVROE                             00000006
CVRR                              00000005
D                                 00000005
DATA_ADDRESS                      00000005
DC                                00000001
DONGU1                            00000004
DONGU2                            00000006
DONGU3                            00000008
D_A                               00000005
D_NOT_A                           00000005
EEADR                             0000010D
EEADRH                            0000010F
EECON1                            0000018C
EECON2                            0000018D
EEDATA                            0000010C
EEDATH                            0000010E
EEIE                              00000004
EEIF                              00000004
EEPGD                             00000007
F                                 00000001
FERR                              00000002
FSR                               00000004
GCEN                              00000007
GECIKME1                          00000020
GECIKME2                          00000021
GECIKME3                          00000022
GECIKME4                          00000023
GECIKME5                          00000024
GET_CUR_DISP_VAL                  0000001E
GIE                               00000007
GO                                00000002
GO_DONE                           00000002
GO_NOT_DONE                       00000002
I2C_DATA                          00000005
I2C_READ                          00000002
I2C_START                         00000003
I2C_STOP                          00000004
MPASM 5.84               7_SEGMENT_YIGIT.ASM   11-8-2021  10:36:36         PAGE  6


SYMBOL TABLE
  LABEL                             VALUE 

IBF                               00000007
IBOV                              00000005
INDF                              00000000
INTCON                            0000000B
INTE                              00000004
INTEDG                            00000006
INTF                              00000001
IRP                               00000007
KONTROL                           00000049
LEFT_SEG                          00000026
NOT_A                             00000005
NOT_ADDRESS                       00000005
NOT_BO                            00000000
NOT_BOR                           00000000
NOT_DONE                          00000002
NOT_PD                            00000003
NOT_POR                           00000001
NOT_RBPU                          00000007
NOT_RC8                           00000006
NOT_T1SYNC                        00000002
NOT_TO                            00000004
NOT_TX8                           00000006
NOT_W                             00000002
NOT_WRITE                         00000002
OBF                               00000006
OERR                              00000001
ONE_DIGIT_COUNTER                 00000028
ONE_SECOND_DELAY                  00000002
OPTION_REG                        00000081
P                                 00000004
PCFG0                             00000000
PCFG1                             00000001
PCFG2                             00000002
PCFG3                             00000003
PCL                               00000002
PCLATH                            0000000A
PCON                              0000008E
PEIE                              00000006
PEN                               00000002
PIE1                              0000008C
PIE2                              0000008D
PIR1                              0000000C
PIR2                              0000000D
PORTA                             00000005
PORTB                             00000006
PORTC                             00000007
PORTD                             00000008
PORTE                             00000009
PORT_A_AYARLA                     00000030
PORT_B_AYARLA                     0000003C
PR2                               00000092
PS0                               00000000
PS1                               00000001
MPASM 5.84               7_SEGMENT_YIGIT.ASM   11-8-2021  10:36:36         PAGE  7


SYMBOL TABLE
  LABEL                             VALUE 

PS2                               00000002
PSA                               00000003
PSPIE                             00000007
PSPIF                             00000007
PSPMODE                           00000004
R                                 00000002
RA0                               00000000
RA1                               00000001
RA2                               00000002
RA3                               00000003
RA4                               00000004
RA5                               00000005
RB0                               00000000
RB1                               00000001
RB2                               00000002
RB3                               00000003
RB4                               00000004
RB5                               00000005
RB6                               00000006
RB7                               00000007
RBIE                              00000003
RBIF                              00000000
RC0                               00000000
RC1                               00000001
RC2                               00000002
RC3                               00000003
RC4                               00000004
RC5                               00000005
RC6                               00000006
RC7                               00000007
RC8_9                             00000006
RC9                               00000006
RCD8                              00000000
RCEN                              00000003
RCIE                              00000005
RCIF                              00000005
RCREG                             0000001A
RCSTA                             00000018
RD                                00000000
RD0                               00000000
RD1                               00000001
RD2                               00000002
RD3                               00000003
RD4                               00000004
RD5                               00000005
RD6                               00000006
RD7                               00000007
RE0                               00000000
RE1                               00000001
RE2                               00000002
READ_WRITE                        00000002
RIGHT_SEG                         00000025
RP0                               00000005
MPASM 5.84               7_SEGMENT_YIGIT.ASM   11-8-2021  10:36:36         PAGE  8


SYMBOL TABLE
  LABEL                             VALUE 

RP1                               00000006
RSEN                              00000001
RX9                               00000006
RX9D                              00000000
R_NOT_W                           00000002
R_OR_L                            0000001B
R_W                               00000002
S                                 00000003
SEN                               00000000
SMP                               00000007
SPBRG                             00000099
SPEN                              00000007
SREN                              00000005
SSPADD                            00000093
SSPBUF                            00000013
SSPCON                            00000014
SSPCON2                           00000091
SSPEN                             00000005
SSPIE                             00000003
SSPIF                             00000003
SSPM0                             00000000
SSPM1                             00000001
SSPM2                             00000002
SSPM3                             00000003
SSPOV                             00000006
SSPSTAT                           00000094
START                             00000043
STATUS                            00000003
SUPURME                           00000016
SYNC                              00000004
T0CS                              00000005
T0IE                              00000005
T0IF                              00000002
T0SE                              00000004
T1CKPS0                           00000004
T1CKPS1                           00000005
T1CON                             00000010
T1INSYNC                          00000002
T1OSCEN                           00000003
T1SYNC                            00000002
T2CKPS0                           00000000
T2CKPS1                           00000001
T2CON                             00000012
TEMP                              00000027
TEN_DIGIT_COUNTER                 00000029
TMR0                              00000001
TMR0IE                            00000005
TMR0IF                            00000002
TMR1                              0000000E
TMR1CS                            00000001
TMR1H                             0000000F
TMR1IE                            00000000
TMR1IF                            00000000
MPASM 5.84               7_SEGMENT_YIGIT.ASM   11-8-2021  10:36:36         PAGE  9


SYMBOL TABLE
  LABEL                             VALUE 

TMR1L                             0000000E
TMR1ON                            00000000
TMR2                              00000011
TMR2IE                            00000001
TMR2IF                            00000001
TMR2ON                            00000002
TOUTPS0                           00000003
TOUTPS1                           00000004
TOUTPS2                           00000005
TOUTPS3                           00000006
TRISA                             00000085
TRISA0                            00000000
TRISA1                            00000001
TRISA2                            00000002
TRISA3                            00000003
TRISA4                            00000004
TRISA5                            00000005
TRISB                             00000086
TRISB0                            00000000
TRISB1                            00000001
TRISB2                            00000002
TRISB3                            00000003
TRISB4                            00000004
TRISB5                            00000005
TRISB6                            00000006
TRISB7                            00000007
TRISC                             00000087
TRISC0                            00000000
TRISC1                            00000001
TRISC2                            00000002
TRISC3                            00000003
TRISC4                            00000004
TRISC5                            00000005
TRISC6                            00000006
TRISC7                            00000007
TRISD                             00000088
TRISD0                            00000000
TRISD1                            00000001
TRISD2                            00000002
TRISD3                            00000003
TRISD4                            00000004
TRISD5                            00000005
TRISD6                            00000006
TRISD7                            00000007
TRISE                             00000089
TRISE0                            00000000
TRISE1                            00000001
TRISE2                            00000002
TRMT                              00000001
TX8_9                             00000006
TX9                               00000006
TX9D                              00000000
TXD8                              00000000
MPASM 5.84               7_SEGMENT_YIGIT.ASM   11-8-2021  10:36:36         PAGE 10


SYMBOL TABLE
  LABEL                             VALUE 

TXEN                              00000005
TXIE                              00000004
TXIF                              00000004
TXREG                             00000019
TXSTA                             00000098
UA                                00000001
W                                 00000000
WCOL                              00000007
WR                                00000001
WREN                              00000002
WRERR                             00000003
Z                                 00000002
_.org_0_001F                      0000001F
_.org_0_0022                      00000022
_.org_0_004C                      0000004C
_BODEN_OFF                        00003FBF
_BODEN_ON                         00003FFF
_BOREN_OFF                        00003FBF
_BOREN_ON                         00003FFF
_CONFIG                           00002007
_CPD_OFF                          00003FFF
_CPD_ON                           00003EFF
_CP_ALL                           00001FFF
_CP_OFF                           00003FFF
_CP_ON                            00001FFF
_DEBUG_OFF                        00003FFF
_DEBUG_ON                         000037FF
_DEVID1                           00002006
_FOSC_EXTRC                       00003FFF
_FOSC_HS                          00003FFE
_FOSC_LP                          00003FFC
_FOSC_XT                          00003FFD
_HS_OSC                           00003FFE
_IDLOC0                           00002000
_IDLOC1                           00002001
_IDLOC2                           00002002
_IDLOC3                           00002003
_LP_OSC                           00003FFC
_LVP_OFF                          00003F7F
_LVP_ON                           00003FFF
_PWRTE_OFF                        00003FFF
_PWRTE_ON                         00003FF7
_RC_OSC                           00003FFF
_WDTE_OFF                         00003FFB
_WDTE_ON                          00003FFF
_WDT_OFF                          00003FFB
_WDT_ON                           00003FFF
_WRT_1FOURTH                      00003BFF
_WRT_256                          00003DFF
_WRT_HALF                         000039FF
_WRT_OFF                          00003FFF
_XT_OSC                           00003FFD
__16F877A                         00000001
MPASM 5.84               7_SEGMENT_YIGIT.ASM   11-8-2021  10:36:36         PAGE 11






Errors   :     0
Warnings :     1 reported,     0 suppressed
Messages :     3 reported,     0 suppressed

