MPASM 5.84   TMR0_GECIKMELI_BUTONLED_PRJ.ASM   11-15-2021  23:14:01         PAGE  1


LOC  OBJECT CODE     LINE SOURCE TEXT
  VALUE

                      00001     #include    <p16f877a.inc>
                      00001         LIST
                      00002 
                      00003 ;==========================================================================
                      00004 ; Build date : Mar 17 2019
                      00005 ;  MPASM PIC16F877A processor include
                      00006 ; 
                      00007 ;  (c) Copyright 1999-2019 Microchip Technology, All rights reserved
                      00008 ;==========================================================================
                      00009 
                      00567         LIST
                      00002 
                      00003 ;KULLANILACAK DEG?SKENLER
  00000019            00004 D1              EQU     0x19            
  00000020            00005 KACKEZ          EQU     0x20
                      00006 
  00000023            00007 BIRLER          EQU     0x23
  00000024            00008 ONLAR           EQU     0x24
  00000025            00009 SAYAC_BIRLER    EQU     0x25
  00000026            00010 SAYAC_ONLAR     EQU     0x26            
                      00011 ;*******************************************************************************
                      00012 
                      00013 ;KESME ?C?N KULLANILACAK YARDIMCI DEGS?SKENLER
  0000007D            00014 w_temp          EQU     0x7D
  0000007E            00015 status_temp     EQU     0x7E
  0000007F            00016 pclath_temp     EQU     0x7F
                      00017         
                      00018 ;*******************************************************************************    
                      00019                 ORG     0x000
                      00020                 
0000   0000           00021                 nop
                      00022                 
0001   2???           00023                 GOTO    BASLA
                      00024 ;*******************************************************************************
                      00025         ORG     0x004
0004   00FD           00026         movwf   w_temp
0005   0803           00027         movf    STATUS,w
0006   00FE           00028         movwf   status_temp
0007   080A           00029         movf    PCLATH,w
0008   00FF           00030         movwf   pclath_temp
                      00031         
0009   110B           00032         BCF     INTCON,T0IF
                      00033         
000A   3006           00034         MOVLW   d'6'
000B   0081           00035         MOVWF   TMR0
                      00036         
000C   0BA0           00037         DECFSZ  KACKEZ,F
000D   2???           00038         GOTO    CIK
000E   2???           00039         CALL    YAK
                      00040         
000F                  00041 CIK     
000F   178B           00042         BSF     INTCON,GIE
                      00043         
MPASM 5.84   TMR0_GECIKMELI_BUTONLED_PRJ.ASM   11-15-2021  23:14:01         PAGE  2


LOC  OBJECT CODE     LINE SOURCE TEXT
  VALUE

0010   087E           00044         movf    status_temp,w
0011   0083           00045         movwf   STATUS
0012   087F           00046         movf    pclath_temp,w
0013   008A           00047         movwf   PCLATH
0014   0EFD           00048         swapf   w_temp,f
0015   0E7D           00049         swapf   w_temp,w
0016   0009           00050         retfie
                      00051 ;*******************************************************************************
0017                  00052 SUPUR
0017   1283 1303      00053     BANKSEL     PORTA           
0019   1805           00054     BTFSC       PORTA,0 ; PORT'A NIN 0. BIT'I EĞER SIFIRSA 10 DURUMUNDADIR EĞER DEĞİLSE 01 DURUMUNDA
                            DIR
001A   3402           00055     RETLW       0x02    ;  01'İ 10 YAPARIM
001B   3401           00056     RETLW       0x01    ;  10'I 01 YAPARIM
                      00057 ;*******************************************************************************        
001C                  00058 RAKAMLAR
Warning[203]: Found opcode in column 1. (ADDWF)
001C   0782           00059 ADDWF   PCL,F
Warning[203]: Found opcode in column 1. (RETLW)
001D   343F           00060 RETLW   b'00111111' ;0
Warning[203]: Found opcode in column 1. (RETLW)
001E   3406           00061 RETLW   b'00000110' ;1
Warning[203]: Found opcode in column 1. (RETLW)
001F   345B           00062 RETLW   b'01011011' ;2
Warning[203]: Found opcode in column 1. (RETLW)
0020   344F           00063 RETLW   b'01001111' ;3
Warning[203]: Found opcode in column 1. (RETLW)
0021   3466           00064 RETLW   b'01100110' ;4
Warning[203]: Found opcode in column 1. (RETLW)
0022   346D           00065 RETLW   b'01101101' ;5 
Warning[203]: Found opcode in column 1. (RETLW)
0023   347D           00066 RETLW   b'01111101' ;6 
Warning[203]: Found opcode in column 1. (RETLW)
0024   3407           00067 RETLW   b'00000111' ;7   
Warning[203]: Found opcode in column 1. (RETLW)
0025   347F           00068 RETLW   b'01111111' ;8
Warning[203]: Found opcode in column 1. (RETLW)
0026   346F           00069 RETLW   b'01101111' ;9
                      00070 ;***********************************************************************************************        
0027                  00071 YAK     
0027   1283 1303      00072         BANKSEL TMR0
0029   30FA           00073         MOVLW   d'250'
002A   00A0           00074         MOVWF   KACKEZ
                      00075         
002B   2???           00076         CALL    SUPUR
                      00077         
002C   3000           00078         MOVLW   0x00
002D   00A3           00079         MOVWF   BIRLER
                      00080         
002E   3000           00081         MOVLW   0x00
002F   00A4           00082         MOVWF   ONLAR
                      00083         
0030   2???           00084         CALL    SUPUR
MPASM 5.84   TMR0_GECIKMELI_BUTONLED_PRJ.ASM   11-15-2021  23:14:01         PAGE  3


LOC  OBJECT CODE     LINE SOURCE TEXT
  VALUE

                      00085         
0031   1985           00086 DONGU1  BTFSC   PORTA,3
0032   2???           00087         GOTO    ARTTIR
0033   2???           00088         GOTO    DONGU1
                      00089         
0034   2???           00090 ARTTIR  CALL    SUPUR
0035   3001           00091         MOVLW   b'00000001'
0036   0085           00092         MOVWF   PORTA
0037   0AA3           00093         INCF    BIRLER,F
0038   0823           00094         MOVF    BIRLER,W
0039   2???           00095         CALL    RAKAMLAR
003A   0086           00096         MOVWF   PORTB
003B   2???           00097         CALL    SUPUR
003C   0008           00098         RETURN
003D   3002           00099         MOVLW   b'00000010'
003E   0085           00100         MOVWF   PORTA
003F   0824           00101         MOVF    ONLAR,W
0040   2???           00102         CALL    RAKAMLAR
0041   0086           00103         MOVWF   PORTB
0042   2???           00104         CALL    SUPUR
                      00105         
0043   0008           00106         RETURN
                      00107 ;*******************************************************************************
0044                  00108 TMR0_AYARLA
0044   1683 1303      00109         BANKSEL OPTION_REG
0046   3003           00110         MOVLW   b'00000011'
Message[302]: Register in operand not in bank 0.  Ensure that bank bits are correct.
0047   0081           00111         MOVWF   OPTION_REG
                      00112         
0048   1283 1303      00113         BANKSEL TMR0
004A   3006           00114         MOVLW   d'6'
004B   0081           00115         MOVWF   TMR0
004C   0008           00116         RETURN
                      00117 ;*******************************************************************************
004D                  00118 KESME_AYARLA
004D   168B           00119         BSF     INTCON,T0IE
004E   178B           00120         BSF     INTCON,GIE
004F   0008           00121         RETURN
                      00122 ;*******************************************************************************
0050                  00123 PORTA_AYARLA
0050   1283 1303      00124         BANKSEL PORTA
0052   0185           00125         CLRF    PORTA
                      00126         
0053   1683 1303      00127         BANKSEL TRISA
0055   3006           00128         MOVLW   0x06
Message[302]: Register in operand not in bank 0.  Ensure that bank bits are correct.
0056   009F           00129         MOVWF   ADCON1
                      00130         
0057   3008           00131         MOVLW   b'00001000'
Message[302]: Register in operand not in bank 0.  Ensure that bank bits are correct.
0058   0085           00132         MOVWF   TRISA
0059   0008           00133         RETURN
                      00134 ;*******************************************************************************
MPASM 5.84   TMR0_GECIKMELI_BUTONLED_PRJ.ASM   11-15-2021  23:14:01         PAGE  4


LOC  OBJECT CODE     LINE SOURCE TEXT
  VALUE

005A                  00135 PORTB_AYARLA
005A   1683 1303      00136         BANKSEL TRISB
Message[302]: Register in operand not in bank 0.  Ensure that bank bits are correct.
005C   0186           00137         CLRF    TRISB
                      00138         
005D   1283 1303      00139         BANKSEL PORTB
005F   0186           00140         CLRF    PORTB
0060   0008           00141         RETURN
                      00142 ;*******************************************************************************        
0061                  00143 BASLA
0061   30FA           00144         MOVLW   d'250'
0062   00A0           00145         MOVWF   KACKEZ
                      00146         
0063   2???           00147         CALL    TMR0_AYARLA
0064   2???           00148         CALL    KESME_AYARLA
                      00149         
0065   2???           00150         CALL    PORTA_AYARLA
0066   2???           00151         CALL    PORTB_AYARLA
                      00152 
0067                  00153 DD      
0067   2???           00154         GOTO    DD
                      00155         END
MPASM 5.84   TMR0_GECIKMELI_BUTONLED_PRJ.ASM   11-15-2021  23:14:01         PAGE  5


SYMBOL TABLE
  LABEL                             VALUE 

ACKDT                             00000005
ACKEN                             00000004
ACKSTAT                           00000006
ADCON0                            0000001F
ADCON1                            0000009F
ADCS0                             00000006
ADCS1                             00000007
ADCS2                             00000006
ADDEN                             00000003
ADFM                              00000007
ADIE                              00000006
ADIF                              00000006
ADON                              00000000
ADRESH                            0000001E
ADRESL                            0000009E
ARTTIR                            00000034
BASLA                             00000061
BCLIE                             00000003
BCLIF                             00000003
BF                                00000000
BIRLER                            00000023
BRGH                              00000002
C                                 00000000
C1INV                             00000004
C1OUT                             00000006
C2INV                             00000005
C2OUT                             00000007
CCP1CON                           00000017
CCP1IE                            00000002
CCP1IF                            00000002
CCP1M0                            00000000
CCP1M1                            00000001
CCP1M2                            00000002
CCP1M3                            00000003
CCP1X                             00000005
CCP1Y                             00000004
CCP2CON                           0000001D
CCP2IE                            00000000
CCP2IF                            00000000
CCP2M0                            00000000
CCP2M1                            00000001
CCP2M2                            00000002
CCP2M3                            00000003
CCP2X                             00000005
CCP2Y                             00000004
CCPR1                             00000015
CCPR1H                            00000016
CCPR1L                            00000015
CCPR2                             0000001B
CCPR2H                            0000001C
CCPR2L                            0000001B
CHS0                              00000003
CHS1                              00000004
MPASM 5.84   TMR0_GECIKMELI_BUTONLED_PRJ.ASM   11-15-2021  23:14:01         PAGE  6


SYMBOL TABLE
  LABEL                             VALUE 

CHS2                              00000005
CIK                               0000000F
CIS                               00000003
CKE                               00000006
CKP                               00000004
CM0                               00000000
CM1                               00000001
CM2                               00000002
CMCON                             0000009C
CMIE                              00000006
CMIF                              00000006
CREN                              00000004
CSRC                              00000007
CVR0                              00000000
CVR1                              00000001
CVR2                              00000002
CVR3                              00000003
CVRCON                            0000009D
CVREN                             00000007
CVROE                             00000006
CVRR                              00000005
D                                 00000005
D1                                00000019
DATA_ADDRESS                      00000005
DC                                00000001
DD                                00000067
DONGU1                            00000031
D_A                               00000005
D_NOT_A                           00000005
EEADR                             0000010D
EEADRH                            0000010F
EECON1                            0000018C
EECON2                            0000018D
EEDATA                            0000010C
EEDATH                            0000010E
EEIE                              00000004
EEIF                              00000004
EEPGD                             00000007
F                                 00000001
FERR                              00000002
FSR                               00000004
GCEN                              00000007
GIE                               00000007
GO                                00000002
GO_DONE                           00000002
GO_NOT_DONE                       00000002
I2C_DATA                          00000005
I2C_READ                          00000002
I2C_START                         00000003
I2C_STOP                          00000004
IBF                               00000007
IBOV                              00000005
INDF                              00000000
MPASM 5.84   TMR0_GECIKMELI_BUTONLED_PRJ.ASM   11-15-2021  23:14:01         PAGE  7


SYMBOL TABLE
  LABEL                             VALUE 

INTCON                            0000000B
INTE                              00000004
INTEDG                            00000006
INTF                              00000001
IRP                               00000007
KACKEZ                            00000020
KESME_AYARLA                      0000004D
NOT_A                             00000005
NOT_ADDRESS                       00000005
NOT_BO                            00000000
NOT_BOR                           00000000
NOT_DONE                          00000002
NOT_PD                            00000003
NOT_POR                           00000001
NOT_RBPU                          00000007
NOT_RC8                           00000006
NOT_T1SYNC                        00000002
NOT_TO                            00000004
NOT_TX8                           00000006
NOT_W                             00000002
NOT_WRITE                         00000002
OBF                               00000006
OERR                              00000001
ONLAR                             00000024
OPTION_REG                        00000081
P                                 00000004
PCFG0                             00000000
PCFG1                             00000001
PCFG2                             00000002
PCFG3                             00000003
PCL                               00000002
PCLATH                            0000000A
PCON                              0000008E
PEIE                              00000006
PEN                               00000002
PIE1                              0000008C
PIE2                              0000008D
PIR1                              0000000C
PIR2                              0000000D
PORTA                             00000005
PORTA_AYARLA                      00000050
PORTB                             00000006
PORTB_AYARLA                      0000005A
PORTC                             00000007
PORTD                             00000008
PORTE                             00000009
PR2                               00000092
PS0                               00000000
PS1                               00000001
PS2                               00000002
PSA                               00000003
PSPIE                             00000007
PSPIF                             00000007
MPASM 5.84   TMR0_GECIKMELI_BUTONLED_PRJ.ASM   11-15-2021  23:14:01         PAGE  8


SYMBOL TABLE
  LABEL                             VALUE 

PSPMODE                           00000004
R                                 00000002
RA0                               00000000
RA1                               00000001
RA2                               00000002
RA3                               00000003
RA4                               00000004
RA5                               00000005
RAKAMLAR                          0000001C
RB0                               00000000
RB1                               00000001
RB2                               00000002
RB3                               00000003
RB4                               00000004
RB5                               00000005
RB6                               00000006
RB7                               00000007
RBIE                              00000003
RBIF                              00000000
RC0                               00000000
RC1                               00000001
RC2                               00000002
RC3                               00000003
RC4                               00000004
RC5                               00000005
RC6                               00000006
RC7                               00000007
RC8_9                             00000006
RC9                               00000006
RCD8                              00000000
RCEN                              00000003
RCIE                              00000005
RCIF                              00000005
RCREG                             0000001A
RCSTA                             00000018
RD                                00000000
RD0                               00000000
RD1                               00000001
RD2                               00000002
RD3                               00000003
RD4                               00000004
RD5                               00000005
RD6                               00000006
RD7                               00000007
RE0                               00000000
RE1                               00000001
RE2                               00000002
READ_WRITE                        00000002
RP0                               00000005
RP1                               00000006
RSEN                              00000001
RX9                               00000006
RX9D                              00000000
MPASM 5.84   TMR0_GECIKMELI_BUTONLED_PRJ.ASM   11-15-2021  23:14:01         PAGE  9


SYMBOL TABLE
  LABEL                             VALUE 

R_NOT_W                           00000002
R_W                               00000002
S                                 00000003
SAYAC_BIRLER                      00000025
SAYAC_ONLAR                       00000026
SEN                               00000000
SMP                               00000007
SPBRG                             00000099
SPEN                              00000007
SREN                              00000005
SSPADD                            00000093
SSPBUF                            00000013
SSPCON                            00000014
SSPCON2                           00000091
SSPEN                             00000005
SSPIE                             00000003
SSPIF                             00000003
SSPM0                             00000000
SSPM1                             00000001
SSPM2                             00000002
SSPM3                             00000003
SSPOV                             00000006
SSPSTAT                           00000094
STATUS                            00000003
SUPUR                             00000017
SYNC                              00000004
T0CS                              00000005
T0IE                              00000005
T0IF                              00000002
T0SE                              00000004
T1CKPS0                           00000004
T1CKPS1                           00000005
T1CON                             00000010
T1INSYNC                          00000002
T1OSCEN                           00000003
T1SYNC                            00000002
T2CKPS0                           00000000
T2CKPS1                           00000001
T2CON                             00000012
TMR0                              00000001
TMR0IE                            00000005
TMR0IF                            00000002
TMR0_AYARLA                       00000044
TMR1                              0000000E
TMR1CS                            00000001
TMR1H                             0000000F
TMR1IE                            00000000
TMR1IF                            00000000
TMR1L                             0000000E
TMR1ON                            00000000
TMR2                              00000011
TMR2IE                            00000001
TMR2IF                            00000001
MPASM 5.84   TMR0_GECIKMELI_BUTONLED_PRJ.ASM   11-15-2021  23:14:01         PAGE 10


SYMBOL TABLE
  LABEL                             VALUE 

TMR2ON                            00000002
TOUTPS0                           00000003
TOUTPS1                           00000004
TOUTPS2                           00000005
TOUTPS3                           00000006
TRISA                             00000085
TRISA0                            00000000
TRISA1                            00000001
TRISA2                            00000002
TRISA3                            00000003
TRISA4                            00000004
TRISA5                            00000005
TRISB                             00000086
TRISB0                            00000000
TRISB1                            00000001
TRISB2                            00000002
TRISB3                            00000003
TRISB4                            00000004
TRISB5                            00000005
TRISB6                            00000006
TRISB7                            00000007
TRISC                             00000087
TRISC0                            00000000
TRISC1                            00000001
TRISC2                            00000002
TRISC3                            00000003
TRISC4                            00000004
TRISC5                            00000005
TRISC6                            00000006
TRISC7                            00000007
TRISD                             00000088
TRISD0                            00000000
TRISD1                            00000001
TRISD2                            00000002
TRISD3                            00000003
TRISD4                            00000004
TRISD5                            00000005
TRISD6                            00000006
TRISD7                            00000007
TRISE                             00000089
TRISE0                            00000000
TRISE1                            00000001
TRISE2                            00000002
TRMT                              00000001
TX8_9                             00000006
TX9                               00000006
TX9D                              00000000
TXD8                              00000000
TXEN                              00000005
TXIE                              00000004
TXIF                              00000004
TXREG                             00000019
TXSTA                             00000098
MPASM 5.84   TMR0_GECIKMELI_BUTONLED_PRJ.ASM   11-15-2021  23:14:01         PAGE 11


SYMBOL TABLE
  LABEL                             VALUE 

UA                                00000001
W                                 00000000
WCOL                              00000007
WR                                00000001
WREN                              00000002
WRERR                             00000003
YAK                               00000027
Z                                 00000002
_BODEN_OFF                        00003FBF
_BODEN_ON                         00003FFF
_BOREN_OFF                        00003FBF
_BOREN_ON                         00003FFF
_CONFIG                           00002007
_CPD_OFF                          00003FFF
_CPD_ON                           00003EFF
_CP_ALL                           00001FFF
_CP_OFF                           00003FFF
_CP_ON                            00001FFF
_DEBUG_OFF                        00003FFF
_DEBUG_ON                         000037FF
_DEVID1                           00002006
_FOSC_EXTRC                       00003FFF
_FOSC_HS                          00003FFE
_FOSC_LP                          00003FFC
_FOSC_XT                          00003FFD
_HS_OSC                           00003FFE
_IDLOC0                           00002000
_IDLOC1                           00002001
_IDLOC2                           00002002
_IDLOC3                           00002003
_LP_OSC                           00003FFC
_LVP_OFF                          00003F7F
_LVP_ON                           00003FFF
_PWRTE_OFF                        00003FFF
_PWRTE_ON                         00003FF7
_RC_OSC                           00003FFF
_WDTE_OFF                         00003FFB
_WDTE_ON                          00003FFF
_WDT_OFF                          00003FFB
_WDT_ON                           00003FFF
_WRT_1FOURTH                      00003BFF
_WRT_256                          00003DFF
_WRT_HALF                         000039FF
_WRT_OFF                          00003FFF
_XT_OSC                           00003FFD
__16F877A                         00000001
pclath_temp                       0000007F
status_temp                       0000007E
w_temp                            0000007D

MPASM 5.84   TMR0_GECIKMELI_BUTONLED_PRJ.ASM   11-15-2021  23:14:01         PAGE 12





Errors   :     0
Warnings :    11 reported,     0 suppressed
Messages :     4 reported,     0 suppressed

