MPASM 5.84        ADC_TMR0_GECIKMELI_PRJ.ASM   12-7-2021  12:37:36         PAGE  1


LOC  OBJECT CODE     LINE SOURCE TEXT
  VALUE

                      00001 ;ADC SABLONU
                      00002 
                      00003             list                p=16f877A       
                      00004             #include    <p16f877A.inc>  
                      00001         LIST
                      00002 
                      00003 ;==========================================================================
                      00004 ; Build date : Mar 17 2019
                      00005 ;  MPASM PIC16F877A processor include
                      00006 ; 
                      00007 ;  (c) Copyright 1999-2019 Microchip Technology, All rights reserved
                      00008 ;==========================================================================
                      00009 
                      00567         LIST
                      00005 
                      00006     ;KULLANILACAK DEGISKENLER
                      00007     
Warning[207]: Found label after column 1. (KACKEZ)
  00000020            00008     KACKEZ      EQU     0x20
                      00009    
Warning[207]: Found label after column 1. (w_temp)
  0000007D            00010     w_temp      EQU     0x7D            
Warning[207]: Found label after column 1. (status_temp)
  0000007E            00011     status_temp EQU     0x7E            
Warning[207]: Found label after column 1. (pclath_temp)
  0000007F            00012     pclath_temp EQU     0x7F                                    
                      00013     ;********************************************************************************************
                      00014             ORG     0x000               
                      00015 
0000   0000           00016             nop                                                 
0001   2???           00017             goto    BASLA              
                      00018 
                      00019     ;**********************************************************************************************
                      00020             ORG     0x004               
                      00021 
0004   00FD           00022             movwf   w_temp              
0005   0803           00023             movf    STATUS,w            
0006   00FE           00024             movwf   status_temp         
0007   080A           00025             movf    PCLATH,w                    
0008   00FF           00026             movwf   pclath_temp                 
                      00027 
0009   110B           00028             BCF INTCON,T0IF
                      00029         
000A   0BA0           00030             DECFSZ  KACKEZ,F
000B   2???           00031             GOTO    CIK
000C   2???           00032             CALL    ADC_OKU
                      00033             
000D   3014           00034             MOVLW   d'20'
000E   00A0           00035             MOVWF   KACKEZ
Warning[207]: Found label after column 1. (CIK)
000F                  00036     CIK     
000F   178B           00037             BSF INTCON,GIE
0010   087F           00038             movf    pclath_temp,w               
MPASM 5.84        ADC_TMR0_GECIKMELI_PRJ.ASM   12-7-2021  12:37:36         PAGE  2


LOC  OBJECT CODE     LINE SOURCE TEXT
  VALUE

0011   008A           00039             movwf   PCLATH                              
0012   087E           00040             movf    status_temp,w       
0013   0083           00041             movwf   STATUS              
0014   0EFD           00042             swapf   w_temp,f 
0015   0E7D           00043             swapf   w_temp,w            
0016   0009           00044             retfie                      
                      00045     ;***********************************************************************************************
Warning[207]: Found label after column 1. (ADC_AYARLA)
0017                  00046     ADC_AYARLA  
                      00047             ;FOSC/2 SECMEK ICIN 0-00 DEGERI YUKLICEZ
                      00048             ;FOSC/4 SECMEK ICIN 1-00 DEGERI YUKLICEZ
                      00049             ;FOSC/8 SECMEK ICIN 0-01 DEGERI YUKLICEZ
                      00050             ;FOSC/16 SECMEK ICIN 1-01 DEGERI YUKLICEZ
                      00051             ;FOSC/32 SECMEK ICIN 0-10 DEGERI YUKLICEZ
                      00052             ;FOSC/64 SECMEK ICIN 1-10 DEGERI YUKLICEZ
                      00053             ;SABLONDA FOSC/32 KULLANMISIZ
0017   1283 1303      00054             BANKSEL ADCON0
0019   3089           00055             MOVLW   b'10001001' ; ADCON0'IN 3,4,5 BITINDEN POTU BAGLADIGIN YERE GORE AYAR YAP. BURDA RA1
                            /AN1 ICIN AYAR YAPMISIM.
001A   009F           00056             MOVWF   ADCON0
                      00057 
001B   1683 1303      00058             BANKSEL ADCON1
001D   3080           00059             MOVLW   b'10000000'
Message[302]: Register in operand not in bank 0.  Ensure that bank bits are correct.
001E   009F           00060             MOVWF   ADCON1
                      00061             
                      00062             ;TRISA'NIN HEPSINI GIRIS YAPALIM
001F   1683 1303      00063             BANKSEL TRISA
0021   30FF           00064             MOVLW   b'11111111'
Message[302]: Register in operand not in bank 0.  Ensure that bank bits are correct.
0022   0085           00065             MOVWF   TRISA
                      00066 
0023   0008           00067             RETURN
                      00068     ;***********************************************************************************************
Warning[207]: Found label after column 1. (ADC_OKU)
0024                  00069     ADC_OKU
                      00070             ;GO/DONE 'I YANI ADCNIN FLAGINI 1 YAPALIM
0024   1283 1303      00071             BANKSEL ADCON0
0026   151F           00072             BSF     ADCON0,GO
                      00073 
                      00074             ;GO/DONE 0 OLANA KADAR YANI ADCNIN BAYRAGI 0 OLANA KADAR DONGUYE ALDIK. 1 OLUNCA DONGUDEN CI
                            KACAK.
Warning[207]: Found label after column 1. (DONGU)
0027   191F           00075     DONGU   BTFSC   ADCON0,GO
0028   2???           00076             GOTO    DONGU
                      00077 
0029   1283 1303      00078             BANKSEL ADRESH
002B   081E           00079             MOVF    ADRESH,W ;SAYI H YERINE 2 LED OLAN PORTA YAZDIR. MESELA PORTBDE OLSUN BANKSEL PORTB 
                            MOVWF PORTB YAP.
002C   1283 1303      00080             BANKSEL PORTC
002E   0087           00081             MOVWF   PORTC
                      00082 
002F   1683 1303      00083             BANKSEL ADRESL
MPASM 5.84        ADC_TMR0_GECIKMELI_PRJ.ASM   12-7-2021  12:37:36         PAGE  3


LOC  OBJECT CODE     LINE SOURCE TEXT
  VALUE

Message[302]: Register in operand not in bank 0.  Ensure that bank bits are correct.
0031   081E           00084             MOVF    ADRESL,W ;SAYI L YERINE 8 LED OLAN PORTA YAZDIR. MESELA PORTCDE OLSUN BANKSEL PORTC 
                            MOVWF PORTC YAP.
0032   1283 1303      00085             BANKSEL PORTB
0034   0086           00086             MOVWF   PORTB
                      00087 
0035   0008           00088             RETURN
                      00089     ;***********************************************************************************************
Warning[207]: Found label after column 1. (PORT_AYARLA)
0036                  00090     PORT_AYARLA
                      00091             
0036   1683 1303      00092             BANKSEL TRISB
Message[302]: Register in operand not in bank 0.  Ensure that bank bits are correct.
0038   0186           00093             CLRF    TRISB
Message[302]: Register in operand not in bank 0.  Ensure that bank bits are correct.
0039   0187           00094             CLRF    TRISC
003A   1283 1303      00095             BANKSEL PORTB
003C   0186           00096             CLRF    PORTB
003D   0187           00097             CLRF    PORTC
                      00098     
003E   0008           00099             RETURN
                      00100     ;***********************************************************************************************
Warning[207]: Found label after column 1. (TMR0_AYARLA)
003F                  00101     TMR0_AYARLA
003F   1683 1303      00102             BANKSEL OPTION_REG
0041   3001           00103             MOVLW   b'00000001' ;PRESCALAR AYARLAMA
Message[302]: Register in operand not in bank 0.  Ensure that bank bits are correct.
0042   0081           00104             MOVWF   OPTION_REG
                      00105         
0043   1283 1303      00106             BANKSEL TMR0    ;TMR0 AYARLAMA
0045   3006           00107             MOVLW   d'6'
0046   0081           00108             MOVWF   TMR0
                      00109             
0047   3014           00110             MOVLW   d'20'   ;COUNTER AYARLAMA
0048   00A0           00111             MOVWF   KACKEZ 
                      00112             
0049   168B           00113             BSF     INTCON,T0IE
004A   178B           00114             BSF     INTCON,GIE
                      00115             
004B   0008           00116             RETURN
                      00117     ;***********************************************************************************************
Warning[207]: Found label after column 1. (BASLA)
004C                  00118     BASLA
004C   2???           00119             CALL    PORT_AYARLA
004D   2???           00120             CALL    TMR0_AYARLA
004E   2???           00121             CALL    ADC_AYARLA
                      00122     
Warning[207]: Found label after column 1. (XD)
004F                  00123     XD   
004F   2???           00124             GOTO    XD
                      00125 
                      00126             END                       ; Program sonu
MPASM 5.84        ADC_TMR0_GECIKMELI_PRJ.ASM   12-7-2021  12:37:36         PAGE  4


SYMBOL TABLE
  LABEL                             VALUE 

ACKDT                             00000005
ACKEN                             00000004
ACKSTAT                           00000006
ADCON0                            0000001F
ADCON1                            0000009F
ADCS0                             00000006
ADCS1                             00000007
ADCS2                             00000006
ADC_AYARLA                        00000017
ADC_OKU                           00000024
ADDEN                             00000003
ADFM                              00000007
ADIE                              00000006
ADIF                              00000006
ADON                              00000000
ADRESH                            0000001E
ADRESL                            0000009E
BASLA                             0000004C
BCLIE                             00000003
BCLIF                             00000003
BF                                00000000
BRGH                              00000002
C                                 00000000
C1INV                             00000004
C1OUT                             00000006
C2INV                             00000005
C2OUT                             00000007
CCP1CON                           00000017
CCP1IE                            00000002
CCP1IF                            00000002
CCP1M0                            00000000
CCP1M1                            00000001
CCP1M2                            00000002
CCP1M3                            00000003
CCP1X                             00000005
CCP1Y                             00000004
CCP2CON                           0000001D
CCP2IE                            00000000
CCP2IF                            00000000
CCP2M0                            00000000
CCP2M1                            00000001
CCP2M2                            00000002
CCP2M3                            00000003
CCP2X                             00000005
CCP2Y                             00000004
CCPR1                             00000015
CCPR1H                            00000016
CCPR1L                            00000015
CCPR2                             0000001B
CCPR2H                            0000001C
CCPR2L                            0000001B
CHS0                              00000003
CHS1                              00000004
MPASM 5.84        ADC_TMR0_GECIKMELI_PRJ.ASM   12-7-2021  12:37:36         PAGE  5


SYMBOL TABLE
  LABEL                             VALUE 

CHS2                              00000005
CIK                               0000000F
CIS                               00000003
CKE                               00000006
CKP                               00000004
CM0                               00000000
CM1                               00000001
CM2                               00000002
CMCON                             0000009C
CMIE                              00000006
CMIF                              00000006
CREN                              00000004
CSRC                              00000007
CVR0                              00000000
CVR1                              00000001
CVR2                              00000002
CVR3                              00000003
CVRCON                            0000009D
CVREN                             00000007
CVROE                             00000006
CVRR                              00000005
D                                 00000005
DATA_ADDRESS                      00000005
DC                                00000001
DONGU                             00000027
D_A                               00000005
D_NOT_A                           00000005
EEADR                             0000010D
EEADRH                            0000010F
EECON1                            0000018C
EECON2                            0000018D
EEDATA                            0000010C
EEDATH                            0000010E
EEIE                              00000004
EEIF                              00000004
EEPGD                             00000007
F                                 00000001
FERR                              00000002
FSR                               00000004
GCEN                              00000007
GIE                               00000007
GO                                00000002
GO_DONE                           00000002
GO_NOT_DONE                       00000002
I2C_DATA                          00000005
I2C_READ                          00000002
I2C_START                         00000003
I2C_STOP                          00000004
IBF                               00000007
IBOV                              00000005
INDF                              00000000
INTCON                            0000000B
INTE                              00000004
MPASM 5.84        ADC_TMR0_GECIKMELI_PRJ.ASM   12-7-2021  12:37:36         PAGE  6


SYMBOL TABLE
  LABEL                             VALUE 

INTEDG                            00000006
INTF                              00000001
IRP                               00000007
KACKEZ                            00000020
NOT_A                             00000005
NOT_ADDRESS                       00000005
NOT_BO                            00000000
NOT_BOR                           00000000
NOT_DONE                          00000002
NOT_PD                            00000003
NOT_POR                           00000001
NOT_RBPU                          00000007
NOT_RC8                           00000006
NOT_T1SYNC                        00000002
NOT_TO                            00000004
NOT_TX8                           00000006
NOT_W                             00000002
NOT_WRITE                         00000002
OBF                               00000006
OERR                              00000001
OPTION_REG                        00000081
P                                 00000004
PCFG0                             00000000
PCFG1                             00000001
PCFG2                             00000002
PCFG3                             00000003
PCL                               00000002
PCLATH                            0000000A
PCON                              0000008E
PEIE                              00000006
PEN                               00000002
PIE1                              0000008C
PIE2                              0000008D
PIR1                              0000000C
PIR2                              0000000D
PORTA                             00000005
PORTB                             00000006
PORTC                             00000007
PORTD                             00000008
PORTE                             00000009
PORT_AYARLA                       00000036
PR2                               00000092
PS0                               00000000
PS1                               00000001
PS2                               00000002
PSA                               00000003
PSPIE                             00000007
PSPIF                             00000007
PSPMODE                           00000004
R                                 00000002
RA0                               00000000
RA1                               00000001
RA2                               00000002
MPASM 5.84        ADC_TMR0_GECIKMELI_PRJ.ASM   12-7-2021  12:37:36         PAGE  7


SYMBOL TABLE
  LABEL                             VALUE 

RA3                               00000003
RA4                               00000004
RA5                               00000005
RB0                               00000000
RB1                               00000001
RB2                               00000002
RB3                               00000003
RB4                               00000004
RB5                               00000005
RB6                               00000006
RB7                               00000007
RBIE                              00000003
RBIF                              00000000
RC0                               00000000
RC1                               00000001
RC2                               00000002
RC3                               00000003
RC4                               00000004
RC5                               00000005
RC6                               00000006
RC7                               00000007
RC8_9                             00000006
RC9                               00000006
RCD8                              00000000
RCEN                              00000003
RCIE                              00000005
RCIF                              00000005
RCREG                             0000001A
RCSTA                             00000018
RD                                00000000
RD0                               00000000
RD1                               00000001
RD2                               00000002
RD3                               00000003
RD4                               00000004
RD5                               00000005
RD6                               00000006
RD7                               00000007
RE0                               00000000
RE1                               00000001
RE2                               00000002
READ_WRITE                        00000002
RP0                               00000005
RP1                               00000006
RSEN                              00000001
RX9                               00000006
RX9D                              00000000
R_NOT_W                           00000002
R_W                               00000002
S                                 00000003
SEN                               00000000
SMP                               00000007
SPBRG                             00000099
MPASM 5.84        ADC_TMR0_GECIKMELI_PRJ.ASM   12-7-2021  12:37:36         PAGE  8


SYMBOL TABLE
  LABEL                             VALUE 

SPEN                              00000007
SREN                              00000005
SSPADD                            00000093
SSPBUF                            00000013
SSPCON                            00000014
SSPCON2                           00000091
SSPEN                             00000005
SSPIE                             00000003
SSPIF                             00000003
SSPM0                             00000000
SSPM1                             00000001
SSPM2                             00000002
SSPM3                             00000003
SSPOV                             00000006
SSPSTAT                           00000094
STATUS                            00000003
SYNC                              00000004
T0CS                              00000005
T0IE                              00000005
T0IF                              00000002
T0SE                              00000004
T1CKPS0                           00000004
T1CKPS1                           00000005
T1CON                             00000010
T1INSYNC                          00000002
T1OSCEN                           00000003
T1SYNC                            00000002
T2CKPS0                           00000000
T2CKPS1                           00000001
T2CON                             00000012
TMR0                              00000001
TMR0IE                            00000005
TMR0IF                            00000002
TMR0_AYARLA                       0000003F
TMR1                              0000000E
TMR1CS                            00000001
TMR1H                             0000000F
TMR1IE                            00000000
TMR1IF                            00000000
TMR1L                             0000000E
TMR1ON                            00000000
TMR2                              00000011
TMR2IE                            00000001
TMR2IF                            00000001
TMR2ON                            00000002
TOUTPS0                           00000003
TOUTPS1                           00000004
TOUTPS2                           00000005
TOUTPS3                           00000006
TRISA                             00000085
TRISA0                            00000000
TRISA1                            00000001
TRISA2                            00000002
MPASM 5.84        ADC_TMR0_GECIKMELI_PRJ.ASM   12-7-2021  12:37:36         PAGE  9


SYMBOL TABLE
  LABEL                             VALUE 

TRISA3                            00000003
TRISA4                            00000004
TRISA5                            00000005
TRISB                             00000086
TRISB0                            00000000
TRISB1                            00000001
TRISB2                            00000002
TRISB3                            00000003
TRISB4                            00000004
TRISB5                            00000005
TRISB6                            00000006
TRISB7                            00000007
TRISC                             00000087
TRISC0                            00000000
TRISC1                            00000001
TRISC2                            00000002
TRISC3                            00000003
TRISC4                            00000004
TRISC5                            00000005
TRISC6                            00000006
TRISC7                            00000007
TRISD                             00000088
TRISD0                            00000000
TRISD1                            00000001
TRISD2                            00000002
TRISD3                            00000003
TRISD4                            00000004
TRISD5                            00000005
TRISD6                            00000006
TRISD7                            00000007
TRISE                             00000089
TRISE0                            00000000
TRISE1                            00000001
TRISE2                            00000002
TRMT                              00000001
TX8_9                             00000006
TX9                               00000006
TX9D                              00000000
TXD8                              00000000
TXEN                              00000005
TXIE                              00000004
TXIF                              00000004
TXREG                             00000019
TXSTA                             00000098
UA                                00000001
W                                 00000000
WCOL                              00000007
WR                                00000001
WREN                              00000002
WRERR                             00000003
XD                                0000004F
Z                                 00000002
_BODEN_OFF                        00003FBF
MPASM 5.84        ADC_TMR0_GECIKMELI_PRJ.ASM   12-7-2021  12:37:36         PAGE 10


SYMBOL TABLE
  LABEL                             VALUE 

_BODEN_ON                         00003FFF
_BOREN_OFF                        00003FBF
_BOREN_ON                         00003FFF
_CONFIG                           00002007
_CPD_OFF                          00003FFF
_CPD_ON                           00003EFF
_CP_ALL                           00001FFF
_CP_OFF                           00003FFF
_CP_ON                            00001FFF
_DEBUG_OFF                        00003FFF
_DEBUG_ON                         000037FF
_DEVID1                           00002006
_FOSC_EXTRC                       00003FFF
_FOSC_HS                          00003FFE
_FOSC_LP                          00003FFC
_FOSC_XT                          00003FFD
_HS_OSC                           00003FFE
_IDLOC0                           00002000
_IDLOC1                           00002001
_IDLOC2                           00002002
_IDLOC3                           00002003
_LP_OSC                           00003FFC
_LVP_OFF                          00003F7F
_LVP_ON                           00003FFF
_PWRTE_OFF                        00003FFF
_PWRTE_ON                         00003FF7
_RC_OSC                           00003FFF
_WDTE_OFF                         00003FFB
_WDTE_ON                          00003FFF
_WDT_OFF                          00003FFB
_WDT_ON                           00003FFF
_WRT_1FOURTH                      00003BFF
_WRT_256                          00003DFF
_WRT_HALF                         000039FF
_WRT_OFF                          00003FFF
_XT_OSC                           00003FFD
__16F877A                         00000001
pclath_temp                       0000007F
status_temp                       0000007E
w_temp                            0000007D

Errors   :     0
Warnings :    12 reported,     0 suppressed
Messages :     6 reported,     0 suppressed

