MPASM 5.84                       ADC_PRJ.ASM   12-7-2021  12:39:12         PAGE  1


LOC  OBJECT CODE     LINE SOURCE TEXT
  VALUE

                      00001     ;KODLAMA SABLONU
                      00002 
                      00003             list                p=16f877A       
                      00004             #include    <p16f877A.inc>  
                      00001         LIST
                      00002 
                      00003 ;==========================================================================
                      00004 ; Build date : Mar 17 2019
                      00005 ;  MPASM PIC16F877A processor include
                      00006 ; 
                      00007 ;  (c) Copyright 1999-2019 Microchip Technology, All rights reserved
                      00008 ;==========================================================================
                      00009 
                      00567         LIST
                      00005 
                      00006 
                      00007 
                      00008 
                      00009     ;KULLANILACAK DEGISKENLER   
Warning[207]: Found label after column 1. (D1)
  00000022            00010     D1                  EQU     0x22
Warning[207]: Found label after column 1. (D2)
  00000023            00011     D2                  EQU     0x23
Warning[207]: Found label after column 1. (D3)
  00000024            00012     D3                  EQU     0x24
Warning[207]: Found label after column 1. (G1)
  00000025            00013     G1                  EQU     0x25
Warning[207]: Found label after column 1. (G2)
  00000026            00014     G2                  EQU     0x26
Warning[207]: Found label after column 1. (G3)
  00000027            00015     G3                  EQU     0x27
                      00016    
Warning[207]: Found label after column 1. (w_temp)
  0000007D            00017     w_temp      EQU     0x7D            
Warning[207]: Found label after column 1. (status_temp)
  0000007E            00018     status_temp EQU     0x7E            
Warning[207]: Found label after column 1. (pclath_temp)
  0000007F            00019     pclath_temp EQU     0x7F                                    
                      00020     ;********************************************************************************************
                      00021             ORG     0x000               
                      00022 
0000   0000           00023             nop                                                 
0001   2???           00024             goto    BASLA              
                      00025 
                      00026     ;**********************************************************************************************
                      00027             ORG     0x004               
                      00028 
0004   00FD           00029             movwf   w_temp              
0005   0803           00030             movf        STATUS,w                
0006   00FE           00031             movwf       status_temp             
0007   080A           00032             movf        PCLATH,w                        
0008   00FF           00033             movwf       pclath_temp                     
                      00034 
MPASM 5.84                       ADC_PRJ.ASM   12-7-2021  12:39:12         PAGE  2


LOC  OBJECT CODE     LINE SOURCE TEXT
  VALUE

                      00035 
0009   087F           00036             movf        pclath_temp,w           
000A   008A           00037             movwf       PCLATH                          
000B   087E           00038             movf    status_temp,w       
000C   0083           00039             movwf       STATUS                  
000D   0EFD           00040             swapf   w_temp,f 
000E   0E7D           00041             swapf   w_temp,w            
000F   0009           00042             retfie                      
                      00043     ;***********************************************************************************************
Warning[207]: Found label after column 1. (GECIKME)
0010                  00044     GECIKME
0010   3005           00045             MOVLW   0x05
0011   00A4           00046             MOVWF   D3
                      00047     
Warning[207]: Found label after column 1. (LOOP3)
0012   30FF           00048     LOOP3   MOVLW   0xFF
0013   00A3           00049             MOVWF   D2
                      00050             
Warning[207]: Found label after column 1. (LOOP2)
0014   30FF           00051     LOOP2   MOVLW   0xFF
0015   00A2           00052             MOVWF   D1
                      00053             
Warning[207]: Found label after column 1. (LOOP1)
0016   0BA2           00054     LOOP1   DECFSZ  D1,F
0017   2???           00055             GOTO    LOOP1
                      00056             
0018   0BA3           00057             DECFSZ  D2,F
0019   2???           00058             GOTO    LOOP2
                      00059             
001A   0BA4           00060             DECFSZ  D3,F
001B   2???           00061             GOTO    LOOP3
001C   0008           00062             RETURN
                      00063     ;***********************************************************************************************
Warning[207]: Found label after column 1. (GECIKME_50MSN)
001D                  00064     GECIKME_50MSN
001D   300F           00065             MOVLW   0x0F
001E   00A5           00066             MOVWF   G1
                      00067             
001F   3029           00068             MOVLW   0x29
0020   00A6           00069             MOVWF   G2
                      00070             
Warning[207]: Found label after column 1. (D50_D)
0021                  00071     D50_D   
0021   0BA5           00072             DECFSZ  G1,F
0022   2???           00073             GOTO    D50_D
0023   0BA6           00074             DECFSZ  G2,F
0024   2???           00075             GOTO    D50_D
0025   0008           00076             RETURN
                      00077     ;***********************************************************************************************
Warning[207]: Found label after column 1. (ADC_AYARLA)
0026                  00078     ADC_AYARLA  
                      00079             ;FOSC/2 SECMEK ICIN 0-00 DEGERI YUKLICEZ
                      00080             ;FOSC/4 SECMEK ICIN 1-00 DEGERI YUKLICEZ
MPASM 5.84                       ADC_PRJ.ASM   12-7-2021  12:39:12         PAGE  3


LOC  OBJECT CODE     LINE SOURCE TEXT
  VALUE

                      00081             ;FOSC/8 SECMEK ICIN 0-01 DEGERI YUKLICEZ
                      00082             ;FOSC/16 SECMEK ICIN 1-01 DEGERI YUKLICEZ
                      00083             ;FOSC/32 SECMEK ICIN 0-10 DEGERI YUKLICEZ
                      00084             ;FOSC/64 SECMEK ICIN 1-10 DEGERI YUKLICEZ
                      00085             ;SABLONDA FOSC/32 KULLANMISIZ
0026   1283 1303      00086             BANKSEL ADCON0
0028   30B1           00087             MOVLW   b'10110001' ; ADCON0'IN 3,4,5 BITINDEN POTU BAGLADIGIN YERE GORE AYAR YAP. BURDA RA1
                            /AN1 ICIN AYAR YAPMISIM.
0029   009F           00088             MOVWF   ADCON0
                      00089 
002A   1683 1303      00090             BANKSEL ADCON1
002C   3080           00091             MOVLW   b'10000000'
Message[302]: Register in operand not in bank 0.  Ensure that bank bits are correct.
002D   009F           00092             MOVWF   ADCON1
                      00093             
                      00094             ;TRISA'NIN HEPSINI GIRIS YAPALIM
002E   1683 1303      00095             BANKSEL TRISA
0030   30FF           00096             MOVLW   b'11111111'
Message[302]: Register in operand not in bank 0.  Ensure that bank bits are correct.
0031   0085           00097             MOVWF   TRISA
                      00098             
0032   2???           00099             CALL    GECIKME_50MSN
                      00100 
0033   0008           00101             RETURN
                      00102     ;***********************************************************************************************
Warning[207]: Found label after column 1. (ADC_OKU)
0034                  00103     ADC_OKU
                      00104             ;GO/DONE 'I YANI ADCNIN FLAGINI 1 YAPALIM
0034   1283 1303      00105             BANKSEL ADCON0
0036   151F           00106             BSF     ADCON0,GO
                      00107 
                      00108             ;GO/DONE 0 OLANA KADAR YANI ADCNIN BAYRAGI 0 OLANA KADAR DONGUYE ALDIK. 1 OLUNCA DONGUDEN CI
                            KACAK.
Warning[207]: Found label after column 1. (DONGU)
0037   191F           00109     DONGU   BTFSC   ADCON0,GO
0038   2???           00110             GOTO    DONGU
                      00111 
0039   1283 1303      00112             BANKSEL ADRESH
003B   081E           00113             MOVF    ADRESH,W ;SAYI H YERINE 2 LED OLAN PORTA YAZDIR. MESELA PORTBDE OLSUN BANKSEL PORTB 
                            MOVWF PORTB YAP.
003C   1283 1303      00114             BANKSEL PORTC
003E   0087           00115             MOVWF   PORTC
                      00116 
003F   1683 1303      00117             BANKSEL ADRESL
Message[302]: Register in operand not in bank 0.  Ensure that bank bits are correct.
0041   081E           00118             MOVF    ADRESL,W ;SAYI L YERINE 8 LED OLAN PORTA YAZDIR. MESELA PORTCDE OLSUN BANKSEL PORTC 
                            MOVWF PORTC YAP.
0042   1283 1303      00119             BANKSEL PORTB
0044   0086           00120             MOVWF   PORTB
                      00121 
0045   0008           00122             RETURN
                      00123     ;***********************************************************************************************
Warning[207]: Found label after column 1. (PORT_AYARLA)
MPASM 5.84                       ADC_PRJ.ASM   12-7-2021  12:39:12         PAGE  4


LOC  OBJECT CODE     LINE SOURCE TEXT
  VALUE

0046                  00124     PORT_AYARLA
                      00125             
0046   1683 1303      00126             BANKSEL TRISB
Message[302]: Register in operand not in bank 0.  Ensure that bank bits are correct.
0048   0186           00127             CLRF    TRISB
Message[302]: Register in operand not in bank 0.  Ensure that bank bits are correct.
0049   0187           00128             CLRF    TRISC
                      00129             
004A   1283 1303      00130             BANKSEL PORTB
004C   0186           00131             CLRF    PORTB
004D   0187           00132             CLRF    PORTC
                      00133     
004E   0008           00134             RETURN
                      00135     ;***********************************************************************************************
Warning[207]: Found label after column 1. (BASLA)
004F                  00136     BASLA
004F   2???           00137             CALL    PORT_AYARLA
0050   2???           00138             CALL    ADC_AYARLA
                      00139     
Warning[207]: Found label after column 1. (XD)
0051   2???           00140     XD      CALL    GECIKME_50MSN
0052   2???           00141             CALL    ADC_OKU
0053   2???           00142             GOTO    XD
                      00143 
                      00144             END                       ; Program sonu
MPASM 5.84                       ADC_PRJ.ASM   12-7-2021  12:39:12         PAGE  5


SYMBOL TABLE
  LABEL                             VALUE 

ACKDT                             00000005
ACKEN                             00000004
ACKSTAT                           00000006
ADCON0                            0000001F
ADCON1                            0000009F
ADCS0                             00000006
ADCS1                             00000007
ADCS2                             00000006
ADC_AYARLA                        00000026
ADC_OKU                           00000034
ADDEN                             00000003
ADFM                              00000007
ADIE                              00000006
ADIF                              00000006
ADON                              00000000
ADRESH                            0000001E
ADRESL                            0000009E
BASLA                             0000004F
BCLIE                             00000003
BCLIF                             00000003
BF                                00000000
BRGH                              00000002
C                                 00000000
C1INV                             00000004
C1OUT                             00000006
C2INV                             00000005
C2OUT                             00000007
CCP1CON                           00000017
CCP1IE                            00000002
CCP1IF                            00000002
CCP1M0                            00000000
CCP1M1                            00000001
CCP1M2                            00000002
CCP1M3                            00000003
CCP1X                             00000005
CCP1Y                             00000004
CCP2CON                           0000001D
CCP2IE                            00000000
CCP2IF                            00000000
CCP2M0                            00000000
CCP2M1                            00000001
CCP2M2                            00000002
CCP2M3                            00000003
CCP2X                             00000005
CCP2Y                             00000004
CCPR1                             00000015
CCPR1H                            00000016
CCPR1L                            00000015
CCPR2                             0000001B
CCPR2H                            0000001C
CCPR2L                            0000001B
CHS0                              00000003
CHS1                              00000004
MPASM 5.84                       ADC_PRJ.ASM   12-7-2021  12:39:12         PAGE  6


SYMBOL TABLE
  LABEL                             VALUE 

CHS2                              00000005
CIS                               00000003
CKE                               00000006
CKP                               00000004
CM0                               00000000
CM1                               00000001
CM2                               00000002
CMCON                             0000009C
CMIE                              00000006
CMIF                              00000006
CREN                              00000004
CSRC                              00000007
CVR0                              00000000
CVR1                              00000001
CVR2                              00000002
CVR3                              00000003
CVRCON                            0000009D
CVREN                             00000007
CVROE                             00000006
CVRR                              00000005
D                                 00000005
D1                                00000022
D2                                00000023
D3                                00000024
D50_D                             00000021
DATA_ADDRESS                      00000005
DC                                00000001
DONGU                             00000037
D_A                               00000005
D_NOT_A                           00000005
EEADR                             0000010D
EEADRH                            0000010F
EECON1                            0000018C
EECON2                            0000018D
EEDATA                            0000010C
EEDATH                            0000010E
EEIE                              00000004
EEIF                              00000004
EEPGD                             00000007
F                                 00000001
FERR                              00000002
FSR                               00000004
G1                                00000025
G2                                00000026
G3                                00000027
GCEN                              00000007
GECIKME                           00000010
GECIKME_50MSN                     0000001D
GIE                               00000007
GO                                00000002
GO_DONE                           00000002
GO_NOT_DONE                       00000002
I2C_DATA                          00000005
MPASM 5.84                       ADC_PRJ.ASM   12-7-2021  12:39:12         PAGE  7


SYMBOL TABLE
  LABEL                             VALUE 

I2C_READ                          00000002
I2C_START                         00000003
I2C_STOP                          00000004
IBF                               00000007
IBOV                              00000005
INDF                              00000000
INTCON                            0000000B
INTE                              00000004
INTEDG                            00000006
INTF                              00000001
IRP                               00000007
LOOP1                             00000016
LOOP2                             00000014
LOOP3                             00000012
NOT_A                             00000005
NOT_ADDRESS                       00000005
NOT_BO                            00000000
NOT_BOR                           00000000
NOT_DONE                          00000002
NOT_PD                            00000003
NOT_POR                           00000001
NOT_RBPU                          00000007
NOT_RC8                           00000006
NOT_T1SYNC                        00000002
NOT_TO                            00000004
NOT_TX8                           00000006
NOT_W                             00000002
NOT_WRITE                         00000002
OBF                               00000006
OERR                              00000001
OPTION_REG                        00000081
P                                 00000004
PCFG0                             00000000
PCFG1                             00000001
PCFG2                             00000002
PCFG3                             00000003
PCL                               00000002
PCLATH                            0000000A
PCON                              0000008E
PEIE                              00000006
PEN                               00000002
PIE1                              0000008C
PIE2                              0000008D
PIR1                              0000000C
PIR2                              0000000D
PORTA                             00000005
PORTB                             00000006
PORTC                             00000007
PORTD                             00000008
PORTE                             00000009
PORT_AYARLA                       00000046
PR2                               00000092
PS0                               00000000
MPASM 5.84                       ADC_PRJ.ASM   12-7-2021  12:39:12         PAGE  8


SYMBOL TABLE
  LABEL                             VALUE 

PS1                               00000001
PS2                               00000002
PSA                               00000003
PSPIE                             00000007
PSPIF                             00000007
PSPMODE                           00000004
R                                 00000002
RA0                               00000000
RA1                               00000001
RA2                               00000002
RA3                               00000003
RA4                               00000004
RA5                               00000005
RB0                               00000000
RB1                               00000001
RB2                               00000002
RB3                               00000003
RB4                               00000004
RB5                               00000005
RB6                               00000006
RB7                               00000007
RBIE                              00000003
RBIF                              00000000
RC0                               00000000
RC1                               00000001
RC2                               00000002
RC3                               00000003
RC4                               00000004
RC5                               00000005
RC6                               00000006
RC7                               00000007
RC8_9                             00000006
RC9                               00000006
RCD8                              00000000
RCEN                              00000003
RCIE                              00000005
RCIF                              00000005
RCREG                             0000001A
RCSTA                             00000018
RD                                00000000
RD0                               00000000
RD1                               00000001
RD2                               00000002
RD3                               00000003
RD4                               00000004
RD5                               00000005
RD6                               00000006
RD7                               00000007
RE0                               00000000
RE1                               00000001
RE2                               00000002
READ_WRITE                        00000002
RP0                               00000005
MPASM 5.84                       ADC_PRJ.ASM   12-7-2021  12:39:12         PAGE  9


SYMBOL TABLE
  LABEL                             VALUE 

RP1                               00000006
RSEN                              00000001
RX9                               00000006
RX9D                              00000000
R_NOT_W                           00000002
R_W                               00000002
S                                 00000003
SEN                               00000000
SMP                               00000007
SPBRG                             00000099
SPEN                              00000007
SREN                              00000005
SSPADD                            00000093
SSPBUF                            00000013
SSPCON                            00000014
SSPCON2                           00000091
SSPEN                             00000005
SSPIE                             00000003
SSPIF                             00000003
SSPM0                             00000000
SSPM1                             00000001
SSPM2                             00000002
SSPM3                             00000003
SSPOV                             00000006
SSPSTAT                           00000094
STATUS                            00000003
SYNC                              00000004
T0CS                              00000005
T0IE                              00000005
T0IF                              00000002
T0SE                              00000004
T1CKPS0                           00000004
T1CKPS1                           00000005
T1CON                             00000010
T1INSYNC                          00000002
T1OSCEN                           00000003
T1SYNC                            00000002
T2CKPS0                           00000000
T2CKPS1                           00000001
T2CON                             00000012
TMR0                              00000001
TMR0IE                            00000005
TMR0IF                            00000002
TMR1                              0000000E
TMR1CS                            00000001
TMR1H                             0000000F
TMR1IE                            00000000
TMR1IF                            00000000
TMR1L                             0000000E
TMR1ON                            00000000
TMR2                              00000011
TMR2IE                            00000001
TMR2IF                            00000001
MPASM 5.84                       ADC_PRJ.ASM   12-7-2021  12:39:12         PAGE 10


SYMBOL TABLE
  LABEL                             VALUE 

TMR2ON                            00000002
TOUTPS0                           00000003
TOUTPS1                           00000004
TOUTPS2                           00000005
TOUTPS3                           00000006
TRISA                             00000085
TRISA0                            00000000
TRISA1                            00000001
TRISA2                            00000002
TRISA3                            00000003
TRISA4                            00000004
TRISA5                            00000005
TRISB                             00000086
TRISB0                            00000000
TRISB1                            00000001
TRISB2                            00000002
TRISB3                            00000003
TRISB4                            00000004
TRISB5                            00000005
TRISB6                            00000006
TRISB7                            00000007
TRISC                             00000087
TRISC0                            00000000
TRISC1                            00000001
TRISC2                            00000002
TRISC3                            00000003
TRISC4                            00000004
TRISC5                            00000005
TRISC6                            00000006
TRISC7                            00000007
TRISD                             00000088
TRISD0                            00000000
TRISD1                            00000001
TRISD2                            00000002
TRISD3                            00000003
TRISD4                            00000004
TRISD5                            00000005
TRISD6                            00000006
TRISD7                            00000007
TRISE                             00000089
TRISE0                            00000000
TRISE1                            00000001
TRISE2                            00000002
TRMT                              00000001
TX8_9                             00000006
TX9                               00000006
TX9D                              00000000
TXD8                              00000000
TXEN                              00000005
TXIE                              00000004
TXIF                              00000004
TXREG                             00000019
TXSTA                             00000098
MPASM 5.84                       ADC_PRJ.ASM   12-7-2021  12:39:12         PAGE 11


SYMBOL TABLE
  LABEL                             VALUE 

UA                                00000001
W                                 00000000
WCOL                              00000007
WR                                00000001
WREN                              00000002
WRERR                             00000003
XD                                00000051
Z                                 00000002
_BODEN_OFF                        00003FBF
_BODEN_ON                         00003FFF
_BOREN_OFF                        00003FBF
_BOREN_ON                         00003FFF
_CONFIG                           00002007
_CPD_OFF                          00003FFF
_CPD_ON                           00003EFF
_CP_ALL                           00001FFF
_CP_OFF                           00003FFF
_CP_ON                            00001FFF
_DEBUG_OFF                        00003FFF
_DEBUG_ON                         000037FF
_DEVID1                           00002006
_FOSC_EXTRC                       00003FFF
_FOSC_HS                          00003FFE
_FOSC_LP                          00003FFC
_FOSC_XT                          00003FFD
_HS_OSC                           00003FFE
_IDLOC0                           00002000
_IDLOC1                           00002001
_IDLOC2                           00002002
_IDLOC3                           00002003
_LP_OSC                           00003FFC
_LVP_OFF                          00003F7F
_LVP_ON                           00003FFF
_PWRTE_OFF                        00003FFF
_PWRTE_ON                         00003FF7
_RC_OSC                           00003FFF
_WDTE_OFF                         00003FFB
_WDTE_ON                          00003FFF
_WDT_OFF                          00003FFB
_WDT_ON                           00003FFF
_WRT_1FOURTH                      00003BFF
_WRT_256                          00003DFF
_WRT_HALF                         000039FF
_WRT_OFF                          00003FFF
_XT_OSC                           00003FFD
__16F877A                         00000001
pclath_temp                       0000007F
status_temp                       0000007E
w_temp                            0000007D

MPASM 5.84                       ADC_PRJ.ASM   12-7-2021  12:39:12         PAGE 12





Errors   :     0
Warnings :    21 reported,     0 suppressed
Messages :     5 reported,     0 suppressed

