MPASM 5.84                            AA.ASM   11-7-2021  19:52:35         PAGE  1


LOC  OBJECT CODE     LINE SOURCE TEXT
  VALUE

                      00001 ;KODLAMA SABLONU
                      00002 
                      00003         list            p=16f877A       ; hangi pic
                      00004         #include        <p16f877A.inc>  ; SFR register 'lar?n tan?mland??? kutuphane
                      00001         LIST
                      00002 
                      00003 ;==========================================================================
                      00004 ; Build date : Mar 17 2019
                      00005 ;  MPASM PIC16F877A processor include
                      00006 ; 
                      00007 ;  (c) Copyright 1999-2019 Microchip Technology, All rights reserved
                      00008 ;==========================================================================
                      00009 
                      00567         LIST
                      00005         
2007   3F31           00006         __CONFIG H'3F31'
                      00007 
                      00008 ; WDT, ossilatör gibi register ayarlar?
                      00009 
                      00010         
                      00011 ;KULLANILACAK DEGISKENLER
  00000020            00012 D1              EQU     0x20
  00000021            00013 D2              EQU     0x21    
  00000022            00014 D3              EQU     0x22                
                      00015 
  00000023            00016 BIRLER          EQU     0x23
  00000024            00017 ONLAR           EQU     0x24
  00000025            00018 SAYAC_BIRLER    EQU     0x25
  00000026            00019 SAYAC_ONLAR     EQU     0x26            
                      00020 ;***** Kesme durumunda kaydedilmesi gereken SFR ler icin kullanilacak yardimci degiskenler
  0000007D            00021 w_temp          EQU     0x7D            
  0000007E            00022 status_temp     EQU     0x7E            
  0000007F            00023 pclath_temp     EQU     0x7F                                    
                      00024 
                      00025 
                      00026 ;********************************************************************************************
                      00027         ORG     0x000                   ; Baslama vektoru
                      00028 
0000   0000           00029         nop                                                     ; ICD ozelliginin aktif edilmesi icin ge
                            reken bekleme 
0001   2???           00030         goto    BASLA                   ; baslama etiketine gir
                      00031 
                      00032         
                      00033 ;**********************************************************************************************
                      00034         ORG     0x004                   ; kesme vektoru
                      00035 
0004   00FD           00036         movwf   w_temp                  ; W n?n yedegini al
0005   0803           00037         movf    STATUS,w                ; Status un yedegini almak icin onu once W ya al
0006   00FE           00038         movwf   status_temp             ; Status u yedek register '?na al
0007   080A           00039         movf    PCLATH,w                        ; PCLATH '? yedeklemek icin onu once W 'ya al
0008   00FF           00040         movwf   pclath_temp                     ; PCLATH '? yedek register a al
                      00041 
                      00042         ; gerekli kodlar
MPASM 5.84                            AA.ASM   11-7-2021  19:52:35         PAGE  2


LOC  OBJECT CODE     LINE SOURCE TEXT
  VALUE

                      00043 
0009   087F           00044         movf    pclath_temp,w           ; Geri donmeden once tum yedekleri geri yukle
000A   008A           00045         movwf   PCLATH                          
000B   087E           00046         movf    status_temp,w           
000C   0083           00047         movwf   STATUS                  
000D   0EFD           00048         swapf   w_temp,f
000E   0E7D           00049         swapf   w_temp,w                
000F   0009           00050         retfie                          ; Kesme 'den don
                      00051 ;***********************************************************************************************
                      00052 
0010                  00053 GECIKME
0010   3055           00054         MOVLW   0x55
0011   00A1           00055         MOVWF   D2
                      00056         
0012   3055           00057 LOOP2   MOVLW   0x55
0013   00A0           00058         MOVWF   D1
                      00059         
0014   0BA0           00060 LOOP    DECFSZ  D1,F
0015   2???           00061         GOTO    LOOP
                      00062         
0016   0BA1           00063         DECFSZ  D2,F
0017   2???           00064         GOTO    LOOP2
                      00065         
0018   0008           00066         RETURN
                      00067 ;***********************************************************************************************
0019                  00068 PORTA_AYARLA
0019   1283 1303      00069         BANKSEL PORTA
001B   0185           00070         CLRF    PORTA
                      00071         
001C   1683 1303      00072         BANKSEL TRISA
001E   3006           00073         MOVLW   0x06
Message[302]: Register in operand not in bank 0.  Ensure that bank bits are correct.
001F   009F           00074         MOVWF   ADCON1
                      00075         
0020   303C           00076         MOVLW   b'00111100'
Message[302]: Register in operand not in bank 0.  Ensure that bank bits are correct.
0021   0085           00077         MOVWF   TRISA
0022   0008           00078         RETURN
                      00079 ;***********************************************************************************************
0023                  00080 PORTB_AYARLA
0023   1683 1303      00081         BANKSEL TRISB
Message[302]: Register in operand not in bank 0.  Ensure that bank bits are correct.
0025   0186           00082         CLRF    TRISB
                      00083         
0026   1283 1303      00084         BANKSEL PORTB
0028   0186           00085         CLRF    PORTB
0029   0008           00086         RETURN
                      00087 ;***********************************************************************************************
002A                  00088 KATOT_LOOKUP
002A   0782           00089         ADDWF   PCL,F
002B   343F           00090         RETLW   b'00111111'     ;0
002C   3406           00091         RETLW   b'00000110'     ;1    
002D   345B           00092         RETLW   b'01011011'     ;2
MPASM 5.84                            AA.ASM   11-7-2021  19:52:35         PAGE  3


LOC  OBJECT CODE     LINE SOURCE TEXT
  VALUE

002E   344F           00093         RETLW   b'01001111'     ;3
002F   3466           00094         RETLW   b'01100110'     ;4
0030   346D           00095         RETLW   b'01101101'     ;5  
0031   347D           00096         RETLW   b'01111101'     ;6
0032   3407           00097         RETLW   b'00000111'     ;7
0033   347F           00098         RETLW   b'01111111'     ;8
0034   346F           00099         RETLW   b'01101111'     ;9
                      00100 ;***********************************************************************************************
0035                  00101 ARTTIR  
0035   3000           00102         MOVLW   0x00
0036   00A3           00103         MOVWF   BIRLER
                      00104         
0037   3009           00105         MOVLW   0x09
0038   3025           00106         MOVLW   SAYAC_BIRLER
                      00107         
0039   3000           00108         MOVLW   0x00
003A   00A4           00109         MOVWF   ONLAR
                      00110         
003B   300A           00111         MOVLW   0X0A
003C   00A6           00112         MOVWF   SAYAC_ONLAR
                      00113         
003D   3001           00114 DONGU1  MOVLW   b'00000001'
003E   0085           00115         MOVWF   PORTA
003F   0AA3           00116         INCF    BIRLER,F
0040   0823           00117         MOVF    BIRLER,W
0041   2???           00118         CALL    KATOT_LOOKUP
0042   0086           00119         MOVWF   PORTB
0043   2???           00120         CALL    GECIKME
                      00121         
0044   3002           00122         MOVLW   b'00000010'
0045   0085           00123         MOVWF   PORTA
0046   0A24           00124         INCF    ONLAR,W
0047   2???           00125         CALL    KATOT_LOOKUP
0048   0086           00126         MOVWF   PORTB
0049   2???           00127         CALL    GECIKME
Message[305]: Using default destination of 1 (file).
004A   0BA5           00128         DECFSZ  SAYAC_BIRLER
004B   2???           00129         CALL    DONGU1
                      00130         
004C   3000           00131         MOVLW   0x00
004D   00A3           00132         MOVWF   BIRLER
                      00133         
004E   3009           00134         MOVLW   0x09
004F   00A5           00135         MOVWF   SAYAC_BIRLER
                      00136         
0050                  00137 DONGU2  
0050   3002           00138         MOVLW   b'00000010'
0051   0085           00139         MOVWF   PORTA
0052   0AA4           00140         INCF    ONLAR,F
0053   0824           00141         MOVF    ONLAR,W
0054   2???           00142         CALL    KATOT_LOOKUP
0055   0086           00143         MOVWF   PORTB
0056   2???           00144         CALL    GECIKME
MPASM 5.84                            AA.ASM   11-7-2021  19:52:35         PAGE  4


LOC  OBJECT CODE     LINE SOURCE TEXT
  VALUE

Message[305]: Using default destination of 1 (file).
0057   0BA6           00145         DECFSZ  SAYAC_ONLAR
0058   2???           00146         CALL    DONGU1
                      00147         
0059   3000           00148         MOVLW   0x00
005A   00A3           00149         MOVWF   BIRLER
                      00150         
005B   3009           00151         MOVLW   0x09
005C   3025           00152         MOVLW   SAYAC_BIRLER
                      00153         
005D   3000           00154         MOVLW   0x00
005E   00A4           00155         MOVWF   ONLAR
                      00156         
005F   300A           00157         MOVLW   0X0A
0060   00A6           00158         MOVWF   SAYAC_ONLAR
0061   2???           00159         CALL    DONGU1
0062   0008           00160         RETURN
                      00161 ;***********************************************************************************************        
0063                  00162 BASLA
0063   2???           00163         CALL    PORTA_AYARLA
0064   2???           00164         CALL    PORTB_AYARLA
                      00165         
                      00166 
0065   2???           00167 DON     CALL    ARTTIR
0066   2???           00168         GOTO    DON
                      00169         
3F31                  00170         END                       ; Program sonu
MPASM 5.84                            AA.ASM   11-7-2021  19:52:35         PAGE  5


SYMBOL TABLE
  LABEL                             VALUE 

ACKDT                             00000005
ACKEN                             00000004
ACKSTAT                           00000006
ADCON0                            0000001F
ADCON1                            0000009F
ADCS0                             00000006
ADCS1                             00000007
ADCS2                             00000006
ADDEN                             00000003
ADFM                              00000007
ADIE                              00000006
ADIF                              00000006
ADON                              00000000
ADRESH                            0000001E
ADRESL                            0000009E
ARTTIR                            00000035
BASLA                             00000063
BCLIE                             00000003
BCLIF                             00000003
BF                                00000000
BIRLER                            00000023
BRGH                              00000002
C                                 00000000
C1INV                             00000004
C1OUT                             00000006
C2INV                             00000005
C2OUT                             00000007
CCP1CON                           00000017
CCP1IE                            00000002
CCP1IF                            00000002
CCP1M0                            00000000
CCP1M1                            00000001
CCP1M2                            00000002
CCP1M3                            00000003
CCP1X                             00000005
CCP1Y                             00000004
CCP2CON                           0000001D
CCP2IE                            00000000
CCP2IF                            00000000
CCP2M0                            00000000
CCP2M1                            00000001
CCP2M2                            00000002
CCP2M3                            00000003
CCP2X                             00000005
CCP2Y                             00000004
CCPR1                             00000015
CCPR1H                            00000016
CCPR1L                            00000015
CCPR2                             0000001B
CCPR2H                            0000001C
CCPR2L                            0000001B
CHS0                              00000003
CHS1                              00000004
MPASM 5.84                            AA.ASM   11-7-2021  19:52:35         PAGE  6


SYMBOL TABLE
  LABEL                             VALUE 

CHS2                              00000005
CIS                               00000003
CKE                               00000006
CKP                               00000004
CM0                               00000000
CM1                               00000001
CM2                               00000002
CMCON                             0000009C
CMIE                              00000006
CMIF                              00000006
CREN                              00000004
CSRC                              00000007
CVR0                              00000000
CVR1                              00000001
CVR2                              00000002
CVR3                              00000003
CVRCON                            0000009D
CVREN                             00000007
CVROE                             00000006
CVRR                              00000005
D                                 00000005
D1                                00000020
D2                                00000021
D3                                00000022
DATA_ADDRESS                      00000005
DC                                00000001
DON                               00000065
DONGU1                            0000003D
DONGU2                            00000050
D_A                               00000005
D_NOT_A                           00000005
EEADR                             0000010D
EEADRH                            0000010F
EECON1                            0000018C
EECON2                            0000018D
EEDATA                            0000010C
EEDATH                            0000010E
EEIE                              00000004
EEIF                              00000004
EEPGD                             00000007
F                                 00000001
FERR                              00000002
FSR                               00000004
GCEN                              00000007
GECIKME                           00000010
GIE                               00000007
GO                                00000002
GO_DONE                           00000002
GO_NOT_DONE                       00000002
I2C_DATA                          00000005
I2C_READ                          00000002
I2C_START                         00000003
I2C_STOP                          00000004
MPASM 5.84                            AA.ASM   11-7-2021  19:52:35         PAGE  7


SYMBOL TABLE
  LABEL                             VALUE 

IBF                               00000007
IBOV                              00000005
INDF                              00000000
INTCON                            0000000B
INTE                              00000004
INTEDG                            00000006
INTF                              00000001
IRP                               00000007
KATOT_LOOKUP                      0000002A
LOOP                              00000014
LOOP2                             00000012
NOT_A                             00000005
NOT_ADDRESS                       00000005
NOT_BO                            00000000
NOT_BOR                           00000000
NOT_DONE                          00000002
NOT_PD                            00000003
NOT_POR                           00000001
NOT_RBPU                          00000007
NOT_RC8                           00000006
NOT_T1SYNC                        00000002
NOT_TO                            00000004
NOT_TX8                           00000006
NOT_W                             00000002
NOT_WRITE                         00000002
OBF                               00000006
OERR                              00000001
ONLAR                             00000024
OPTION_REG                        00000081
P                                 00000004
PCFG0                             00000000
PCFG1                             00000001
PCFG2                             00000002
PCFG3                             00000003
PCL                               00000002
PCLATH                            0000000A
PCON                              0000008E
PEIE                              00000006
PEN                               00000002
PIE1                              0000008C
PIE2                              0000008D
PIR1                              0000000C
PIR2                              0000000D
PORTA                             00000005
PORTA_AYARLA                      00000019
PORTB                             00000006
PORTB_AYARLA                      00000023
PORTC                             00000007
PORTD                             00000008
PORTE                             00000009
PR2                               00000092
PS0                               00000000
PS1                               00000001
MPASM 5.84                            AA.ASM   11-7-2021  19:52:35         PAGE  8


SYMBOL TABLE
  LABEL                             VALUE 

PS2                               00000002
PSA                               00000003
PSPIE                             00000007
PSPIF                             00000007
PSPMODE                           00000004
R                                 00000002
RA0                               00000000
RA1                               00000001
RA2                               00000002
RA3                               00000003
RA4                               00000004
RA5                               00000005
RB0                               00000000
RB1                               00000001
RB2                               00000002
RB3                               00000003
RB4                               00000004
RB5                               00000005
RB6                               00000006
RB7                               00000007
RBIE                              00000003
RBIF                              00000000
RC0                               00000000
RC1                               00000001
RC2                               00000002
RC3                               00000003
RC4                               00000004
RC5                               00000005
RC6                               00000006
RC7                               00000007
RC8_9                             00000006
RC9                               00000006
RCD8                              00000000
RCEN                              00000003
RCIE                              00000005
RCIF                              00000005
RCREG                             0000001A
RCSTA                             00000018
RD                                00000000
RD0                               00000000
RD1                               00000001
RD2                               00000002
RD3                               00000003
RD4                               00000004
RD5                               00000005
RD6                               00000006
RD7                               00000007
RE0                               00000000
RE1                               00000001
RE2                               00000002
READ_WRITE                        00000002
RP0                               00000005
RP1                               00000006
MPASM 5.84                            AA.ASM   11-7-2021  19:52:35         PAGE  9


SYMBOL TABLE
  LABEL                             VALUE 

RSEN                              00000001
RX9                               00000006
RX9D                              00000000
R_NOT_W                           00000002
R_W                               00000002
S                                 00000003
SAYAC_BIRLER                      00000025
SAYAC_ONLAR                       00000026
SEN                               00000000
SMP                               00000007
SPBRG                             00000099
SPEN                              00000007
SREN                              00000005
SSPADD                            00000093
SSPBUF                            00000013
SSPCON                            00000014
SSPCON2                           00000091
SSPEN                             00000005
SSPIE                             00000003
SSPIF                             00000003
SSPM0                             00000000
SSPM1                             00000001
SSPM2                             00000002
SSPM3                             00000003
SSPOV                             00000006
SSPSTAT                           00000094
STATUS                            00000003
SYNC                              00000004
T0CS                              00000005
T0IE                              00000005
T0IF                              00000002
T0SE                              00000004
T1CKPS0                           00000004
T1CKPS1                           00000005
T1CON                             00000010
T1INSYNC                          00000002
T1OSCEN                           00000003
T1SYNC                            00000002
T2CKPS0                           00000000
T2CKPS1                           00000001
T2CON                             00000012
TMR0                              00000001
TMR0IE                            00000005
TMR0IF                            00000002
TMR1                              0000000E
TMR1CS                            00000001
TMR1H                             0000000F
TMR1IE                            00000000
TMR1IF                            00000000
TMR1L                             0000000E
TMR1ON                            00000000
TMR2                              00000011
TMR2IE                            00000001
MPASM 5.84                            AA.ASM   11-7-2021  19:52:35         PAGE 10


SYMBOL TABLE
  LABEL                             VALUE 

TMR2IF                            00000001
TMR2ON                            00000002
TOUTPS0                           00000003
TOUTPS1                           00000004
TOUTPS2                           00000005
TOUTPS3                           00000006
TRISA                             00000085
TRISA0                            00000000
TRISA1                            00000001
TRISA2                            00000002
TRISA3                            00000003
TRISA4                            00000004
TRISA5                            00000005
TRISB                             00000086
TRISB0                            00000000
TRISB1                            00000001
TRISB2                            00000002
TRISB3                            00000003
TRISB4                            00000004
TRISB5                            00000005
TRISB6                            00000006
TRISB7                            00000007
TRISC                             00000087
TRISC0                            00000000
TRISC1                            00000001
TRISC2                            00000002
TRISC3                            00000003
TRISC4                            00000004
TRISC5                            00000005
TRISC6                            00000006
TRISC7                            00000007
TRISD                             00000088
TRISD0                            00000000
TRISD1                            00000001
TRISD2                            00000002
TRISD3                            00000003
TRISD4                            00000004
TRISD5                            00000005
TRISD6                            00000006
TRISD7                            00000007
TRISE                             00000089
TRISE0                            00000000
TRISE1                            00000001
TRISE2                            00000002
TRMT                              00000001
TX8_9                             00000006
TX9                               00000006
TX9D                              00000000
TXD8                              00000000
TXEN                              00000005
TXIE                              00000004
TXIF                              00000004
TXREG                             00000019
MPASM 5.84                            AA.ASM   11-7-2021  19:52:35         PAGE 11


SYMBOL TABLE
  LABEL                             VALUE 

TXSTA                             00000098
UA                                00000001
W                                 00000000
WCOL                              00000007
WR                                00000001
WREN                              00000002
WRERR                             00000003
Z                                 00000002
_BODEN_OFF                        00003FBF
_BODEN_ON                         00003FFF
_BOREN_OFF                        00003FBF
_BOREN_ON                         00003FFF
_CONFIG                           00002007
_CPD_OFF                          00003FFF
_CPD_ON                           00003EFF
_CP_ALL                           00001FFF
_CP_OFF                           00003FFF
_CP_ON                            00001FFF
_DEBUG_OFF                        00003FFF
_DEBUG_ON                         000037FF
_DEVID1                           00002006
_FOSC_EXTRC                       00003FFF
_FOSC_HS                          00003FFE
_FOSC_LP                          00003FFC
_FOSC_XT                          00003FFD
_HS_OSC                           00003FFE
_IDLOC0                           00002000
_IDLOC1                           00002001
_IDLOC2                           00002002
_IDLOC3                           00002003
_LP_OSC                           00003FFC
_LVP_OFF                          00003F7F
_LVP_ON                           00003FFF
_PWRTE_OFF                        00003FFF
_PWRTE_ON                         00003FF7
_RC_OSC                           00003FFF
_WDTE_OFF                         00003FFB
_WDTE_ON                          00003FFF
_WDT_OFF                          00003FFB
_WDT_ON                           00003FFF
_WRT_1FOURTH                      00003BFF
_WRT_256                          00003DFF
_WRT_HALF                         000039FF
_WRT_OFF                          00003FFF
_XT_OSC                           00003FFD
__16F877A                         00000001
pclath_temp                       0000007F
status_temp                       0000007E
w_temp                            0000007D

MPASM 5.84                            AA.ASM   11-7-2021  19:52:35         PAGE 12





Errors   :     0
Warnings :     0 reported,     0 suppressed
Messages :     5 reported,     0 suppressed

