MPASM 5.84               7_SEGMENT_MELIH.ASM   11-8-2021  10:36:21         PAGE  1


LOC  OBJECT CODE     LINE SOURCE TEXT
  VALUE

                      00001  ;butona basildiginda 1 arttiriyor supurme teknigini kullaniyor
                      00002     LIST P=16F877A
                      00003 #INCLUDE <P16F877A.INC>
                      00001         LIST
                      00002 
                      00003 ;==========================================================================
                      00004 ; Build date : Mar 17 2019
                      00005 ;  MPASM PIC16F877A processor include
                      00006 ; 
                      00007 ;  (c) Copyright 1999-2019 Microchip Technology, All rights reserved
                      00008 ;==========================================================================
                      00009 
                      00567         LIST
                      00004  
                      00005  
                      00006  ORG 0X00
0000   2???           00007  GOTO   BASLA
                      00008  
                      00009  
                      00010  ;DEGISKENKER
                      00011  
Warning[207]: Found label after column 1. (DEGISKEN1)
  00000020            00012  DEGISKEN1  EQU 0X20
Warning[207]: Found label after column 1. (DEGISKEN2)
  00000021            00013  DEGISKEN2  EQU 0X21
Warning[207]: Found label after column 1. (DEGISKEN3)
  00000022            00014  DEGISKEN3  EQU 0X22
Warning[207]: Found label after column 1. (BIRLER)
  00000023            00015  BIRLER     EQU 0X23
Warning[207]: Found label after column 1. (ONLAR)
  00000024            00016  ONLAR      EQU 0X24
                      00017  
                      00018  
                      00019  ;DEGISKEBNLER
Warning[207]: Found label after column 1. (TABLO)
0001                  00020  TABLO
0001   0782           00021     ADDWF   PCL,F
0002   343F           00022     RETLW   0X3F
0003   3406           00023     RETLW   0X06
0004   345B           00024     RETLW   0X5B
0005   344F           00025     RETLW   0X4F
0006   3466           00026     RETLW   0X66
0007   346D           00027     RETLW   0X6D
0008   347D           00028     RETLW   0X7D
0009   3407           00029     RETLW   0X07
000A   347F           00030     RETLW   0X7F
000B   346F           00031     RETLW   0X6F
                      00032     
                      00033  
Warning[207]: Found label after column 1. (YUKLE)
000C                  00034  YUKLE
000C   3016           00035     MOVLW   0X16
000D   00A0           00036     MOVWF   DEGISKEN1
MPASM 5.84               7_SEGMENT_MELIH.ASM   11-8-2021  10:36:21         PAGE  2


LOC  OBJECT CODE     LINE SOURCE TEXT
  VALUE

000E   303A           00037     MOVLW   0X3A
000F   00A1           00038     MOVWF   DEGISKEN2
0010   2???           00039     GOTO    DONGU
                      00040  
Warning[207]: Found label after column 1. (DONGU)
0011                  00041  DONGU
0011   0BA0           00042     DECFSZ  DEGISKEN1,F
0012   2???           00043     GOTO    DONGU
0013   0BA1           00044     DECFSZ  DEGISKEN2,F
0014   2???           00045     GOTO    DONGU
0015   0008           00046     RETURN
                      00047  
                      00048  
Warning[207]: Found label after column 1. (BASLA)
0016                  00049  BASLA
0016   0186           00050     CLRF    PORTB
0017   1683 1303      00051     BANKSEL TRISB
Message[302]: Register in operand not in bank 0.  Ensure that bank bits are correct.
0019   0186           00052     CLRF    TRISB
001A   3006           00053     MOVLW   0X06
Message[302]: Register in operand not in bank 0.  Ensure that bank bits are correct.
001B   009F           00054     MOVWF   ADCON1
Message[302]: Register in operand not in bank 0.  Ensure that bank bits are correct.
001C   0185           00055     CLRF    TRISA
Message[302]: Register in operand not in bank 0.  Ensure that bank bits are correct.
001D   1585           00056     BSF     TRISA,3
001E   1283 1303      00057     BANKSEL PORTA
                      00058     ;MOVLW   B'00000101'
                      00059     ;MOVWF   PORTA
                      00060     ;MOVLW   0X6D
                      00061     ;MOVWF   PORTB
0020   3000           00062     MOVLW   0X00
0021   00A3           00063     MOVWF   BIRLER
0022   3000           00064     MOVLW   0X00
0023   00A4           00065     MOVWF   ONLAR
                      00066  
                      00067     
Warning[207]: Found label after column 1. (SUPUR)
0024                  00068     SUPUR
0024   3005           00069         MOVLW   B'00000101'
0025   0085           00070         MOVWF   PORTA
0026   0823           00071         MOVF    BIRLER,W
0027   2???           00072         CALL    TABLO
0028   0086           00073         MOVWF   PORTB
                      00074         ;CALL   YUKLE
0029   2???           00075         CALL    YUKLE
                      00076         
002A   3006           00077         MOVLW   B'00000110'
002B   0085           00078         MOVWF   PORTA
002C   0824           00079         MOVF    ONLAR,W
002D   2???           00080         CALL    TABLO
002E   0086           00081         MOVWF   PORTB
002F   2???           00082         CALL    YUKLE
MPASM 5.84               7_SEGMENT_MELIH.ASM   11-8-2021  10:36:21         PAGE  3


LOC  OBJECT CODE     LINE SOURCE TEXT
  VALUE

                      00083         ;CALL   YUKLE
                      00084         ;CALL   YUKLE
                      00085         
0030   1905           00086         BTFSC   PORTA,2
0031   2???           00087         GOTO    SUPUR
0032   2???           00088         CALL    YUKLE
0033   2???           00089         CALL    YUKLE
0034   2???           00090         CALL    YUKLE
0035   2???           00091         CALL    YUKLE
0036   0AA3           00092         INCF    BIRLER,F
0037   0823           00093         MOVF    BIRLER,W
0038   2???           00094         CALL    TABLO
0039   0086           00095         MOVWF   PORTB
003A   2???           00096         GOTO    SUPUR
                      00097         
                      00098  END
MPASM 5.84               7_SEGMENT_MELIH.ASM   11-8-2021  10:36:21         PAGE  4


SYMBOL TABLE
  LABEL                             VALUE 

ACKDT                             00000005
ACKEN                             00000004
ACKSTAT                           00000006
ADCON0                            0000001F
ADCON1                            0000009F
ADCS0                             00000006
ADCS1                             00000007
ADCS2                             00000006
ADDEN                             00000003
ADFM                              00000007
ADIE                              00000006
ADIF                              00000006
ADON                              00000000
ADRESH                            0000001E
ADRESL                            0000009E
BASLA                             00000016
BCLIE                             00000003
BCLIF                             00000003
BF                                00000000
BIRLER                            00000023
BRGH                              00000002
C                                 00000000
C1INV                             00000004
C1OUT                             00000006
C2INV                             00000005
C2OUT                             00000007
CCP1CON                           00000017
CCP1IE                            00000002
CCP1IF                            00000002
CCP1M0                            00000000
CCP1M1                            00000001
CCP1M2                            00000002
CCP1M3                            00000003
CCP1X                             00000005
CCP1Y                             00000004
CCP2CON                           0000001D
CCP2IE                            00000000
CCP2IF                            00000000
CCP2M0                            00000000
CCP2M1                            00000001
CCP2M2                            00000002
CCP2M3                            00000003
CCP2X                             00000005
CCP2Y                             00000004
CCPR1                             00000015
CCPR1H                            00000016
CCPR1L                            00000015
CCPR2                             0000001B
CCPR2H                            0000001C
CCPR2L                            0000001B
CHS0                              00000003
CHS1                              00000004
CHS2                              00000005
MPASM 5.84               7_SEGMENT_MELIH.ASM   11-8-2021  10:36:21         PAGE  5


SYMBOL TABLE
  LABEL                             VALUE 

CIS                               00000003
CKE                               00000006
CKP                               00000004
CM0                               00000000
CM1                               00000001
CM2                               00000002
CMCON                             0000009C
CMIE                              00000006
CMIF                              00000006
CREN                              00000004
CSRC                              00000007
CVR0                              00000000
CVR1                              00000001
CVR2                              00000002
CVR3                              00000003
CVRCON                            0000009D
CVREN                             00000007
CVROE                             00000006
CVRR                              00000005
D                                 00000005
DATA_ADDRESS                      00000005
DC                                00000001
DEGISKEN1                         00000020
DEGISKEN2                         00000021
DEGISKEN3                         00000022
DONGU                             00000011
D_A                               00000005
D_NOT_A                           00000005
EEADR                             0000010D
EEADRH                            0000010F
EECON1                            0000018C
EECON2                            0000018D
EEDATA                            0000010C
EEDATH                            0000010E
EEIE                              00000004
EEIF                              00000004
EEPGD                             00000007
F                                 00000001
FERR                              00000002
FSR                               00000004
GCEN                              00000007
GIE                               00000007
GO                                00000002
GO_DONE                           00000002
GO_NOT_DONE                       00000002
I2C_DATA                          00000005
I2C_READ                          00000002
I2C_START                         00000003
I2C_STOP                          00000004
IBF                               00000007
IBOV                              00000005
INDF                              00000000
INTCON                            0000000B
MPASM 5.84               7_SEGMENT_MELIH.ASM   11-8-2021  10:36:21         PAGE  6


SYMBOL TABLE
  LABEL                             VALUE 

INTE                              00000004
INTEDG                            00000006
INTF                              00000001
IRP                               00000007
NOT_A                             00000005
NOT_ADDRESS                       00000005
NOT_BO                            00000000
NOT_BOR                           00000000
NOT_DONE                          00000002
NOT_PD                            00000003
NOT_POR                           00000001
NOT_RBPU                          00000007
NOT_RC8                           00000006
NOT_T1SYNC                        00000002
NOT_TO                            00000004
NOT_TX8                           00000006
NOT_W                             00000002
NOT_WRITE                         00000002
OBF                               00000006
OERR                              00000001
ONLAR                             00000024
OPTION_REG                        00000081
P                                 00000004
PCFG0                             00000000
PCFG1                             00000001
PCFG2                             00000002
PCFG3                             00000003
PCL                               00000002
PCLATH                            0000000A
PCON                              0000008E
PEIE                              00000006
PEN                               00000002
PIE1                              0000008C
PIE2                              0000008D
PIR1                              0000000C
PIR2                              0000000D
PORTA                             00000005
PORTB                             00000006
PORTC                             00000007
PORTD                             00000008
PORTE                             00000009
PR2                               00000092
PS0                               00000000
PS1                               00000001
PS2                               00000002
PSA                               00000003
PSPIE                             00000007
PSPIF                             00000007
PSPMODE                           00000004
R                                 00000002
RA0                               00000000
RA1                               00000001
RA2                               00000002
MPASM 5.84               7_SEGMENT_MELIH.ASM   11-8-2021  10:36:21         PAGE  7


SYMBOL TABLE
  LABEL                             VALUE 

RA3                               00000003
RA4                               00000004
RA5                               00000005
RB0                               00000000
RB1                               00000001
RB2                               00000002
RB3                               00000003
RB4                               00000004
RB5                               00000005
RB6                               00000006
RB7                               00000007
RBIE                              00000003
RBIF                              00000000
RC0                               00000000
RC1                               00000001
RC2                               00000002
RC3                               00000003
RC4                               00000004
RC5                               00000005
RC6                               00000006
RC7                               00000007
RC8_9                             00000006
RC9                               00000006
RCD8                              00000000
RCEN                              00000003
RCIE                              00000005
RCIF                              00000005
RCREG                             0000001A
RCSTA                             00000018
RD                                00000000
RD0                               00000000
RD1                               00000001
RD2                               00000002
RD3                               00000003
RD4                               00000004
RD5                               00000005
RD6                               00000006
RD7                               00000007
RE0                               00000000
RE1                               00000001
RE2                               00000002
READ_WRITE                        00000002
RP0                               00000005
RP1                               00000006
RSEN                              00000001
RX9                               00000006
RX9D                              00000000
R_NOT_W                           00000002
R_W                               00000002
S                                 00000003
SEN                               00000000
SMP                               00000007
SPBRG                             00000099
MPASM 5.84               7_SEGMENT_MELIH.ASM   11-8-2021  10:36:21         PAGE  8


SYMBOL TABLE
  LABEL                             VALUE 

SPEN                              00000007
SREN                              00000005
SSPADD                            00000093
SSPBUF                            00000013
SSPCON                            00000014
SSPCON2                           00000091
SSPEN                             00000005
SSPIE                             00000003
SSPIF                             00000003
SSPM0                             00000000
SSPM1                             00000001
SSPM2                             00000002
SSPM3                             00000003
SSPOV                             00000006
SSPSTAT                           00000094
STATUS                            00000003
SUPUR                             00000024
SYNC                              00000004
T0CS                              00000005
T0IE                              00000005
T0IF                              00000002
T0SE                              00000004
T1CKPS0                           00000004
T1CKPS1                           00000005
T1CON                             00000010
T1INSYNC                          00000002
T1OSCEN                           00000003
T1SYNC                            00000002
T2CKPS0                           00000000
T2CKPS1                           00000001
T2CON                             00000012
TABLO                             00000001
TMR0                              00000001
TMR0IE                            00000005
TMR0IF                            00000002
TMR1                              0000000E
TMR1CS                            00000001
TMR1H                             0000000F
TMR1IE                            00000000
TMR1IF                            00000000
TMR1L                             0000000E
TMR1ON                            00000000
TMR2                              00000011
TMR2IE                            00000001
TMR2IF                            00000001
TMR2ON                            00000002
TOUTPS0                           00000003
TOUTPS1                           00000004
TOUTPS2                           00000005
TOUTPS3                           00000006
TRISA                             00000085
TRISA0                            00000000
TRISA1                            00000001
MPASM 5.84               7_SEGMENT_MELIH.ASM   11-8-2021  10:36:21         PAGE  9


SYMBOL TABLE
  LABEL                             VALUE 

TRISA2                            00000002
TRISA3                            00000003
TRISA4                            00000004
TRISA5                            00000005
TRISB                             00000086
TRISB0                            00000000
TRISB1                            00000001
TRISB2                            00000002
TRISB3                            00000003
TRISB4                            00000004
TRISB5                            00000005
TRISB6                            00000006
TRISB7                            00000007
TRISC                             00000087
TRISC0                            00000000
TRISC1                            00000001
TRISC2                            00000002
TRISC3                            00000003
TRISC4                            00000004
TRISC5                            00000005
TRISC6                            00000006
TRISC7                            00000007
TRISD                             00000088
TRISD0                            00000000
TRISD1                            00000001
TRISD2                            00000002
TRISD3                            00000003
TRISD4                            00000004
TRISD5                            00000005
TRISD6                            00000006
TRISD7                            00000007
TRISE                             00000089
TRISE0                            00000000
TRISE1                            00000001
TRISE2                            00000002
TRMT                              00000001
TX8_9                             00000006
TX9                               00000006
TX9D                              00000000
TXD8                              00000000
TXEN                              00000005
TXIE                              00000004
TXIF                              00000004
TXREG                             00000019
TXSTA                             00000098
UA                                00000001
W                                 00000000
WCOL                              00000007
WR                                00000001
WREN                              00000002
WRERR                             00000003
YUKLE                             0000000C
Z                                 00000002
MPASM 5.84               7_SEGMENT_MELIH.ASM   11-8-2021  10:36:21         PAGE 10


SYMBOL TABLE
  LABEL                             VALUE 

_BODEN_OFF                        00003FBF
_BODEN_ON                         00003FFF
_BOREN_OFF                        00003FBF
_BOREN_ON                         00003FFF
_CONFIG                           00002007
_CPD_OFF                          00003FFF
_CPD_ON                           00003EFF
_CP_ALL                           00001FFF
_CP_OFF                           00003FFF
_CP_ON                            00001FFF
_DEBUG_OFF                        00003FFF
_DEBUG_ON                         000037FF
_DEVID1                           00002006
_FOSC_EXTRC                       00003FFF
_FOSC_HS                          00003FFE
_FOSC_LP                          00003FFC
_FOSC_XT                          00003FFD
_HS_OSC                           00003FFE
_IDLOC0                           00002000
_IDLOC1                           00002001
_IDLOC2                           00002002
_IDLOC3                           00002003
_LP_OSC                           00003FFC
_LVP_OFF                          00003F7F
_LVP_ON                           00003FFF
_PWRTE_OFF                        00003FFF
_PWRTE_ON                         00003FF7
_RC_OSC                           00003FFF
_WDTE_OFF                         00003FFB
_WDTE_ON                          00003FFF
_WDT_OFF                          00003FFB
_WDT_ON                           00003FFF
_WRT_1FOURTH                      00003BFF
_WRT_256                          00003DFF
_WRT_HALF                         000039FF
_WRT_OFF                          00003FFF
_XT_OSC                           00003FFD
__16F877A                         00000001

Errors   :     0
Warnings :    10 reported,     0 suppressed
Messages :     4 reported,     0 suppressed

