MPASM 5.84   TMR0_GECIKMELI_LEDYAKMA_PRJ.ASM   11-22-2021  19:00:25         PAGE  1


LOC  OBJECT CODE     LINE SOURCE TEXT
  VALUE

                      00001 #include        <p16f877a.inc>
                      00001         LIST
                      00002 
                      00003 ;==========================================================================
                      00004 ; Build date : Mar 17 2019
                      00005 ;  MPASM PIC16F877A processor include
                      00006 ; 
                      00007 ;  (c) Copyright 1999-2019 Microchip Technology, All rights reserved
                      00008 ;==========================================================================
                      00009 
                      00567         LIST
                      00002 
                      00003                 
                      00004 ;kullanilacak degiskenler
                      00005                 
  00000025            00006 KACKEZ          EQU         0x25
                      00007 ;kesme icin kullanilacak yardimci degiskenler
  0000007D            00008 w_temp          EQU         0x7D
  0000007E            00009 status_temp     EQU         0x7E        
  0000007F            00010 pclath_temp     EQU         0x7F        
                      00011 ;******************************************************************************* 
                      00012                 ORG         0x000
                      00013                 
0000   0000           00014                 nop
                      00015                 
0001   2???           00016                 GOTO        BASLA
                      00017 ;*******************************************************************************                
                      00018         ORG     0x004
                      00019         
0004   00FD           00020         movwf   w_temp
0005   0803           00021         movf    STATUS,w
0006   00FE           00022         movwf   status_temp
0007   080A           00023         movf    PCLATH,W
0008   00FF           00024         movwf   pclath_temp
                      00025         
0009   110B           00026         BCF     INTCON,T0IF
                      00027         
000A   3006           00028         MOVLW   d'6'
000B   0081           00029         MOVWF   TMR0
                      00030         
000C   0BA5           00031         DECFSZ  KACKEZ,F
000D   2???           00032         GOTO    CIK
000E   2???           00033         CALL    TMR0_ALTPROGRAM
                      00034         
000F                  00035 CIK     
000F   178B           00036         BSF     INTCON,GIE
                      00037         
0010   087E           00038         movf    status_temp,w
0011   0083           00039         movwf   STATUS
0012   087F           00040         movf    pclath_temp,w
0013   008A           00041         movwf   PCLATH
0014   0EFD           00042         swapf   w_temp,f
0015   0E7D           00043         swapf   w_temp,w
MPASM 5.84   TMR0_GECIKMELI_LEDYAKMA_PRJ.ASM   11-22-2021  19:00:25         PAGE  2


LOC  OBJECT CODE     LINE SOURCE TEXT
  VALUE

0016   0009           00044         retfie
                      00045 ;*******************************************************************************
0017                  00046 TMR0_ALTPROGRAM
0017   1283 1303      00047         BANKSEL TMR0
0019   30A2           00048         MOVLW   d'162'
001A   00A5           00049         MOVWF   KACKEZ
                      00050         
001B   1C06           00051         BTFSS   PORTB,0
001C   2???           00052         GOTO    LED0
001D   2???           00053         GOTO    LED1
                      00054         
001E   3001           00055 LED0    MOVLW   d'1'
001F   0086           00056         MOVWF   PORTB
0020   0008           00057         RETURN
                      00058         
0021   3002           00059 LED1    MOVLW   d'2'
0022   0086           00060         MOVWF   PORTB
0023   0008           00061         RETURN
                      00062         
0024   0008           00063         RETURN
                      00064 ;*******************************************************************************
0025                  00065 TMR0_AYARLA
0025   1683 1303      00066         BANKSEL OPTION_REG
0027   3003           00067         MOVLW   b'00000011' 
Message[302]: Register in operand not in bank 0.  Ensure that bank bits are correct.
0028   0081           00068         MOVWF   OPTION_REG
                      00069         
0029   1283 1303      00070         BANKSEL TMR0
002B   3006           00071         MOVLW   d'6'
002C   0081           00072         MOVWF   TMR0
002D   0008           00073         RETURN
                      00074 ;*******************************************************************************
002E                  00075 KESME_AYARLA
002E   168B           00076         BSF     INTCON,T0IE
002F   178B           00077         BSF     INTCON,GIE
0030   0008           00078         RETURN
                      00079 ;*******************************************************************************
0031                  00080 PORTA_AYARLA
0031   1283 1303      00081         BANKSEL PORTA
0033   0185           00082         CLRF    PORTA
                      00083         
0034   1683 1303      00084         BANKSEL TRISA
0036   3006           00085         MOVLW   0x06
Message[302]: Register in operand not in bank 0.  Ensure that bank bits are correct.
0037   009F           00086         MOVWF   ADCON1
                      00087         
0038   3009           00088         MOVLW   b'00001001'
Message[302]: Register in operand not in bank 0.  Ensure that bank bits are correct.
0039   0085           00089         MOVWF   TRISA
003A   0008           00090         RETURN
                      00091 ;*******************************************************************************
003B                  00092 PORTB_AYARLA
003B   1683 1303      00093         BANKSEL TRISB
MPASM 5.84   TMR0_GECIKMELI_LEDYAKMA_PRJ.ASM   11-22-2021  19:00:25         PAGE  3


LOC  OBJECT CODE     LINE SOURCE TEXT
  VALUE

Message[302]: Register in operand not in bank 0.  Ensure that bank bits are correct.
003D   0186           00094         CLRF    TRISB
                      00095         
003E   1283 1303      00096         BANKSEL PORTB
0040   0186           00097         CLRF    PORTB
0041   0008           00098         RETURN
                      00099 ;*******************************************************************************        
0042                  00100 BASLA   
                      00101         
0042   30A2           00102         MOVLW   d'162'
0043   00A5           00103         MOVWF   KACKEZ
                      00104         
0044   2???           00105         CALL    TMR0_AYARLA
0045   2???           00106         CALL    KESME_AYARLA
0046   2???           00107         CALL    PORTA_AYARLA
0047   2???           00108         CALL    PORTB_AYARLA
                      00109         
                      00110 
0048                  00111 SON             
0048   2???           00112         GOTO    SON
                      00113         END
MPASM 5.84   TMR0_GECIKMELI_LEDYAKMA_PRJ.ASM   11-22-2021  19:00:25         PAGE  4


SYMBOL TABLE
  LABEL                             VALUE 

ACKDT                             00000005
ACKEN                             00000004
ACKSTAT                           00000006
ADCON0                            0000001F
ADCON1                            0000009F
ADCS0                             00000006
ADCS1                             00000007
ADCS2                             00000006
ADDEN                             00000003
ADFM                              00000007
ADIE                              00000006
ADIF                              00000006
ADON                              00000000
ADRESH                            0000001E
ADRESL                            0000009E
BASLA                             00000042
BCLIE                             00000003
BCLIF                             00000003
BF                                00000000
BRGH                              00000002
C                                 00000000
C1INV                             00000004
C1OUT                             00000006
C2INV                             00000005
C2OUT                             00000007
CCP1CON                           00000017
CCP1IE                            00000002
CCP1IF                            00000002
CCP1M0                            00000000
CCP1M1                            00000001
CCP1M2                            00000002
CCP1M3                            00000003
CCP1X                             00000005
CCP1Y                             00000004
CCP2CON                           0000001D
CCP2IE                            00000000
CCP2IF                            00000000
CCP2M0                            00000000
CCP2M1                            00000001
CCP2M2                            00000002
CCP2M3                            00000003
CCP2X                             00000005
CCP2Y                             00000004
CCPR1                             00000015
CCPR1H                            00000016
CCPR1L                            00000015
CCPR2                             0000001B
CCPR2H                            0000001C
CCPR2L                            0000001B
CHS0                              00000003
CHS1                              00000004
CHS2                              00000005
CIK                               0000000F
MPASM 5.84   TMR0_GECIKMELI_LEDYAKMA_PRJ.ASM   11-22-2021  19:00:25         PAGE  5


SYMBOL TABLE
  LABEL                             VALUE 

CIS                               00000003
CKE                               00000006
CKP                               00000004
CM0                               00000000
CM1                               00000001
CM2                               00000002
CMCON                             0000009C
CMIE                              00000006
CMIF                              00000006
CREN                              00000004
CSRC                              00000007
CVR0                              00000000
CVR1                              00000001
CVR2                              00000002
CVR3                              00000003
CVRCON                            0000009D
CVREN                             00000007
CVROE                             00000006
CVRR                              00000005
D                                 00000005
DATA_ADDRESS                      00000005
DC                                00000001
D_A                               00000005
D_NOT_A                           00000005
EEADR                             0000010D
EEADRH                            0000010F
EECON1                            0000018C
EECON2                            0000018D
EEDATA                            0000010C
EEDATH                            0000010E
EEIE                              00000004
EEIF                              00000004
EEPGD                             00000007
F                                 00000001
FERR                              00000002
FSR                               00000004
GCEN                              00000007
GIE                               00000007
GO                                00000002
GO_DONE                           00000002
GO_NOT_DONE                       00000002
I2C_DATA                          00000005
I2C_READ                          00000002
I2C_START                         00000003
I2C_STOP                          00000004
IBF                               00000007
IBOV                              00000005
INDF                              00000000
INTCON                            0000000B
INTE                              00000004
INTEDG                            00000006
INTF                              00000001
IRP                               00000007
MPASM 5.84   TMR0_GECIKMELI_LEDYAKMA_PRJ.ASM   11-22-2021  19:00:25         PAGE  6


SYMBOL TABLE
  LABEL                             VALUE 

KACKEZ                            00000025
KESME_AYARLA                      0000002E
LED0                              0000001E
LED1                              00000021
NOT_A                             00000005
NOT_ADDRESS                       00000005
NOT_BO                            00000000
NOT_BOR                           00000000
NOT_DONE                          00000002
NOT_PD                            00000003
NOT_POR                           00000001
NOT_RBPU                          00000007
NOT_RC8                           00000006
NOT_T1SYNC                        00000002
NOT_TO                            00000004
NOT_TX8                           00000006
NOT_W                             00000002
NOT_WRITE                         00000002
OBF                               00000006
OERR                              00000001
OPTION_REG                        00000081
P                                 00000004
PCFG0                             00000000
PCFG1                             00000001
PCFG2                             00000002
PCFG3                             00000003
PCL                               00000002
PCLATH                            0000000A
PCON                              0000008E
PEIE                              00000006
PEN                               00000002
PIE1                              0000008C
PIE2                              0000008D
PIR1                              0000000C
PIR2                              0000000D
PORTA                             00000005
PORTA_AYARLA                      00000031
PORTB                             00000006
PORTB_AYARLA                      0000003B
PORTC                             00000007
PORTD                             00000008
PORTE                             00000009
PR2                               00000092
PS0                               00000000
PS1                               00000001
PS2                               00000002
PSA                               00000003
PSPIE                             00000007
PSPIF                             00000007
PSPMODE                           00000004
R                                 00000002
RA0                               00000000
RA1                               00000001
MPASM 5.84   TMR0_GECIKMELI_LEDYAKMA_PRJ.ASM   11-22-2021  19:00:25         PAGE  7


SYMBOL TABLE
  LABEL                             VALUE 

RA2                               00000002
RA3                               00000003
RA4                               00000004
RA5                               00000005
RB0                               00000000
RB1                               00000001
RB2                               00000002
RB3                               00000003
RB4                               00000004
RB5                               00000005
RB6                               00000006
RB7                               00000007
RBIE                              00000003
RBIF                              00000000
RC0                               00000000
RC1                               00000001
RC2                               00000002
RC3                               00000003
RC4                               00000004
RC5                               00000005
RC6                               00000006
RC7                               00000007
RC8_9                             00000006
RC9                               00000006
RCD8                              00000000
RCEN                              00000003
RCIE                              00000005
RCIF                              00000005
RCREG                             0000001A
RCSTA                             00000018
RD                                00000000
RD0                               00000000
RD1                               00000001
RD2                               00000002
RD3                               00000003
RD4                               00000004
RD5                               00000005
RD6                               00000006
RD7                               00000007
RE0                               00000000
RE1                               00000001
RE2                               00000002
READ_WRITE                        00000002
RP0                               00000005
RP1                               00000006
RSEN                              00000001
RX9                               00000006
RX9D                              00000000
R_NOT_W                           00000002
R_W                               00000002
S                                 00000003
SEN                               00000000
SMP                               00000007
MPASM 5.84   TMR0_GECIKMELI_LEDYAKMA_PRJ.ASM   11-22-2021  19:00:25         PAGE  8


SYMBOL TABLE
  LABEL                             VALUE 

SON                               00000048
SPBRG                             00000099
SPEN                              00000007
SREN                              00000005
SSPADD                            00000093
SSPBUF                            00000013
SSPCON                            00000014
SSPCON2                           00000091
SSPEN                             00000005
SSPIE                             00000003
SSPIF                             00000003
SSPM0                             00000000
SSPM1                             00000001
SSPM2                             00000002
SSPM3                             00000003
SSPOV                             00000006
SSPSTAT                           00000094
STATUS                            00000003
SYNC                              00000004
T0CS                              00000005
T0IE                              00000005
T0IF                              00000002
T0SE                              00000004
T1CKPS0                           00000004
T1CKPS1                           00000005
T1CON                             00000010
T1INSYNC                          00000002
T1OSCEN                           00000003
T1SYNC                            00000002
T2CKPS0                           00000000
T2CKPS1                           00000001
T2CON                             00000012
TMR0                              00000001
TMR0IE                            00000005
TMR0IF                            00000002
TMR0_ALTPROGRAM                   00000017
TMR0_AYARLA                       00000025
TMR1                              0000000E
TMR1CS                            00000001
TMR1H                             0000000F
TMR1IE                            00000000
TMR1IF                            00000000
TMR1L                             0000000E
TMR1ON                            00000000
TMR2                              00000011
TMR2IE                            00000001
TMR2IF                            00000001
TMR2ON                            00000002
TOUTPS0                           00000003
TOUTPS1                           00000004
TOUTPS2                           00000005
TOUTPS3                           00000006
TRISA                             00000085
MPASM 5.84   TMR0_GECIKMELI_LEDYAKMA_PRJ.ASM   11-22-2021  19:00:25         PAGE  9


SYMBOL TABLE
  LABEL                             VALUE 

TRISA0                            00000000
TRISA1                            00000001
TRISA2                            00000002
TRISA3                            00000003
TRISA4                            00000004
TRISA5                            00000005
TRISB                             00000086
TRISB0                            00000000
TRISB1                            00000001
TRISB2                            00000002
TRISB3                            00000003
TRISB4                            00000004
TRISB5                            00000005
TRISB6                            00000006
TRISB7                            00000007
TRISC                             00000087
TRISC0                            00000000
TRISC1                            00000001
TRISC2                            00000002
TRISC3                            00000003
TRISC4                            00000004
TRISC5                            00000005
TRISC6                            00000006
TRISC7                            00000007
TRISD                             00000088
TRISD0                            00000000
TRISD1                            00000001
TRISD2                            00000002
TRISD3                            00000003
TRISD4                            00000004
TRISD5                            00000005
TRISD6                            00000006
TRISD7                            00000007
TRISE                             00000089
TRISE0                            00000000
TRISE1                            00000001
TRISE2                            00000002
TRMT                              00000001
TX8_9                             00000006
TX9                               00000006
TX9D                              00000000
TXD8                              00000000
TXEN                              00000005
TXIE                              00000004
TXIF                              00000004
TXREG                             00000019
TXSTA                             00000098
UA                                00000001
W                                 00000000
WCOL                              00000007
WR                                00000001
WREN                              00000002
WRERR                             00000003
MPASM 5.84   TMR0_GECIKMELI_LEDYAKMA_PRJ.ASM   11-22-2021  19:00:25         PAGE 10


SYMBOL TABLE
  LABEL                             VALUE 

Z                                 00000002
_BODEN_OFF                        00003FBF
_BODEN_ON                         00003FFF
_BOREN_OFF                        00003FBF
_BOREN_ON                         00003FFF
_CONFIG                           00002007
_CPD_OFF                          00003FFF
_CPD_ON                           00003EFF
_CP_ALL                           00001FFF
_CP_OFF                           00003FFF
_CP_ON                            00001FFF
_DEBUG_OFF                        00003FFF
_DEBUG_ON                         000037FF
_DEVID1                           00002006
_FOSC_EXTRC                       00003FFF
_FOSC_HS                          00003FFE
_FOSC_LP                          00003FFC
_FOSC_XT                          00003FFD
_HS_OSC                           00003FFE
_IDLOC0                           00002000
_IDLOC1                           00002001
_IDLOC2                           00002002
_IDLOC3                           00002003
_LP_OSC                           00003FFC
_LVP_OFF                          00003F7F
_LVP_ON                           00003FFF
_PWRTE_OFF                        00003FFF
_PWRTE_ON                         00003FF7
_RC_OSC                           00003FFF
_WDTE_OFF                         00003FFB
_WDTE_ON                          00003FFF
_WDT_OFF                          00003FFB
_WDT_ON                           00003FFF
_WRT_1FOURTH                      00003BFF
_WRT_256                          00003DFF
_WRT_HALF                         000039FF
_WRT_OFF                          00003FFF
_XT_OSC                           00003FFD
__16F877A                         00000001
pclath_temp                       0000007F
status_temp                       0000007E
w_temp                            0000007D

Errors   :     0
Warnings :     0 reported,     0 suppressed
Messages :     4 reported,     0 suppressed

