MPASM 5.84                   DISPLAY_PRJ.ASM   11-6-2021  22:33:53         PAGE  1


LOC  OBJECT CODE     LINE SOURCE TEXT
  VALUE

                      00001         ;KODLAMA SABLONU
                      00002 
                      00003         list            p=16f877A       ; hangi pic
                      00004         #include        <p16f877A.inc>  ; SFR register 'lar?n tan?mland??? kutuphane
                      00001         LIST
                      00002 
                      00003 ;==========================================================================
                      00004 ; Build date : Mar 17 2019
                      00005 ;  MPASM PIC16F877A processor include
                      00006 ; 
                      00007 ;  (c) Copyright 1999-2019 Microchip Technology, All rights reserved
                      00008 ;==========================================================================
                      00009 
                      00567         LIST
                      00005         
2007   3F31           00006         __CONFIG H'3F31'
                      00007 
                      00008 ; WDT, ossilatör gibi register ayarlar?
                      00009 
                      00010         
                      00011 ;KULLANILACAK DEGISKENLER
                      00012         
  00000020            00013 VAR_1   EQU 0x20
  00000021            00014 VAR_2   EQU 0x21
  00000022            00015 VAR_3   EQU 0x22
  00000023            00016 VAR_4   EQU 0x23
                      00017         
  00000024            00018 VAR_SOL EQU 0x24
  00000025            00019 VAR_SAG EQU 0x25
                      00020         
  00000026            00021 VAR_TMP EQU 0x26
                      00022         
                      00023 ;***** Kesme durumunda kaydedilmesi gereken SFR ler icin kullanilacak yardimci degiskenler
  0000007D            00024 w_temp          EQU     0x7D            
  0000007E            00025 status_temp     EQU     0x7E            
  0000007F            00026 pclath_temp     EQU     0x7F                                    
                      00027 
                      00028 
                      00029 ;********************************************************************************************
                      00030         ORG     0x000                   ; Baslama vektoru
                      00031 
0000   0000           00032         nop                                                     ; ICD ozelliginin aktif edilmesi icin ge
                            reken bekleme 
0001   2???           00033         goto    BASLA                   ; baslama etiketine gir
                      00034 
                      00035         
                      00036 ;**********************************************************************************************
                      00037         ORG     0x004                   ; kesme vektoru
                      00038 
0004   00FD           00039         movwf   w_temp                  ; W n?n yedegini al
0005   0803           00040         movf    STATUS,w                ; Status un yedegini almak icin onu once W ya al
0006   00FE           00041         movwf   status_temp             ; Status u yedek register '?na al
0007   080A           00042         movf    PCLATH,w                        ; PCLATH '? yedeklemek icin onu once W 'ya al
MPASM 5.84                   DISPLAY_PRJ.ASM   11-6-2021  22:33:53         PAGE  2


LOC  OBJECT CODE     LINE SOURCE TEXT
  VALUE

0008   00FF           00043         movwf   pclath_temp                     ; PCLATH '? yedek register a al
                      00044 
                      00045         ; gerekli kodlar
                      00046 
0009   087F           00047         movf    pclath_temp,w           ; Geri donmeden once tum yedekleri geri yukle
000A   008A           00048         movwf   PCLATH                          
000B   087E           00049         movf    status_temp,w           
000C   0083           00050         movwf   STATUS                  
000D   0EFD           00051         swapf   w_temp,f 
000E   0E7D           00052         swapf   w_temp,w                
000F   0009           00053         retfie                          ; Kesme 'den don
                      00054 ;***********************************************************************************************
                      00055         
0010                  00056 GECIKME
0010   30C8           00057         MOVLW   0xC8
0011   00A2           00058         MOVWF   VAR_3
                      00059         
0012   3007           00060 LOOP3   MOVLW   0x07
0013   00A1           00061         MOVWF   VAR_2
                      00062         
0014   30FF           00063 LOOP2   MOVLW   0xFF
0015   00A0           00064         MOVWF   VAR_1
                      00065                 
0016   0BA0           00066 LOOP1   DECFSZ  VAR_1,F
0017   2???           00067         GOTO    LOOP1
                      00068         
0018   0BA1           00069         DECFSZ  VAR_2,F
0019   2???           00070         GOTO    LOOP2
                      00071         
001A   1805           00072         BTFSC   PORTA,0
001B   2???           00073         CALL    SUPURME_2
001C   2???           00074         CALL    SUPURME_1
                      00075         
001D   0BA2           00076         DECFSZ  VAR_3,F
001E   2???           00077         GOTO    LOOP3
                      00078 
001F   0008           00079         RETURN
                      00080 ;***********************************************************************************************
0020                  00081 SUPURME_1
0020   3002           00082         MOVLW   b'00000010'
0021   0085           00083         MOVWF   PORTA
0022   0008           00084         RETURN
0023                  00085 SUPURME_2
0023   3001           00086         MOVLW   b'00000001'
0024   0085           00087         MOVWF   PORTA
0025   0008           00088         RETURN
                      00089 ;***********************************************************************************************
0026                  00090 PORTA_AYARLA
0026   1683 1303      00091         BANKSEL TRISA
                      00092         
0028   3006           00093         MOVLW   0x06
Message[302]: Register in operand not in bank 0.  Ensure that bank bits are correct.
0029   009F           00094         MOVWF   ADCON1
MPASM 5.84                   DISPLAY_PRJ.ASM   11-6-2021  22:33:53         PAGE  3


LOC  OBJECT CODE     LINE SOURCE TEXT
  VALUE

                      00095         
002A   303C           00096         MOVLW   b'00111100'
Message[302]: Register in operand not in bank 0.  Ensure that bank bits are correct.
002B   0085           00097         MOVWF   TRISA
                      00098         
002C   0008           00099         RETURN
                      00100 ;***********************************************************************************************
002D                  00101 PORTB_AYARLA
002D   1683 1303      00102         BANKSEL TRISB
Message[302]: Register in operand not in bank 0.  Ensure that bank bits are correct.
002F   0186           00103         CLRF    TRISB
                      00104         
0030   1283 1303      00105         BANKSEL PORTB
0032   0186           00106         CLRF    PORTB
0033   0008           00107         RETURN
                      00108 ;***********************************************************************************************
0034                  00109 CONF?G
Warning[203]: Found opcode in column 1. (ADDWF)
0034   0782           00110 ADDWF   PCL,F
Warning[203]: Found opcode in column 1. (RETLW)
0035   343F           00111 RETLW   0x3F    ;0
Warning[203]: Found opcode in column 1. (RETLW)
0036   3406           00112 RETLW   0x06    ;1      
Warning[203]: Found opcode in column 1. (RETLW)
0037   345B           00113 RETLW   0x5B    ;2
Warning[203]: Found opcode in column 1. (RETLW)
0038   344F           00114 RETLW   0x4F    ;3
Warning[203]: Found opcode in column 1. (RETLW)
0039   3466           00115 RETLW   0x66    ;4
Warning[203]: Found opcode in column 1. (RETLW)
003A   346D           00116 RETLW   0x6D    ;5  
Warning[203]: Found opcode in column 1. (RETLW)
003B   347D           00117 RETLW   0x7D    ;6  
Warning[203]: Found opcode in column 1. (RETLW)
003C   3407           00118 RETLW   0x07    ;7
Warning[203]: Found opcode in column 1. (RETLW)
003D   347F           00119 RETLW   0x7F    ;8
Warning[203]: Found opcode in column 1. (RETLW)
003E   346F           00120 RETLW   0x6F    ;9
                      00121 ;***********************************************************************************************
003F                  00122 KONTROL
003F   3009           00123         MOVLW   d'9'
0040   0506           00124         ANDWF   PORTB,0
0041   00A6           00125         MOVWF   VAR_TMP
0042   1C26           00126         BTFSS   VAR_TMP,0
0043   2???           00127         CALL    SAG_ARTTIR
0044   2???           00128         CALL    SOL_ARTTIR
0045   0008           00129         RETURN
                      00130 ;***********************************************************************************************
0046                  00131 SAG_ARTTIR
0046   0AA5           00132         INCF    VAR_SAG,F
0047   0008           00133         RETURN  
0048                  00134 SOL_ARTTIR
MPASM 5.84                   DISPLAY_PRJ.ASM   11-6-2021  22:33:53         PAGE  4


LOC  OBJECT CODE     LINE SOURCE TEXT
  VALUE

0048   0AA4           00135         INCF    VAR_SOL,F
0049   0008           00136         RETURN
                      00137 ;***********************************************************************************************        
004A                  00138 BASLA   
004A   2???           00139         CALL    PORTA_AYARLA
004B   2???           00140         CALL    PORTB_AYARLA
                      00141         
004C   2???           00142 DD      CALL    GECIKME
004D   2???           00143         CALL    KONTROL
004E   2???           00144         GOTO    DD
                      00145         
3F31                  00146         END                       ; Program sonu
MPASM 5.84                   DISPLAY_PRJ.ASM   11-6-2021  22:33:53         PAGE  5


SYMBOL TABLE
  LABEL                             VALUE 

ACKDT                             00000005
ACKEN                             00000004
ACKSTAT                           00000006
ADCON0                            0000001F
ADCON1                            0000009F
ADCS0                             00000006
ADCS1                             00000007
ADCS2                             00000006
ADDEN                             00000003
ADFM                              00000007
ADIE                              00000006
ADIF                              00000006
ADON                              00000000
ADRESH                            0000001E
ADRESL                            0000009E
BASLA                             0000004A
BCLIE                             00000003
BCLIF                             00000003
BF                                00000000
BRGH                              00000002
C                                 00000000
C1INV                             00000004
C1OUT                             00000006
C2INV                             00000005
C2OUT                             00000007
CCP1CON                           00000017
CCP1IE                            00000002
CCP1IF                            00000002
CCP1M0                            00000000
CCP1M1                            00000001
CCP1M2                            00000002
CCP1M3                            00000003
CCP1X                             00000005
CCP1Y                             00000004
CCP2CON                           0000001D
CCP2IE                            00000000
CCP2IF                            00000000
CCP2M0                            00000000
CCP2M1                            00000001
CCP2M2                            00000002
CCP2M3                            00000003
CCP2X                             00000005
CCP2Y                             00000004
CCPR1                             00000015
CCPR1H                            00000016
CCPR1L                            00000015
CCPR2                             0000001B
CCPR2H                            0000001C
CCPR2L                            0000001B
CHS0                              00000003
CHS1                              00000004
CHS2                              00000005
CIS                               00000003
MPASM 5.84                   DISPLAY_PRJ.ASM   11-6-2021  22:33:53         PAGE  6


SYMBOL TABLE
  LABEL                             VALUE 

CKE                               00000006
CKP                               00000004
CM0                               00000000
CM1                               00000001
CM2                               00000002
CMCON                             0000009C
CMIE                              00000006
CMIF                              00000006
CONF?G                            00000034
CREN                              00000004
CSRC                              00000007
CVR0                              00000000
CVR1                              00000001
CVR2                              00000002
CVR3                              00000003
CVRCON                            0000009D
CVREN                             00000007
CVROE                             00000006
CVRR                              00000005
D                                 00000005
DATA_ADDRESS                      00000005
DC                                00000001
DD                                0000004C
D_A                               00000005
D_NOT_A                           00000005
EEADR                             0000010D
EEADRH                            0000010F
EECON1                            0000018C
EECON2                            0000018D
EEDATA                            0000010C
EEDATH                            0000010E
EEIE                              00000004
EEIF                              00000004
EEPGD                             00000007
F                                 00000001
FERR                              00000002
FSR                               00000004
GCEN                              00000007
GECIKME                           00000010
GIE                               00000007
GO                                00000002
GO_DONE                           00000002
GO_NOT_DONE                       00000002
I2C_DATA                          00000005
I2C_READ                          00000002
I2C_START                         00000003
I2C_STOP                          00000004
IBF                               00000007
IBOV                              00000005
INDF                              00000000
INTCON                            0000000B
INTE                              00000004
INTEDG                            00000006
MPASM 5.84                   DISPLAY_PRJ.ASM   11-6-2021  22:33:53         PAGE  7


SYMBOL TABLE
  LABEL                             VALUE 

INTF                              00000001
IRP                               00000007
KONTROL                           0000003F
LOOP1                             00000016
LOOP2                             00000014
LOOP3                             00000012
NOT_A                             00000005
NOT_ADDRESS                       00000005
NOT_BO                            00000000
NOT_BOR                           00000000
NOT_DONE                          00000002
NOT_PD                            00000003
NOT_POR                           00000001
NOT_RBPU                          00000007
NOT_RC8                           00000006
NOT_T1SYNC                        00000002
NOT_TO                            00000004
NOT_TX8                           00000006
NOT_W                             00000002
NOT_WRITE                         00000002
OBF                               00000006
OERR                              00000001
OPTION_REG                        00000081
P                                 00000004
PCFG0                             00000000
PCFG1                             00000001
PCFG2                             00000002
PCFG3                             00000003
PCL                               00000002
PCLATH                            0000000A
PCON                              0000008E
PEIE                              00000006
PEN                               00000002
PIE1                              0000008C
PIE2                              0000008D
PIR1                              0000000C
PIR2                              0000000D
PORTA                             00000005
PORTA_AYARLA                      00000026
PORTB                             00000006
PORTB_AYARLA                      0000002D
PORTC                             00000007
PORTD                             00000008
PORTE                             00000009
PR2                               00000092
PS0                               00000000
PS1                               00000001
PS2                               00000002
PSA                               00000003
PSPIE                             00000007
PSPIF                             00000007
PSPMODE                           00000004
R                                 00000002
MPASM 5.84                   DISPLAY_PRJ.ASM   11-6-2021  22:33:53         PAGE  8


SYMBOL TABLE
  LABEL                             VALUE 

RA0                               00000000
RA1                               00000001
RA2                               00000002
RA3                               00000003
RA4                               00000004
RA5                               00000005
RB0                               00000000
RB1                               00000001
RB2                               00000002
RB3                               00000003
RB4                               00000004
RB5                               00000005
RB6                               00000006
RB7                               00000007
RBIE                              00000003
RBIF                              00000000
RC0                               00000000
RC1                               00000001
RC2                               00000002
RC3                               00000003
RC4                               00000004
RC5                               00000005
RC6                               00000006
RC7                               00000007
RC8_9                             00000006
RC9                               00000006
RCD8                              00000000
RCEN                              00000003
RCIE                              00000005
RCIF                              00000005
RCREG                             0000001A
RCSTA                             00000018
RD                                00000000
RD0                               00000000
RD1                               00000001
RD2                               00000002
RD3                               00000003
RD4                               00000004
RD5                               00000005
RD6                               00000006
RD7                               00000007
RE0                               00000000
RE1                               00000001
RE2                               00000002
READ_WRITE                        00000002
RP0                               00000005
RP1                               00000006
RSEN                              00000001
RX9                               00000006
RX9D                              00000000
R_NOT_W                           00000002
R_W                               00000002
S                                 00000003
MPASM 5.84                   DISPLAY_PRJ.ASM   11-6-2021  22:33:53         PAGE  9


SYMBOL TABLE
  LABEL                             VALUE 

SAG_ARTTIR                        00000046
SEN                               00000000
SMP                               00000007
SOL_ARTTIR                        00000048
SPBRG                             00000099
SPEN                              00000007
SREN                              00000005
SSPADD                            00000093
SSPBUF                            00000013
SSPCON                            00000014
SSPCON2                           00000091
SSPEN                             00000005
SSPIE                             00000003
SSPIF                             00000003
SSPM0                             00000000
SSPM1                             00000001
SSPM2                             00000002
SSPM3                             00000003
SSPOV                             00000006
SSPSTAT                           00000094
STATUS                            00000003
SUPURME_1                         00000020
SUPURME_2                         00000023
SYNC                              00000004
T0CS                              00000005
T0IE                              00000005
T0IF                              00000002
T0SE                              00000004
T1CKPS0                           00000004
T1CKPS1                           00000005
T1CON                             00000010
T1INSYNC                          00000002
T1OSCEN                           00000003
T1SYNC                            00000002
T2CKPS0                           00000000
T2CKPS1                           00000001
T2CON                             00000012
TMR0                              00000001
TMR0IE                            00000005
TMR0IF                            00000002
TMR1                              0000000E
TMR1CS                            00000001
TMR1H                             0000000F
TMR1IE                            00000000
TMR1IF                            00000000
TMR1L                             0000000E
TMR1ON                            00000000
TMR2                              00000011
TMR2IE                            00000001
TMR2IF                            00000001
TMR2ON                            00000002
TOUTPS0                           00000003
TOUTPS1                           00000004
MPASM 5.84                   DISPLAY_PRJ.ASM   11-6-2021  22:33:53         PAGE 10


SYMBOL TABLE
  LABEL                             VALUE 

TOUTPS2                           00000005
TOUTPS3                           00000006
TRISA                             00000085
TRISA0                            00000000
TRISA1                            00000001
TRISA2                            00000002
TRISA3                            00000003
TRISA4                            00000004
TRISA5                            00000005
TRISB                             00000086
TRISB0                            00000000
TRISB1                            00000001
TRISB2                            00000002
TRISB3                            00000003
TRISB4                            00000004
TRISB5                            00000005
TRISB6                            00000006
TRISB7                            00000007
TRISC                             00000087
TRISC0                            00000000
TRISC1                            00000001
TRISC2                            00000002
TRISC3                            00000003
TRISC4                            00000004
TRISC5                            00000005
TRISC6                            00000006
TRISC7                            00000007
TRISD                             00000088
TRISD0                            00000000
TRISD1                            00000001
TRISD2                            00000002
TRISD3                            00000003
TRISD4                            00000004
TRISD5                            00000005
TRISD6                            00000006
TRISD7                            00000007
TRISE                             00000089
TRISE0                            00000000
TRISE1                            00000001
TRISE2                            00000002
TRMT                              00000001
TX8_9                             00000006
TX9                               00000006
TX9D                              00000000
TXD8                              00000000
TXEN                              00000005
TXIE                              00000004
TXIF                              00000004
TXREG                             00000019
TXSTA                             00000098
UA                                00000001
VAR_1                             00000020
VAR_2                             00000021
MPASM 5.84                   DISPLAY_PRJ.ASM   11-6-2021  22:33:53         PAGE 11


SYMBOL TABLE
  LABEL                             VALUE 

VAR_3                             00000022
VAR_4                             00000023
VAR_SAG                           00000025
VAR_SOL                           00000024
VAR_TMP                           00000026
W                                 00000000
WCOL                              00000007
WR                                00000001
WREN                              00000002
WRERR                             00000003
Z                                 00000002
_BODEN_OFF                        00003FBF
_BODEN_ON                         00003FFF
_BOREN_OFF                        00003FBF
_BOREN_ON                         00003FFF
_CONFIG                           00002007
_CPD_OFF                          00003FFF
_CPD_ON                           00003EFF
_CP_ALL                           00001FFF
_CP_OFF                           00003FFF
_CP_ON                            00001FFF
_DEBUG_OFF                        00003FFF
_DEBUG_ON                         000037FF
_DEVID1                           00002006
_FOSC_EXTRC                       00003FFF
_FOSC_HS                          00003FFE
_FOSC_LP                          00003FFC
_FOSC_XT                          00003FFD
_HS_OSC                           00003FFE
_IDLOC0                           00002000
_IDLOC1                           00002001
_IDLOC2                           00002002
_IDLOC3                           00002003
_LP_OSC                           00003FFC
_LVP_OFF                          00003F7F
_LVP_ON                           00003FFF
_PWRTE_OFF                        00003FFF
_PWRTE_ON                         00003FF7
_RC_OSC                           00003FFF
_WDTE_OFF                         00003FFB
_WDTE_ON                          00003FFF
_WDT_OFF                          00003FFB
_WDT_ON                           00003FFF
_WRT_1FOURTH                      00003BFF
_WRT_256                          00003DFF
_WRT_HALF                         000039FF
_WRT_OFF                          00003FFF
_XT_OSC                           00003FFD
__16F877A                         00000001
pclath_temp                       0000007F
status_temp                       0000007E
w_temp                            0000007D

MPASM 5.84                   DISPLAY_PRJ.ASM   11-6-2021  22:33:53         PAGE 12





Errors   :     0
Warnings :    11 reported,     0 suppressed
Messages :     3 reported,     0 suppressed

