MPASM 5.84               DENEME_TAHTASI2.ASM   11-23-2021  10:29:16         PAGE  1


LOC  OBJECT CODE     LINE SOURCE TEXT
  VALUE

                      00001         ;RB0 VE TMR0 KESME SABLONU
                      00002         list            p=16f877A       
                      00003         #include        <p16f877A.inc>  
                      00001         LIST
                      00002 
                      00003 ;==========================================================================
                      00004 ; Build date : Mar 17 2019
                      00005 ;  MPASM PIC16F877A processor include
                      00006 ; 
                      00007 ;  (c) Copyright 1999-2019 Microchip Technology, All rights reserved
                      00008 ;==========================================================================
                      00009 
                      00567         LIST
                      00004         
2007   3F31           00005         __CONFIG H'3F31'    
                      00006 
                      00007         
                      00008 ;KULLANILACAK DEGISKENLER
  00000020            00009 KACKEZ          EQU             0x20
                      00010 
                      00011 
                      00012 ;*** Kesme durumunda kaydedilmesi gereken SFR ler icin kullanilacak yardimci degiskenler
  0000007D            00013 w_temp          EQU             0x7D            
  0000007E            00014 status_temp     EQU             0x7E            
  0000007F            00015 pclath_temp     EQU             0x7F                                    
                      00016 
                      00017 
                      00018 ;*******************************************************************************************************
                            *****************
                      00019         ORG     0x000                   
                      00020 
0000   0000           00021         nop                                                     
0001   2???           00022         goto    BASLA              
                      00023 ;*******************************************************************************************************
                            *****************
                      00024         ORG     0x004                   
                      00025         
0004   00FD           00026         movwf   w_temp  
0005   0803           00027         movf    STATUS,w
0006   00FE           00028         movwf   status_temp
0007   080A           00029         movf    PCLATH,w
0008   00FF           00030         movwf   pclath_temp
                      00031         
0009   3006           00032         MOVLW   d'6'
000A   0081           00033         MOVWF   TMR0
                      00034         
000B   188B           00035         BTFSC   INTCON,INTF     
000C   2???           00036         CALL    RB0_ALTPROGRAM
000D   190B           00037         BTFSC   INTCON,T0IF     
000E   2???           00038         CALL    TMR0_ALTPROGRAM
                      00039         
000F                  00040 CIK 
000F   087F           00041         movf    pclath_temp,w
MPASM 5.84               DENEME_TAHTASI2.ASM   11-23-2021  10:29:16         PAGE  2


LOC  OBJECT CODE     LINE SOURCE TEXT
  VALUE

0010   008A           00042         movwf   PCLATH
0011   087E           00043         movf    status_temp,w
0012   0083           00044         movwf   STATUS
0013   0EFD           00045         swapf   w_temp,f
0014   0E7D           00046         swapf   w_temp,w
                      00047             
0015   0009           00048         retfie
                      00049 ;*******************************************************************************
0016                  00050 RB0_ALTPROGRAM
0016   108B           00051         BCF     INTCON,INTF
                      00052         
0017   3020           00053         MOVLW   b'00100000'
0018   0087           00054         MOVWF   PORTC
                      00055         
                      00056 
                      00057 
0019   0008           00058         RETURN
                      00059 ;*******************************************************************************
001A                  00060 TMR0_ALTPROGRAM
001A   110B           00061         BCF     INTCON,T0IF
                      00062          
                      00063         
001B   0BA0           00064         DECFSZ  KACKEZ,F
001C   0008           00065         RETURN
                      00066         
001D   3001           00067         MOVLW   b'00000001'
001E   0687           00068         XORWF   PORTC,F
                      00069         
001F   0008           00070         RETURN
                      00071 ;*******************************************************************************
0020                  00072 RAKAMLAR
0020   0782           00073         ADDWF   PCL,F
0021   343F           00074         RETLW   b'00111111' ;0
0022   3406           00075         RETLW   b'00000110' ;1
0023   345B           00076         RETLW   b'01011011' ;2
0024   344F           00077         RETLW   b'01001111' ;3
0025   3466           00078         RETLW   b'01100110' ;4
0026   346D           00079         RETLW   b'01101101' ;5
0027   347D           00080         RETLW   b'01111101' ;6  
0028   3407           00081         RETLW   b'00000111' ;7
0029   347F           00082         RETLW   b'01111111' ;8
002A   346F           00083         RETLW   b'01101111' ;9
                      00084 ;*******************************************************************************************************
                            *****************  
002B                  00085 TMR0_AYARLA
002B   1683 1303      00086         BANKSEL OPTION_REG
002D   3003           00087         MOVLW   b'00000011'         ;prescalar 1:32
Message[302]: Register in operand not in bank 0.  Ensure that bank bits are correct.
002E   0081           00088         MOVWF   OPTION_REG
                      00089             
002F   1283 1303      00090         BANKSEL TMR0
0031   3006           00091         MOVLW   d'6'    ;TMR0 100 degeri at
0032   0081           00092         MOVWF   TMR0
MPASM 5.84               DENEME_TAHTASI2.ASM   11-23-2021  10:29:16         PAGE  3


LOC  OBJECT CODE     LINE SOURCE TEXT
  VALUE

                      00093             
0033   0008           00094         RETURN
                      00095 ;*******************************************************************************************************
                            *****************           
0034                  00096 KEMSE_AYARLA
0034   168B           00097         BSF     INTCON,T0IE ;Timer 0 kesmesi aktif et
0035   160B           00098         BSF     INTCON,INTE ;RB0 kesmesi aktif et
0036   178B           00099         BSF     INTCON,GIE ;genel kesme aktif et
                      00100             
0037   0008           00101         RETURN
                      00102 ;*******************************************************************************************************
                            *****************
0038                  00103 PORTB_AYARLA
0038   1683 1303      00104         BANKSEL TRISB
003A   3001           00105         MOVLW   b'00000001'
Message[302]: Register in operand not in bank 0.  Ensure that bank bits are correct.
003B   0086           00106         MOVWF   TRISB
                      00107         
003C   1283 1303      00108         BANKSEL PORTB
003E   0186           00109         CLRF    PORTB
003F   0008           00110         RETURN
                      00111 ;*******************************************************************************************************
                            *****************
0040                  00112 PORTC_AYARLA
0040   1683 1303      00113         BANKSEL TRISC
Message[302]: Register in operand not in bank 0.  Ensure that bank bits are correct.
0042   0187           00114         CLRF    TRISC
                      00115         
0043   1283 1303      00116         BANKSEL PORTC
0045   0187           00117         CLRF    PORTC
0046   0008           00118         RETURN
                      00119 ;*******************************************************************************************************
                            *****************       
0047                  00120 BASLA
0047   30FA           00121         MOVLW   d'250'
0048   00A0           00122         MOVWF   KACKEZ
                      00123         
0049   2???           00124         CALL    TMR0_AYARLA
004A   2???           00125         CALL    KEMSE_AYARLA
004B   2???           00126         CALL    PORTB_AYARLA
004C   2???           00127         CALL    PORTC_AYARLA
                      00128         
004D   1003           00129         BCF     STATUS,C
004E   3082           00130         MOVLW   b'10000010'
004F   0087           00131         MOVWF   PORTC
                      00132         
0050                  00133 XD
0050   2???           00134         GOTO    XD
                      00135 
3F31                  00136         END
MPASM 5.84               DENEME_TAHTASI2.ASM   11-23-2021  10:29:16         PAGE  4


SYMBOL TABLE
  LABEL                             VALUE 

ACKDT                             00000005
ACKEN                             00000004
ACKSTAT                           00000006
ADCON0                            0000001F
ADCON1                            0000009F
ADCS0                             00000006
ADCS1                             00000007
ADCS2                             00000006
ADDEN                             00000003
ADFM                              00000007
ADIE                              00000006
ADIF                              00000006
ADON                              00000000
ADRESH                            0000001E
ADRESL                            0000009E
BASLA                             00000047
BCLIE                             00000003
BCLIF                             00000003
BF                                00000000
BRGH                              00000002
C                                 00000000
C1INV                             00000004
C1OUT                             00000006
C2INV                             00000005
C2OUT                             00000007
CCP1CON                           00000017
CCP1IE                            00000002
CCP1IF                            00000002
CCP1M0                            00000000
CCP1M1                            00000001
CCP1M2                            00000002
CCP1M3                            00000003
CCP1X                             00000005
CCP1Y                             00000004
CCP2CON                           0000001D
CCP2IE                            00000000
CCP2IF                            00000000
CCP2M0                            00000000
CCP2M1                            00000001
CCP2M2                            00000002
CCP2M3                            00000003
CCP2X                             00000005
CCP2Y                             00000004
CCPR1                             00000015
CCPR1H                            00000016
CCPR1L                            00000015
CCPR2                             0000001B
CCPR2H                            0000001C
CCPR2L                            0000001B
CHS0                              00000003
CHS1                              00000004
CHS2                              00000005
CIK                               0000000F
MPASM 5.84               DENEME_TAHTASI2.ASM   11-23-2021  10:29:16         PAGE  5


SYMBOL TABLE
  LABEL                             VALUE 

CIS                               00000003
CKE                               00000006
CKP                               00000004
CM0                               00000000
CM1                               00000001
CM2                               00000002
CMCON                             0000009C
CMIE                              00000006
CMIF                              00000006
CREN                              00000004
CSRC                              00000007
CVR0                              00000000
CVR1                              00000001
CVR2                              00000002
CVR3                              00000003
CVRCON                            0000009D
CVREN                             00000007
CVROE                             00000006
CVRR                              00000005
D                                 00000005
DATA_ADDRESS                      00000005
DC                                00000001
D_A                               00000005
D_NOT_A                           00000005
EEADR                             0000010D
EEADRH                            0000010F
EECON1                            0000018C
EECON2                            0000018D
EEDATA                            0000010C
EEDATH                            0000010E
EEIE                              00000004
EEIF                              00000004
EEPGD                             00000007
F                                 00000001
FERR                              00000002
FSR                               00000004
GCEN                              00000007
GIE                               00000007
GO                                00000002
GO_DONE                           00000002
GO_NOT_DONE                       00000002
I2C_DATA                          00000005
I2C_READ                          00000002
I2C_START                         00000003
I2C_STOP                          00000004
IBF                               00000007
IBOV                              00000005
INDF                              00000000
INTCON                            0000000B
INTE                              00000004
INTEDG                            00000006
INTF                              00000001
IRP                               00000007
MPASM 5.84               DENEME_TAHTASI2.ASM   11-23-2021  10:29:16         PAGE  6


SYMBOL TABLE
  LABEL                             VALUE 

KACKEZ                            00000020
KEMSE_AYARLA                      00000034
NOT_A                             00000005
NOT_ADDRESS                       00000005
NOT_BO                            00000000
NOT_BOR                           00000000
NOT_DONE                          00000002
NOT_PD                            00000003
NOT_POR                           00000001
NOT_RBPU                          00000007
NOT_RC8                           00000006
NOT_T1SYNC                        00000002
NOT_TO                            00000004
NOT_TX8                           00000006
NOT_W                             00000002
NOT_WRITE                         00000002
OBF                               00000006
OERR                              00000001
OPTION_REG                        00000081
P                                 00000004
PCFG0                             00000000
PCFG1                             00000001
PCFG2                             00000002
PCFG3                             00000003
PCL                               00000002
PCLATH                            0000000A
PCON                              0000008E
PEIE                              00000006
PEN                               00000002
PIE1                              0000008C
PIE2                              0000008D
PIR1                              0000000C
PIR2                              0000000D
PORTA                             00000005
PORTB                             00000006
PORTB_AYARLA                      00000038
PORTC                             00000007
PORTC_AYARLA                      00000040
PORTD                             00000008
PORTE                             00000009
PR2                               00000092
PS0                               00000000
PS1                               00000001
PS2                               00000002
PSA                               00000003
PSPIE                             00000007
PSPIF                             00000007
PSPMODE                           00000004
R                                 00000002
RA0                               00000000
RA1                               00000001
RA2                               00000002
RA3                               00000003
MPASM 5.84               DENEME_TAHTASI2.ASM   11-23-2021  10:29:16         PAGE  7


SYMBOL TABLE
  LABEL                             VALUE 

RA4                               00000004
RA5                               00000005
RAKAMLAR                          00000020
RB0                               00000000
RB0_ALTPROGRAM                    00000016
RB1                               00000001
RB2                               00000002
RB3                               00000003
RB4                               00000004
RB5                               00000005
RB6                               00000006
RB7                               00000007
RBIE                              00000003
RBIF                              00000000
RC0                               00000000
RC1                               00000001
RC2                               00000002
RC3                               00000003
RC4                               00000004
RC5                               00000005
RC6                               00000006
RC7                               00000007
RC8_9                             00000006
RC9                               00000006
RCD8                              00000000
RCEN                              00000003
RCIE                              00000005
RCIF                              00000005
RCREG                             0000001A
RCSTA                             00000018
RD                                00000000
RD0                               00000000
RD1                               00000001
RD2                               00000002
RD3                               00000003
RD4                               00000004
RD5                               00000005
RD6                               00000006
RD7                               00000007
RE0                               00000000
RE1                               00000001
RE2                               00000002
READ_WRITE                        00000002
RP0                               00000005
RP1                               00000006
RSEN                              00000001
RX9                               00000006
RX9D                              00000000
R_NOT_W                           00000002
R_W                               00000002
S                                 00000003
SEN                               00000000
SMP                               00000007
MPASM 5.84               DENEME_TAHTASI2.ASM   11-23-2021  10:29:16         PAGE  8


SYMBOL TABLE
  LABEL                             VALUE 

SPBRG                             00000099
SPEN                              00000007
SREN                              00000005
SSPADD                            00000093
SSPBUF                            00000013
SSPCON                            00000014
SSPCON2                           00000091
SSPEN                             00000005
SSPIE                             00000003
SSPIF                             00000003
SSPM0                             00000000
SSPM1                             00000001
SSPM2                             00000002
SSPM3                             00000003
SSPOV                             00000006
SSPSTAT                           00000094
STATUS                            00000003
SYNC                              00000004
T0CS                              00000005
T0IE                              00000005
T0IF                              00000002
T0SE                              00000004
T1CKPS0                           00000004
T1CKPS1                           00000005
T1CON                             00000010
T1INSYNC                          00000002
T1OSCEN                           00000003
T1SYNC                            00000002
T2CKPS0                           00000000
T2CKPS1                           00000001
T2CON                             00000012
TMR0                              00000001
TMR0IE                            00000005
TMR0IF                            00000002
TMR0_ALTPROGRAM                   0000001A
TMR0_AYARLA                       0000002B
TMR1                              0000000E
TMR1CS                            00000001
TMR1H                             0000000F
TMR1IE                            00000000
TMR1IF                            00000000
TMR1L                             0000000E
TMR1ON                            00000000
TMR2                              00000011
TMR2IE                            00000001
TMR2IF                            00000001
TMR2ON                            00000002
TOUTPS0                           00000003
TOUTPS1                           00000004
TOUTPS2                           00000005
TOUTPS3                           00000006
TRISA                             00000085
TRISA0                            00000000
MPASM 5.84               DENEME_TAHTASI2.ASM   11-23-2021  10:29:16         PAGE  9


SYMBOL TABLE
  LABEL                             VALUE 

TRISA1                            00000001
TRISA2                            00000002
TRISA3                            00000003
TRISA4                            00000004
TRISA5                            00000005
TRISB                             00000086
TRISB0                            00000000
TRISB1                            00000001
TRISB2                            00000002
TRISB3                            00000003
TRISB4                            00000004
TRISB5                            00000005
TRISB6                            00000006
TRISB7                            00000007
TRISC                             00000087
TRISC0                            00000000
TRISC1                            00000001
TRISC2                            00000002
TRISC3                            00000003
TRISC4                            00000004
TRISC5                            00000005
TRISC6                            00000006
TRISC7                            00000007
TRISD                             00000088
TRISD0                            00000000
TRISD1                            00000001
TRISD2                            00000002
TRISD3                            00000003
TRISD4                            00000004
TRISD5                            00000005
TRISD6                            00000006
TRISD7                            00000007
TRISE                             00000089
TRISE0                            00000000
TRISE1                            00000001
TRISE2                            00000002
TRMT                              00000001
TX8_9                             00000006
TX9                               00000006
TX9D                              00000000
TXD8                              00000000
TXEN                              00000005
TXIE                              00000004
TXIF                              00000004
TXREG                             00000019
TXSTA                             00000098
UA                                00000001
W                                 00000000
WCOL                              00000007
WR                                00000001
WREN                              00000002
WRERR                             00000003
XD                                00000050
MPASM 5.84               DENEME_TAHTASI2.ASM   11-23-2021  10:29:16         PAGE 10


SYMBOL TABLE
  LABEL                             VALUE 

Z                                 00000002
_BODEN_OFF                        00003FBF
_BODEN_ON                         00003FFF
_BOREN_OFF                        00003FBF
_BOREN_ON                         00003FFF
_CONFIG                           00002007
_CPD_OFF                          00003FFF
_CPD_ON                           00003EFF
_CP_ALL                           00001FFF
_CP_OFF                           00003FFF
_CP_ON                            00001FFF
_DEBUG_OFF                        00003FFF
_DEBUG_ON                         000037FF
_DEVID1                           00002006
_FOSC_EXTRC                       00003FFF
_FOSC_HS                          00003FFE
_FOSC_LP                          00003FFC
_FOSC_XT                          00003FFD
_HS_OSC                           00003FFE
_IDLOC0                           00002000
_IDLOC1                           00002001
_IDLOC2                           00002002
_IDLOC3                           00002003
_LP_OSC                           00003FFC
_LVP_OFF                          00003F7F
_LVP_ON                           00003FFF
_PWRTE_OFF                        00003FFF
_PWRTE_ON                         00003FF7
_RC_OSC                           00003FFF
_WDTE_OFF                         00003FFB
_WDTE_ON                          00003FFF
_WDT_OFF                          00003FFB
_WDT_ON                           00003FFF
_WRT_1FOURTH                      00003BFF
_WRT_256                          00003DFF
_WRT_HALF                         000039FF
_WRT_OFF                          00003FFF
_XT_OSC                           00003FFD
__16F877A                         00000001
pclath_temp                       0000007F
status_temp                       0000007E
w_temp                            0000007D

Errors   :     0
Warnings :     0 reported,     0 suppressed
Messages :     3 reported,     0 suppressed

